<?xml version="1.0" encoding="UTF-8"?>
<TestRun id="b456f199-c2a1-4832-8421-c9535ae8b5c6" name="Artak@ARTAK-PC 2012-06-03 14:31:17" runUser="Artak-PC\Artak" xmlns="http://microsoft.com/schemas/VisualStudio/TeamTest/2010">
  <TestSettings name="Local" id="06365d4d-a667-4a97-a950-eae68da8409b">
    <Description>These are default test settings for a local test run.</Description>
    <Deployment userDeploymentRoot="C:\Users\Artak\Desktop\complexnetwork\trunk\Complex Network\TestResults" useDefaultDeploymentRoot="false" runDeploymentRoot="Artak_ARTAK-PC 2012-06-03 14_31_17">
      <DeploymentItem filename="C:\Users\Artak\Desktop\complexnetwork\trunk\Complex Network\ResultStorage\bin\Debug\ResultStorage.dll" />
      <DeploymentItem filename="C:\Users\Artak\Desktop\complexnetwork\trunk\Complex Network\libs\log4net.dll" />
      <DeploymentItem filename="C:\Users\Artak\Desktop\complexnetwork\trunk\Complex Network\RandomGraphLauncher\bin\Debug\Models\ERmodel.dll" />
      <DeploymentItem filename="C:\Users\Artak\Desktop\complexnetwork\trunk\Complex Network\CommonLibrary\bin\Debug\CommonLibrary.dll" />
      <DeploymentItem filename="C:\Users\Artak\Desktop\complexnetwork\trunk\Complex Network\RandomGraphLauncher\bin\Debug\Models\WSModel.dll" />
      <DeploymentItem filename="C:\Users\Artak\Desktop\complexnetwork\trunk\Complex Network\GenericAlgorithms\bin\Debug\GenericAlgorithms.dll" />
      <DeploymentItem filename="C:\Users\Artak\Desktop\complexnetwork\trunk\Complex Network\RandomGraphLauncher\bin\Debug\Models\BAModel.dll" />
      <DeploymentItem filename="C:\Users\Artak\Desktop\complexnetwork\trunk\Complex Network\RandomGraphLauncher\bin\Debug\Models\HierarchicModel.dll" />
    </Deployment>
    <Execution>
      <TestTypeSpecific>
        <UnitTestRunConfig testTypeId="13cdc9d9-ddb5-4fa4-a97d-d965ccfc6d4b">
          <AssemblyResolution>
            <TestDirectory useLoadContext="true" />
          </AssemblyResolution>
        </UnitTestRunConfig>
        <WebTestRunConfiguration testTypeId="4e7599fa-5ecb-43e9-a887-cd63cf72d207">
          <Browser name="Internet Explorer 7.0">
            <Headers>
              <Header name="User-Agent" value="Mozilla/4.0 (compatible; MSIE 7.0; Windows NT 5.1)" />
              <Header name="Accept" value="*/*" />
              <Header name="Accept-Language" value="{{$IEAcceptLanguage}}" />
              <Header name="Accept-Encoding" value="GZIP" />
            </Headers>
          </Browser>
        </WebTestRunConfiguration>
      </TestTypeSpecific>
      <AgentRule name="LocalMachineDefaultRole">
      </AgentRule>
    </Execution>
  </TestSettings>
  <Times creation="2012-06-03T14:31:17.3559708+05:00" queuing="2012-06-03T14:31:17.8927972+05:00" start="2012-06-03T14:31:17.9808022+05:00" finish="2012-06-03T14:31:32.9852071+05:00" />
  <ResultSummary outcome="Error">
    <Counters total="32" executed="3" passed="2" error="0" failed="0" timeout="0" aborted="1" inconclusive="0" passedButRunAborted="0" notRunnable="0" notExecuted="29" disconnected="0" warning="0" completed="0" inProgress="0" pending="0" />
    <RunInfos>
      <RunInfo computerName="ARTAK-PC" outcome="Error" timestamp="2012-06-03T14:31:32.9812069+05:00">
        <Text>Test host process exited unexpectedly.</Text>
      </RunInfo>
    </RunInfos>
  </ResultSummary>
  <TestDefinitions>
    <UnitTest name="EigenValueTest" storage="c:\users\artak\desktop\complexnetwork\trunk\complex network\modelstests\bin\debug\modelstests.dll" id="3f6ee0d3-3570-2b7e-4bab-37a89495a94e">
      <Execution timeOut="100" id="40203d1b-799a-4823-860d-1054c709e119" />
      <DeploymentItems>
        <DeploymentItem filename="WSModelTestData//WSInput.txt" />
        <DeploymentItem filename="WSModelTestData//WSOutput.xml" />
      </DeploymentItems>
      <TestMethod codeBase="C:/Users/Artak/Desktop/complexnetwork/trunk/Complex Network/ModelsTests/bin/Debug/ModelsTests.DLL" adapterTypeName="Microsoft.VisualStudio.TestTools.TestTypes.Unit.UnitTestAdapter, Microsoft.VisualStudio.QualityTools.Tips.UnitTest.Adapter, Version=10.0.0.0, Culture=neutral, PublicKeyToken=b03f5f7f11d50a3a" className="ModelsTests.WSModelTest, ModelsTests, Version=1.0.0.0, Culture=neutral, PublicKeyToken=null" name="EigenValueTest" />
    </UnitTest>
    <UnitTest name="BAAveragePathTest" storage="c:\users\artak\desktop\complexnetwork\trunk\complex network\modelstests\bin\debug\modelstests.dll" id="529ca51b-424a-1e19-e041-295f6fe62ce4">
      <Execution timeOut="100000" id="da93da69-7b3a-43ab-ae14-4277351cdb8c" />
      <DeploymentItems>
        <DeploymentItem filename="BAModelTestData//BAInput.txt" />
        <DeploymentItem filename="BAModelTestData//BAOutput.xml" />
      </DeploymentItems>
      <TestMethod codeBase="C:/Users/Artak/Desktop/complexnetwork/trunk/Complex Network/ModelsTests/bin/Debug/ModelsTests.DLL" adapterTypeName="Microsoft.VisualStudio.TestTools.TestTypes.Unit.UnitTestAdapter, Microsoft.VisualStudio.QualityTools.Tips.UnitTest.Adapter, Version=10.0.0.0, Culture=neutral, PublicKeyToken=b03f5f7f11d50a3a" className="ModelsTests.BAModelTest, ModelsTests, Version=1.0.0.0, Culture=neutral, PublicKeyToken=null" name="BAAveragePathTest" />
    </UnitTest>
    <UnitTest name="Cycles4Test" storage="c:\users\artak\desktop\complexnetwork\trunk\complex network\modelstests\bin\debug\modelstests.dll" id="4d5520e0-f64f-3d1c-bed2-44b4d9347d22">
      <Execution timeOut="100" id="aac15d17-ca6a-44a7-9fb9-774d5b33b669" />
      <DeploymentItems>
        <DeploymentItem filename="WSModelTestData//WSInput.txt" />
        <DeploymentItem filename="WSModelTestData//WSOutput.xml" />
      </DeploymentItems>
      <TestMethod codeBase="C:/Users/Artak/Desktop/complexnetwork/trunk/Complex Network/ModelsTests/bin/Debug/ModelsTests.DLL" adapterTypeName="Microsoft.VisualStudio.TestTools.TestTypes.Unit.UnitTestAdapter, Microsoft.VisualStudio.QualityTools.Tips.UnitTest.Adapter, Version=10.0.0.0, Culture=neutral, PublicKeyToken=b03f5f7f11d50a3a" className="ModelsTests.WSModelTest, ModelsTests, Version=1.0.0.0, Culture=neutral, PublicKeyToken=null" name="Cycles4Test" />
    </UnitTest>
    <UnitTest name="ERCycles4Test" storage="c:\users\artak\desktop\complexnetwork\trunk\complex network\modelstests\bin\debug\modelstests.dll" id="4786793d-692a-fc8b-6e30-86a5570e82b7">
      <Execution timeOut="100000" id="8b95886b-33f3-48fa-b1a4-d9a084a6e9bf" />
      <DeploymentItems>
        <DeploymentItem filename="ERModelTestData//ERInput.txt" />
        <DeploymentItem filename="ERModelTestData//EROutput.xml" />
      </DeploymentItems>
      <TestMethod codeBase="C:/Users/Artak/Desktop/complexnetwork/trunk/Complex Network/ModelsTests/bin/Debug/ModelsTests.DLL" adapterTypeName="Microsoft.VisualStudio.TestTools.TestTypes.Unit.UnitTestAdapter, Microsoft.VisualStudio.QualityTools.Tips.UnitTest.Adapter, Version=10.0.0.0, Culture=neutral, PublicKeyToken=b03f5f7f11d50a3a" className="ModelsTests.ERModelTest, ModelsTests, Version=1.0.0.0, Culture=neutral, PublicKeyToken=null" name="ERCycles4Test" />
    </UnitTest>
    <UnitTest name="AveragePathTest" storage="c:\users\artak\desktop\complexnetwork\trunk\complex network\modelstests\bin\debug\modelstests.dll" id="10236cba-9b57-dfe0-f372-5bdd2158aba9">
      <Execution timeOut="100" id="9c90b4ba-36f4-4a4b-9c5b-8ba77591db15" />
      <DeploymentItems>
        <DeploymentItem filename="WSModelTestData//WSInput.txt" />
        <DeploymentItem filename="WSModelTestData//WSOutput.xml" />
      </DeploymentItems>
      <TestMethod codeBase="C:/Users/Artak/Desktop/complexnetwork/trunk/Complex Network/ModelsTests/bin/Debug/ModelsTests.DLL" adapterTypeName="Microsoft.VisualStudio.TestTools.TestTypes.Unit.UnitTestAdapter, Microsoft.VisualStudio.QualityTools.Tips.UnitTest.Adapter, Version=10.0.0.0, Culture=neutral, PublicKeyToken=b03f5f7f11d50a3a" className="ModelsTests.WSModelTest, ModelsTests, Version=1.0.0.0, Culture=neutral, PublicKeyToken=null" name="AveragePathTest" />
    </UnitTest>
    <UnitTest name="ERFullSubGraphTest" storage="c:\users\artak\desktop\complexnetwork\trunk\complex network\modelstests\bin\debug\modelstests.dll" id="769547a9-708d-428b-1b69-59e0a34bd815">
      <Execution timeOut="100000" id="6d47fdeb-c579-4712-873e-bc260dc075c1" />
      <DeploymentItems>
        <DeploymentItem filename="ERModelTestData//ERInput.txt" />
        <DeploymentItem filename="ERModelTestData//EROutput.xml" />
      </DeploymentItems>
      <TestMethod codeBase="C:/Users/Artak/Desktop/complexnetwork/trunk/Complex Network/ModelsTests/bin/Debug/ModelsTests.DLL" adapterTypeName="Microsoft.VisualStudio.TestTools.TestTypes.Unit.UnitTestAdapter, Microsoft.VisualStudio.QualityTools.Tips.UnitTest.Adapter, Version=10.0.0.0, Culture=neutral, PublicKeyToken=b03f5f7f11d50a3a" className="ModelsTests.ERModelTest, ModelsTests, Version=1.0.0.0, Culture=neutral, PublicKeyToken=null" name="ERFullSubGraphTest" />
    </UnitTest>
    <UnitTest name="CyclesTest" storage="c:\users\artak\desktop\complexnetwork\trunk\complex network\modelstests\bin\debug\modelstests.dll" id="95fc77d0-b4fa-d331-f0c6-2df324ff163a">
      <Execution timeOut="100" id="7931e243-b591-481c-b409-753ed17bf120" />
      <DeploymentItems>
        <DeploymentItem filename="WSModelTestData//WSInput.txt" />
        <DeploymentItem filename="WSModelTestData//WSOutput.xml" />
      </DeploymentItems>
      <TestMethod codeBase="C:/Users/Artak/Desktop/complexnetwork/trunk/Complex Network/ModelsTests/bin/Debug/ModelsTests.DLL" adapterTypeName="Microsoft.VisualStudio.TestTools.TestTypes.Unit.UnitTestAdapter, Microsoft.VisualStudio.QualityTools.Tips.UnitTest.Adapter, Version=10.0.0.0, Culture=neutral, PublicKeyToken=b03f5f7f11d50a3a" className="ModelsTests.WSModelTest, ModelsTests, Version=1.0.0.0, Culture=neutral, PublicKeyToken=null" name="CyclesTest" />
    </UnitTest>
    <UnitTest name="BACycles4Test" storage="c:\users\artak\desktop\complexnetwork\trunk\complex network\modelstests\bin\debug\modelstests.dll" id="be7bcd70-a5bf-1762-761b-affe1cc141a1">
      <Execution timeOut="100000" id="8b5ba3a4-72d1-4d87-bdc8-481879190546" />
      <DeploymentItems>
        <DeploymentItem filename="BAModelTestData//BAInput.txt" />
        <DeploymentItem filename="BAModelTestData//BAOutput.xml" />
      </DeploymentItems>
      <TestMethod codeBase="C:/Users/Artak/Desktop/complexnetwork/trunk/Complex Network/ModelsTests/bin/Debug/ModelsTests.DLL" adapterTypeName="Microsoft.VisualStudio.TestTools.TestTypes.Unit.UnitTestAdapter, Microsoft.VisualStudio.QualityTools.Tips.UnitTest.Adapter, Version=10.0.0.0, Culture=neutral, PublicKeyToken=b03f5f7f11d50a3a" className="ModelsTests.BAModelTest, ModelsTests, Version=1.0.0.0, Culture=neutral, PublicKeyToken=null" name="BACycles4Test" />
    </UnitTest>
    <UnitTest name="BAFullSubGraphTest" storage="c:\users\artak\desktop\complexnetwork\trunk\complex network\modelstests\bin\debug\modelstests.dll" id="78ca188d-ecbf-30aa-4302-e4849a978d18">
      <Execution timeOut="100000" id="920109e6-2297-4f95-b180-14526076375b" />
      <DeploymentItems>
        <DeploymentItem filename="BAModelTestData//BAInput.txt" />
        <DeploymentItem filename="BAModelTestData//BAOutput.xml" />
      </DeploymentItems>
      <TestMethod codeBase="C:/Users/Artak/Desktop/complexnetwork/trunk/Complex Network/ModelsTests/bin/Debug/ModelsTests.DLL" adapterTypeName="Microsoft.VisualStudio.TestTools.TestTypes.Unit.UnitTestAdapter, Microsoft.VisualStudio.QualityTools.Tips.UnitTest.Adapter, Version=10.0.0.0, Culture=neutral, PublicKeyToken=b03f5f7f11d50a3a" className="ModelsTests.BAModelTest, ModelsTests, Version=1.0.0.0, Culture=neutral, PublicKeyToken=null" name="BAFullSubGraphTest" />
    </UnitTest>
    <UnitTest name="ClusteringCoefficientTest" storage="c:\users\artak\desktop\complexnetwork\trunk\complex network\modelstests\bin\debug\modelstests.dll" id="aa3a78ac-0648-f256-c670-e431f6385b6f">
      <Execution timeOut="100" id="93b6adfc-2d33-45c9-955b-8bdf1319abbe" />
      <DeploymentItems>
        <DeploymentItem filename="WSModelTestData//WSInput.txt" />
        <DeploymentItem filename="WSModelTestData//WSOutput.xml" />
      </DeploymentItems>
      <TestMethod codeBase="C:/Users/Artak/Desktop/complexnetwork/trunk/Complex Network/ModelsTests/bin/Debug/ModelsTests.DLL" adapterTypeName="Microsoft.VisualStudio.TestTools.TestTypes.Unit.UnitTestAdapter, Microsoft.VisualStudio.QualityTools.Tips.UnitTest.Adapter, Version=10.0.0.0, Culture=neutral, PublicKeyToken=b03f5f7f11d50a3a" className="ModelsTests.WSModelTest, ModelsTests, Version=1.0.0.0, Culture=neutral, PublicKeyToken=null" name="ClusteringCoefficientTest" />
    </UnitTest>
    <UnitTest name="BADistEigenPathTest" storage="c:\users\artak\desktop\complexnetwork\trunk\complex network\modelstests\bin\debug\modelstests.dll" id="36cc869a-4de0-8973-837e-295f29c8dc78">
      <Execution timeOut="100000" id="2532e914-8b90-477f-abff-12288bbdb092" />
      <DeploymentItems>
        <DeploymentItem filename="BAModelTestData//BAInput.txt" />
        <DeploymentItem filename="BAModelTestData//BAOutput.xml" />
      </DeploymentItems>
      <TestMethod codeBase="C:/Users/Artak/Desktop/complexnetwork/trunk/Complex Network/ModelsTests/bin/Debug/ModelsTests.DLL" adapterTypeName="Microsoft.VisualStudio.TestTools.TestTypes.Unit.UnitTestAdapter, Microsoft.VisualStudio.QualityTools.Tips.UnitTest.Adapter, Version=10.0.0.0, Culture=neutral, PublicKeyToken=b03f5f7f11d50a3a" className="ModelsTests.BAModelTest, ModelsTests, Version=1.0.0.0, Culture=neutral, PublicKeyToken=null" name="BADistEigenPathTest" />
    </UnitTest>
    <UnitTest name="MinPathDistTest" storage="c:\users\artak\desktop\complexnetwork\trunk\complex network\modelstests\bin\debug\modelstests.dll" id="895a8e04-2717-39d0-137f-e866ab032d58">
      <Execution timeOut="100" id="3cecde93-5403-4d8c-832c-462c6cdd2883" />
      <DeploymentItems>
        <DeploymentItem filename="WSModelTestData//WSInput.txt" />
        <DeploymentItem filename="WSModelTestData//WSOutput.xml" />
      </DeploymentItems>
      <TestMethod codeBase="C:/Users/Artak/Desktop/complexnetwork/trunk/Complex Network/ModelsTests/bin/Debug/ModelsTests.DLL" adapterTypeName="Microsoft.VisualStudio.TestTools.TestTypes.Unit.UnitTestAdapter, Microsoft.VisualStudio.QualityTools.Tips.UnitTest.Adapter, Version=10.0.0.0, Culture=neutral, PublicKeyToken=b03f5f7f11d50a3a" className="ModelsTests.WSModelTest, ModelsTests, Version=1.0.0.0, Culture=neutral, PublicKeyToken=null" name="MinPathDistTest" />
    </UnitTest>
    <UnitTest name="BAMotivesTest" storage="c:\users\artak\desktop\complexnetwork\trunk\complex network\modelstests\bin\debug\modelstests.dll" id="ec1ad126-00b5-99f5-d9cf-d01acf6f658d">
      <Execution timeOut="100000" id="03ba8974-f00c-49f2-92e6-bb7755fee2cf" />
      <DeploymentItems>
        <DeploymentItem filename="BAModelTestData//BAInput.txt" />
        <DeploymentItem filename="BAModelTestData//BAOutput.xml" />
      </DeploymentItems>
      <TestMethod codeBase="C:/Users/Artak/Desktop/complexnetwork/trunk/Complex Network/ModelsTests/bin/Debug/ModelsTests.DLL" adapterTypeName="Microsoft.VisualStudio.TestTools.TestTypes.Unit.UnitTestAdapter, Microsoft.VisualStudio.QualityTools.Tips.UnitTest.Adapter, Version=10.0.0.0, Culture=neutral, PublicKeyToken=b03f5f7f11d50a3a" className="ModelsTests.BAModelTest, ModelsTests, Version=1.0.0.0, Culture=neutral, PublicKeyToken=null" name="BAMotivesTest" />
    </UnitTest>
    <UnitTest name="BADegreeDistributionTest" storage="c:\users\artak\desktop\complexnetwork\trunk\complex network\modelstests\bin\debug\modelstests.dll" id="de3eba91-9142-ae92-71e7-a0b12b643760">
      <Execution timeOut="100000" id="e58b72c4-a6fc-4d9f-828b-eb19d08680b4" />
      <DeploymentItems>
        <DeploymentItem filename="BAModelTestData//BAInput.txt" />
        <DeploymentItem filename="BAModelTestData//BAOutput.xml" />
      </DeploymentItems>
      <TestMethod codeBase="C:/Users/Artak/Desktop/complexnetwork/trunk/Complex Network/ModelsTests/bin/Debug/ModelsTests.DLL" adapterTypeName="Microsoft.VisualStudio.TestTools.TestTypes.Unit.UnitTestAdapter, Microsoft.VisualStudio.QualityTools.Tips.UnitTest.Adapter, Version=10.0.0.0, Culture=neutral, PublicKeyToken=b03f5f7f11d50a3a" className="ModelsTests.BAModelTest, ModelsTests, Version=1.0.0.0, Culture=neutral, PublicKeyToken=null" name="BADegreeDistributionTest" />
    </UnitTest>
    <UnitTest name="BAEigenValueTest" storage="c:\users\artak\desktop\complexnetwork\trunk\complex network\modelstests\bin\debug\modelstests.dll" id="8afb1dd9-d132-f512-1490-26f7fc0202e0">
      <Execution timeOut="100000" id="72be2aa6-825f-436f-b131-037f3b55311f" />
      <DeploymentItems>
        <DeploymentItem filename="BAModelTestData//BAInput.txt" />
        <DeploymentItem filename="BAModelTestData//BAOutput.xml" />
      </DeploymentItems>
      <TestMethod codeBase="C:/Users/Artak/Desktop/complexnetwork/trunk/Complex Network/ModelsTests/bin/Debug/ModelsTests.DLL" adapterTypeName="Microsoft.VisualStudio.TestTools.TestTypes.Unit.UnitTestAdapter, Microsoft.VisualStudio.QualityTools.Tips.UnitTest.Adapter, Version=10.0.0.0, Culture=neutral, PublicKeyToken=b03f5f7f11d50a3a" className="ModelsTests.BAModelTest, ModelsTests, Version=1.0.0.0, Culture=neutral, PublicKeyToken=null" name="BAEigenValueTest" />
    </UnitTest>
    <UnitTest name="ERDegreeDistributionTest" storage="c:\users\artak\desktop\complexnetwork\trunk\complex network\modelstests\bin\debug\modelstests.dll" id="bc7c2973-70c2-7d8e-2a94-e3623ae0f217">
      <Execution timeOut="100000" id="107ffae6-317f-4671-88d1-988d4005447f" />
      <DeploymentItems>
        <DeploymentItem filename="ERModelTestData//EROutput.xml" />
        <DeploymentItem filename="ERModelTestData//ERInput.txt" />
      </DeploymentItems>
      <TestMethod codeBase="C:/Users/Artak/Desktop/complexnetwork/trunk/Complex Network/ModelsTests/bin/Debug/ModelsTests.DLL" adapterTypeName="Microsoft.VisualStudio.TestTools.TestTypes.Unit.UnitTestAdapter, Microsoft.VisualStudio.QualityTools.Tips.UnitTest.Adapter, Version=10.0.0.0, Culture=neutral, PublicKeyToken=b03f5f7f11d50a3a" className="ModelsTests.ERModelTest, ModelsTests, Version=1.0.0.0, Culture=neutral, PublicKeyToken=null" name="ERDegreeDistributionTest" />
    </UnitTest>
    <UnitTest name="ERMinPathDistTest" storage="c:\users\artak\desktop\complexnetwork\trunk\complex network\modelstests\bin\debug\modelstests.dll" id="241c850e-1767-20c7-3823-7cdb3a877002">
      <Execution timeOut="100000" id="fc60a3dc-f842-4ce6-a9ac-0c400cf099ca" />
      <DeploymentItems>
        <DeploymentItem filename="ERModelTestData//ERInput.txt" />
        <DeploymentItem filename="ERModelTestData//EROutput.xml" />
      </DeploymentItems>
      <TestMethod codeBase="C:/Users/Artak/Desktop/complexnetwork/trunk/Complex Network/ModelsTests/bin/Debug/ModelsTests.DLL" adapterTypeName="Microsoft.VisualStudio.TestTools.TestTypes.Unit.UnitTestAdapter, Microsoft.VisualStudio.QualityTools.Tips.UnitTest.Adapter, Version=10.0.0.0, Culture=neutral, PublicKeyToken=b03f5f7f11d50a3a" className="ModelsTests.ERModelTest, ModelsTests, Version=1.0.0.0, Culture=neutral, PublicKeyToken=null" name="ERMinPathDistTest" />
    </UnitTest>
    <UnitTest name="BAMinPathDistTest" storage="c:\users\artak\desktop\complexnetwork\trunk\complex network\modelstests\bin\debug\modelstests.dll" id="4f18a51e-7135-51c7-cdfd-e029c9ebd5a5">
      <Execution timeOut="100000" id="83058558-4709-4f1e-bc1e-b27aeb49c960" />
      <DeploymentItems>
        <DeploymentItem filename="BAModelTestData//BAInput.txt" />
        <DeploymentItem filename="BAModelTestData//BAOutput.xml" />
      </DeploymentItems>
      <TestMethod codeBase="C:/Users/Artak/Desktop/complexnetwork/trunk/Complex Network/ModelsTests/bin/Debug/ModelsTests.DLL" adapterTypeName="Microsoft.VisualStudio.TestTools.TestTypes.Unit.UnitTestAdapter, Microsoft.VisualStudio.QualityTools.Tips.UnitTest.Adapter, Version=10.0.0.0, Culture=neutral, PublicKeyToken=b03f5f7f11d50a3a" className="ModelsTests.BAModelTest, ModelsTests, Version=1.0.0.0, Culture=neutral, PublicKeyToken=null" name="BAMinPathDistTest" />
    </UnitTest>
    <UnitTest name="ERClusteringCoefficientTest" storage="c:\users\artak\desktop\complexnetwork\trunk\complex network\modelstests\bin\debug\modelstests.dll" id="b3187619-d33c-cf03-a63b-f80f761ae2cc">
      <Execution timeOut="100000" id="075fe15d-e4ab-43f9-99f4-22fcc7ab3796" />
      <DeploymentItems>
        <DeploymentItem filename="ERModelTestData//ERInput.txt" />
        <DeploymentItem filename="ERModelTestData//EROutput.xml" />
      </DeploymentItems>
      <TestMethod codeBase="C:/Users/Artak/Desktop/complexnetwork/trunk/Complex Network/ModelsTests/bin/Debug/ModelsTests.DLL" adapterTypeName="Microsoft.VisualStudio.TestTools.TestTypes.Unit.UnitTestAdapter, Microsoft.VisualStudio.QualityTools.Tips.UnitTest.Adapter, Version=10.0.0.0, Culture=neutral, PublicKeyToken=b03f5f7f11d50a3a" className="ModelsTests.ERModelTest, ModelsTests, Version=1.0.0.0, Culture=neutral, PublicKeyToken=null" name="ERClusteringCoefficientTest" />
    </UnitTest>
    <UnitTest name="FullSubGraphTest" storage="c:\users\artak\desktop\complexnetwork\trunk\complex network\modelstests\bin\debug\modelstests.dll" id="279e726c-ee8d-0c66-4427-5552d22e7a5f">
      <Execution timeOut="100" id="fce19f52-c26a-4b5f-918d-acfcd09d6c1b" />
      <DeploymentItems>
        <DeploymentItem filename="WSModelTestData//WSInput.txt" />
        <DeploymentItem filename="WSModelTestData//WSOutput.xml" />
      </DeploymentItems>
      <TestMethod codeBase="C:/Users/Artak/Desktop/complexnetwork/trunk/Complex Network/ModelsTests/bin/Debug/ModelsTests.DLL" adapterTypeName="Microsoft.VisualStudio.TestTools.TestTypes.Unit.UnitTestAdapter, Microsoft.VisualStudio.QualityTools.Tips.UnitTest.Adapter, Version=10.0.0.0, Culture=neutral, PublicKeyToken=b03f5f7f11d50a3a" className="ModelsTests.WSModelTest, ModelsTests, Version=1.0.0.0, Culture=neutral, PublicKeyToken=null" name="FullSubGraphTest" />
    </UnitTest>
    <UnitTest name="BADiameterTest" storage="c:\users\artak\desktop\complexnetwork\trunk\complex network\modelstests\bin\debug\modelstests.dll" id="e836ab81-dd67-5300-249c-d7748cc04eb3">
      <Execution timeOut="100000" id="2d27da40-b35a-40dd-8020-028b48c67679" />
      <DeploymentItems>
        <DeploymentItem filename="BAModelTestData//BAInput.txt" />
        <DeploymentItem filename="BAModelTestData//BAOutput.xml" />
      </DeploymentItems>
      <TestMethod codeBase="C:/Users/Artak/Desktop/complexnetwork/trunk/Complex Network/ModelsTests/bin/Debug/ModelsTests.DLL" adapterTypeName="Microsoft.VisualStudio.TestTools.TestTypes.Unit.UnitTestAdapter, Microsoft.VisualStudio.QualityTools.Tips.UnitTest.Adapter, Version=10.0.0.0, Culture=neutral, PublicKeyToken=b03f5f7f11d50a3a" className="ModelsTests.BAModelTest, ModelsTests, Version=1.0.0.0, Culture=neutral, PublicKeyToken=null" name="BADiameterTest" />
    </UnitTest>
    <UnitTest name="ERCyclesTest" storage="c:\users\artak\desktop\complexnetwork\trunk\complex network\modelstests\bin\debug\modelstests.dll" id="490b5308-3b85-07ed-c42b-c14e2d465265">
      <Execution timeOut="100000" id="6bf615eb-8ddf-43b7-8746-917bfe318d04" />
      <DeploymentItems>
        <DeploymentItem filename="ERModelTestData//ERInput.txt" />
        <DeploymentItem filename="ERModelTestData//EROutput.xml" />
      </DeploymentItems>
      <TestMethod codeBase="C:/Users/Artak/Desktop/complexnetwork/trunk/Complex Network/ModelsTests/bin/Debug/ModelsTests.DLL" adapterTypeName="Microsoft.VisualStudio.TestTools.TestTypes.Unit.UnitTestAdapter, Microsoft.VisualStudio.QualityTools.Tips.UnitTest.Adapter, Version=10.0.0.0, Culture=neutral, PublicKeyToken=b03f5f7f11d50a3a" className="ModelsTests.ERModelTest, ModelsTests, Version=1.0.0.0, Culture=neutral, PublicKeyToken=null" name="ERCyclesTest" />
    </UnitTest>
    <UnitTest name="Cycles3Test" storage="c:\users\artak\desktop\complexnetwork\trunk\complex network\modelstests\bin\debug\modelstests.dll" id="09e4d43b-2f83-86ac-6f1b-70381c9c9a71">
      <Execution timeOut="100" id="3a9c27fb-7c7c-458e-97c9-a9d8279a390e" />
      <DeploymentItems>
        <DeploymentItem filename="WSModelTestData//WSInput.txt" />
        <DeploymentItem filename="WSModelTestData//WSOutput.xml" />
      </DeploymentItems>
      <TestMethod codeBase="C:/Users/Artak/Desktop/complexnetwork/trunk/Complex Network/ModelsTests/bin/Debug/ModelsTests.DLL" adapterTypeName="Microsoft.VisualStudio.TestTools.TestTypes.Unit.UnitTestAdapter, Microsoft.VisualStudio.QualityTools.Tips.UnitTest.Adapter, Version=10.0.0.0, Culture=neutral, PublicKeyToken=b03f5f7f11d50a3a" className="ModelsTests.WSModelTest, ModelsTests, Version=1.0.0.0, Culture=neutral, PublicKeyToken=null" name="Cycles3Test" />
    </UnitTest>
    <UnitTest name="EREigenValueTest" storage="c:\users\artak\desktop\complexnetwork\trunk\complex network\modelstests\bin\debug\modelstests.dll" id="da08eff5-3c25-929c-4b85-c7f90857ef0a">
      <Execution timeOut="100000" id="9d002070-f372-45f9-8833-981ac9d6b8c8" />
      <DeploymentItems>
        <DeploymentItem filename="ERModelTestData//ERInput.txt" />
        <DeploymentItem filename="ERModelTestData//EROutput.xml" />
      </DeploymentItems>
      <TestMethod codeBase="C:/Users/Artak/Desktop/complexnetwork/trunk/Complex Network/ModelsTests/bin/Debug/ModelsTests.DLL" adapterTypeName="Microsoft.VisualStudio.TestTools.TestTypes.Unit.UnitTestAdapter, Microsoft.VisualStudio.QualityTools.Tips.UnitTest.Adapter, Version=10.0.0.0, Culture=neutral, PublicKeyToken=b03f5f7f11d50a3a" className="ModelsTests.ERModelTest, ModelsTests, Version=1.0.0.0, Culture=neutral, PublicKeyToken=null" name="EREigenValueTest" />
    </UnitTest>
    <UnitTest name="ERAveragePathTest" storage="c:\users\artak\desktop\complexnetwork\trunk\complex network\modelstests\bin\debug\modelstests.dll" id="8c043ffa-8e32-7c78-0198-205244a44069">
      <Execution timeOut="100000" id="c04ed241-85cb-477b-bf23-7c809129f6bc" />
      <DeploymentItems>
        <DeploymentItem filename="ERModelTestData//EROutput.xml" />
        <DeploymentItem filename="ERModelTestData//ERInput.txt" />
      </DeploymentItems>
      <TestMethod codeBase="C:/Users/Artak/Desktop/complexnetwork/trunk/Complex Network/ModelsTests/bin/Debug/ModelsTests.DLL" adapterTypeName="Microsoft.VisualStudio.TestTools.TestTypes.Unit.UnitTestAdapter, Microsoft.VisualStudio.QualityTools.Tips.UnitTest.Adapter, Version=10.0.0.0, Culture=neutral, PublicKeyToken=b03f5f7f11d50a3a" className="ModelsTests.ERModelTest, ModelsTests, Version=1.0.0.0, Culture=neutral, PublicKeyToken=null" name="ERAveragePathTest" />
    </UnitTest>
    <UnitTest name="ERDistEigenPathTest" storage="c:\users\artak\desktop\complexnetwork\trunk\complex network\modelstests\bin\debug\modelstests.dll" id="9be689a9-7c18-e9b4-6583-fd2d175e0827">
      <Execution timeOut="100000" id="3dcc7426-8899-4904-a302-d96534884857" />
      <DeploymentItems>
        <DeploymentItem filename="ERModelTestData//ERInput.txt" />
        <DeploymentItem filename="ERModelTestData//EROutput.xml" />
      </DeploymentItems>
      <TestMethod codeBase="C:/Users/Artak/Desktop/complexnetwork/trunk/Complex Network/ModelsTests/bin/Debug/ModelsTests.DLL" adapterTypeName="Microsoft.VisualStudio.TestTools.TestTypes.Unit.UnitTestAdapter, Microsoft.VisualStudio.QualityTools.Tips.UnitTest.Adapter, Version=10.0.0.0, Culture=neutral, PublicKeyToken=b03f5f7f11d50a3a" className="ModelsTests.ERModelTest, ModelsTests, Version=1.0.0.0, Culture=neutral, PublicKeyToken=null" name="ERDistEigenPathTest" />
    </UnitTest>
    <UnitTest name="BACycles3Test" storage="c:\users\artak\desktop\complexnetwork\trunk\complex network\modelstests\bin\debug\modelstests.dll" id="9d7ce3ef-7f17-a6cd-3048-24c367acdc29">
      <Execution timeOut="100000" id="c640ac72-0366-4fcc-9d13-629bfbf8f99f" />
      <DeploymentItems>
        <DeploymentItem filename="BAModelTestData//BAInput.txt" />
        <DeploymentItem filename="BAModelTestData//BAOutput.xml" />
      </DeploymentItems>
      <TestMethod codeBase="C:/Users/Artak/Desktop/complexnetwork/trunk/Complex Network/ModelsTests/bin/Debug/ModelsTests.DLL" adapterTypeName="Microsoft.VisualStudio.TestTools.TestTypes.Unit.UnitTestAdapter, Microsoft.VisualStudio.QualityTools.Tips.UnitTest.Adapter, Version=10.0.0.0, Culture=neutral, PublicKeyToken=b03f5f7f11d50a3a" className="ModelsTests.BAModelTest, ModelsTests, Version=1.0.0.0, Culture=neutral, PublicKeyToken=null" name="BACycles3Test" />
    </UnitTest>
    <UnitTest name="ERCycles3Test" storage="c:\users\artak\desktop\complexnetwork\trunk\complex network\modelstests\bin\debug\modelstests.dll" id="3f376ebd-9216-9dd2-7561-8164ec7518ba">
      <Execution timeOut="100000" id="9e2d2221-bfdc-4415-91d9-9b2eda9ced39" />
      <DeploymentItems>
        <DeploymentItem filename="ERModelTestData//EROutput.xml" />
        <DeploymentItem filename="ERModelTestData//ERInput.txt" />
      </DeploymentItems>
      <TestMethod codeBase="C:/Users/Artak/Desktop/complexnetwork/trunk/Complex Network/ModelsTests/bin/Debug/ModelsTests.DLL" adapterTypeName="Microsoft.VisualStudio.TestTools.TestTypes.Unit.UnitTestAdapter, Microsoft.VisualStudio.QualityTools.Tips.UnitTest.Adapter, Version=10.0.0.0, Culture=neutral, PublicKeyToken=b03f5f7f11d50a3a" className="ModelsTests.ERModelTest, ModelsTests, Version=1.0.0.0, Culture=neutral, PublicKeyToken=null" name="ERCycles3Test" />
    </UnitTest>
    <UnitTest name="DegreeDistributionTest" storage="c:\users\artak\desktop\complexnetwork\trunk\complex network\modelstests\bin\debug\modelstests.dll" id="f1a0d255-0c61-cfee-ec58-91993a16ce5b">
      <Execution timeOut="100" id="b3c15b3b-017c-4659-9c01-34132a7b0198" />
      <DeploymentItems>
        <DeploymentItem filename="WSModelTestData//WSInput.txt" />
        <DeploymentItem filename="WSModelTestData//WSOutput.xml" />
      </DeploymentItems>
      <TestMethod codeBase="C:/Users/Artak/Desktop/complexnetwork/trunk/Complex Network/ModelsTests/bin/Debug/ModelsTests.DLL" adapterTypeName="Microsoft.VisualStudio.TestTools.TestTypes.Unit.UnitTestAdapter, Microsoft.VisualStudio.QualityTools.Tips.UnitTest.Adapter, Version=10.0.0.0, Culture=neutral, PublicKeyToken=b03f5f7f11d50a3a" className="ModelsTests.WSModelTest, ModelsTests, Version=1.0.0.0, Culture=neutral, PublicKeyToken=null" name="DegreeDistributionTest" />
    </UnitTest>
    <UnitTest name="BAClusteringCoefficientTest" storage="c:\users\artak\desktop\complexnetwork\trunk\complex network\modelstests\bin\debug\modelstests.dll" id="c56016bf-aecb-c4e5-dff8-64ee84a7a2fc">
      <Execution timeOut="100000" id="fa3d0582-0a89-4133-88fa-3980a638844b" />
      <DeploymentItems>
        <DeploymentItem filename="BAModelTestData//BAInput.txt" />
        <DeploymentItem filename="BAModelTestData//BAOutput.xml" />
      </DeploymentItems>
      <TestMethod codeBase="C:/Users/Artak/Desktop/complexnetwork/trunk/Complex Network/ModelsTests/bin/Debug/ModelsTests.DLL" adapterTypeName="Microsoft.VisualStudio.TestTools.TestTypes.Unit.UnitTestAdapter, Microsoft.VisualStudio.QualityTools.Tips.UnitTest.Adapter, Version=10.0.0.0, Culture=neutral, PublicKeyToken=b03f5f7f11d50a3a" className="ModelsTests.BAModelTest, ModelsTests, Version=1.0.0.0, Culture=neutral, PublicKeyToken=null" name="BAClusteringCoefficientTest" />
    </UnitTest>
    <UnitTest name="BACyclesTest" storage="c:\users\artak\desktop\complexnetwork\trunk\complex network\modelstests\bin\debug\modelstests.dll" id="1d3d5e79-fa88-2af3-4d68-29ce0a970817">
      <Execution timeOut="100000" id="abf7b671-a677-4208-a820-1d23349315cb" />
      <DeploymentItems>
        <DeploymentItem filename="BAModelTestData//BAInput.txt" />
        <DeploymentItem filename="BAModelTestData//BAOutput.xml" />
      </DeploymentItems>
      <TestMethod codeBase="C:/Users/Artak/Desktop/complexnetwork/trunk/Complex Network/ModelsTests/bin/Debug/ModelsTests.DLL" adapterTypeName="Microsoft.VisualStudio.TestTools.TestTypes.Unit.UnitTestAdapter, Microsoft.VisualStudio.QualityTools.Tips.UnitTest.Adapter, Version=10.0.0.0, Culture=neutral, PublicKeyToken=b03f5f7f11d50a3a" className="ModelsTests.BAModelTest, ModelsTests, Version=1.0.0.0, Culture=neutral, PublicKeyToken=null" name="BACyclesTest" />
    </UnitTest>
    <UnitTest name="DistEigenPathTest" storage="c:\users\artak\desktop\complexnetwork\trunk\complex network\modelstests\bin\debug\modelstests.dll" id="b4a11777-b4fb-ab62-177f-71796b5cfcb5">
      <Execution timeOut="100" id="6965353c-88f2-416d-b0ec-5999b748a66f" />
      <DeploymentItems>
        <DeploymentItem filename="WSModelTestData//WSInput.txt" />
        <DeploymentItem filename="WSModelTestData//WSOutput.xml" />
      </DeploymentItems>
      <TestMethod codeBase="C:/Users/Artak/Desktop/complexnetwork/trunk/Complex Network/ModelsTests/bin/Debug/ModelsTests.DLL" adapterTypeName="Microsoft.VisualStudio.TestTools.TestTypes.Unit.UnitTestAdapter, Microsoft.VisualStudio.QualityTools.Tips.UnitTest.Adapter, Version=10.0.0.0, Culture=neutral, PublicKeyToken=b03f5f7f11d50a3a" className="ModelsTests.WSModelTest, ModelsTests, Version=1.0.0.0, Culture=neutral, PublicKeyToken=null" name="DistEigenPathTest" />
    </UnitTest>
  </TestDefinitions>
  <TestLists>
    <TestList name="Results Not in a List" id="8c84fa94-04c1-424b-9868-57a2d4851a1d" />
    <TestList name="All Loaded Results" id="19431567-8539-422a-85d7-44ee4e166bda" />
  </TestLists>
  <TestEntries>
    <TestEntry testId="9be689a9-7c18-e9b4-6583-fd2d175e0827" executionId="3dcc7426-8899-4904-a302-d96534884857" testListId="8c84fa94-04c1-424b-9868-57a2d4851a1d" />
    <TestEntry testId="4f18a51e-7135-51c7-cdfd-e029c9ebd5a5" executionId="83058558-4709-4f1e-bc1e-b27aeb49c960" testListId="8c84fa94-04c1-424b-9868-57a2d4851a1d" />
    <TestEntry testId="f1a0d255-0c61-cfee-ec58-91993a16ce5b" executionId="b3c15b3b-017c-4659-9c01-34132a7b0198" testListId="8c84fa94-04c1-424b-9868-57a2d4851a1d" />
    <TestEntry testId="ec1ad126-00b5-99f5-d9cf-d01acf6f658d" executionId="03ba8974-f00c-49f2-92e6-bb7755fee2cf" testListId="8c84fa94-04c1-424b-9868-57a2d4851a1d" />
    <TestEntry testId="1d3d5e79-fa88-2af3-4d68-29ce0a970817" executionId="abf7b671-a677-4208-a820-1d23349315cb" testListId="8c84fa94-04c1-424b-9868-57a2d4851a1d" />
    <TestEntry testId="8c043ffa-8e32-7c78-0198-205244a44069" executionId="c04ed241-85cb-477b-bf23-7c809129f6bc" testListId="8c84fa94-04c1-424b-9868-57a2d4851a1d" />
    <TestEntry testId="36cc869a-4de0-8973-837e-295f29c8dc78" executionId="2532e914-8b90-477f-abff-12288bbdb092" testListId="8c84fa94-04c1-424b-9868-57a2d4851a1d" />
    <TestEntry testId="279e726c-ee8d-0c66-4427-5552d22e7a5f" executionId="fce19f52-c26a-4b5f-918d-acfcd09d6c1b" testListId="8c84fa94-04c1-424b-9868-57a2d4851a1d" />
    <TestEntry testId="769547a9-708d-428b-1b69-59e0a34bd815" executionId="6d47fdeb-c579-4712-873e-bc260dc075c1" testListId="8c84fa94-04c1-424b-9868-57a2d4851a1d" />
    <TestEntry testId="8afb1dd9-d132-f512-1490-26f7fc0202e0" executionId="72be2aa6-825f-436f-b131-037f3b55311f" testListId="8c84fa94-04c1-424b-9868-57a2d4851a1d" />
    <TestEntry testId="b4a11777-b4fb-ab62-177f-71796b5cfcb5" executionId="6965353c-88f2-416d-b0ec-5999b748a66f" testListId="8c84fa94-04c1-424b-9868-57a2d4851a1d" />
    <TestEntry testId="9d7ce3ef-7f17-a6cd-3048-24c367acdc29" executionId="c640ac72-0366-4fcc-9d13-629bfbf8f99f" testListId="8c84fa94-04c1-424b-9868-57a2d4851a1d" />
    <TestEntry testId="4786793d-692a-fc8b-6e30-86a5570e82b7" executionId="8b95886b-33f3-48fa-b1a4-d9a084a6e9bf" testListId="8c84fa94-04c1-424b-9868-57a2d4851a1d" />
    <TestEntry testId="4d5520e0-f64f-3d1c-bed2-44b4d9347d22" executionId="aac15d17-ca6a-44a7-9fb9-774d5b33b669" testListId="8c84fa94-04c1-424b-9868-57a2d4851a1d" />
    <TestEntry testId="3f6ee0d3-3570-2b7e-4bab-37a89495a94e" executionId="40203d1b-799a-4823-860d-1054c709e119" testListId="8c84fa94-04c1-424b-9868-57a2d4851a1d" />
    <TestEntry testId="be7bcd70-a5bf-1762-761b-affe1cc141a1" executionId="8b5ba3a4-72d1-4d87-bdc8-481879190546" testListId="8c84fa94-04c1-424b-9868-57a2d4851a1d" />
    <TestEntry testId="895a8e04-2717-39d0-137f-e866ab032d58" executionId="3cecde93-5403-4d8c-832c-462c6cdd2883" testListId="8c84fa94-04c1-424b-9868-57a2d4851a1d" />
    <TestEntry testId="95fc77d0-b4fa-d331-f0c6-2df324ff163a" executionId="7931e243-b591-481c-b409-753ed17bf120" testListId="8c84fa94-04c1-424b-9868-57a2d4851a1d" />
    <TestEntry testId="c56016bf-aecb-c4e5-dff8-64ee84a7a2fc" executionId="fa3d0582-0a89-4133-88fa-3980a638844b" testListId="8c84fa94-04c1-424b-9868-57a2d4851a1d" />
    <TestEntry testId="529ca51b-424a-1e19-e041-295f6fe62ce4" executionId="da93da69-7b3a-43ab-ae14-4277351cdb8c" testListId="8c84fa94-04c1-424b-9868-57a2d4851a1d" />
    <TestEntry testId="aa3a78ac-0648-f256-c670-e431f6385b6f" executionId="93b6adfc-2d33-45c9-955b-8bdf1319abbe" testListId="8c84fa94-04c1-424b-9868-57a2d4851a1d" />
    <TestEntry testId="bc7c2973-70c2-7d8e-2a94-e3623ae0f217" executionId="107ffae6-317f-4671-88d1-988d4005447f" testListId="8c84fa94-04c1-424b-9868-57a2d4851a1d" />
    <TestEntry testId="241c850e-1767-20c7-3823-7cdb3a877002" executionId="fc60a3dc-f842-4ce6-a9ac-0c400cf099ca" testListId="8c84fa94-04c1-424b-9868-57a2d4851a1d" />
    <TestEntry testId="490b5308-3b85-07ed-c42b-c14e2d465265" executionId="6bf615eb-8ddf-43b7-8746-917bfe318d04" testListId="8c84fa94-04c1-424b-9868-57a2d4851a1d" />
    <TestEntry testId="09e4d43b-2f83-86ac-6f1b-70381c9c9a71" executionId="3a9c27fb-7c7c-458e-97c9-a9d8279a390e" testListId="8c84fa94-04c1-424b-9868-57a2d4851a1d" />
    <TestEntry testId="b3187619-d33c-cf03-a63b-f80f761ae2cc" executionId="075fe15d-e4ab-43f9-99f4-22fcc7ab3796" testListId="8c84fa94-04c1-424b-9868-57a2d4851a1d" />
    <TestEntry testId="e836ab81-dd67-5300-249c-d7748cc04eb3" executionId="2d27da40-b35a-40dd-8020-028b48c67679" testListId="8c84fa94-04c1-424b-9868-57a2d4851a1d" />
    <TestEntry testId="3f376ebd-9216-9dd2-7561-8164ec7518ba" executionId="9e2d2221-bfdc-4415-91d9-9b2eda9ced39" testListId="8c84fa94-04c1-424b-9868-57a2d4851a1d" />
    <TestEntry testId="78ca188d-ecbf-30aa-4302-e4849a978d18" executionId="920109e6-2297-4f95-b180-14526076375b" testListId="8c84fa94-04c1-424b-9868-57a2d4851a1d" />
    <TestEntry testId="da08eff5-3c25-929c-4b85-c7f90857ef0a" executionId="9d002070-f372-45f9-8833-981ac9d6b8c8" testListId="8c84fa94-04c1-424b-9868-57a2d4851a1d" />
    <TestEntry testId="10236cba-9b57-dfe0-f372-5bdd2158aba9" executionId="9c90b4ba-36f4-4a4b-9c5b-8ba77591db15" testListId="8c84fa94-04c1-424b-9868-57a2d4851a1d" />
    <TestEntry testId="de3eba91-9142-ae92-71e7-a0b12b643760" executionId="e58b72c4-a6fc-4d9f-828b-eb19d08680b4" testListId="8c84fa94-04c1-424b-9868-57a2d4851a1d" />
  </TestEntries>
  <Results>
    <UnitTestResult executionId="3dcc7426-8899-4904-a302-d96534884857" testId="9be689a9-7c18-e9b4-6583-fd2d175e0827" testName="ERDistEigenPathTest" computerName="ARTAK-PC" duration="00:00:00.1365773" startTime="2012-06-03T14:31:18.0378055+05:00" endTime="2012-06-03T14:31:18.7526432+05:00" testType="13cdc9d9-ddb5-4fa4-a97d-d965ccfc6d4b" outcome="Passed" testListId="8c84fa94-04c1-424b-9868-57a2d4851a1d" relativeResultsDirectory="3dcc7426-8899-4904-a302-d96534884857">
    </UnitTestResult>
    <UnitTestResult executionId="83058558-4709-4f1e-bc1e-b27aeb49c960" testId="4f18a51e-7135-51c7-cdfd-e029c9ebd5a5" testName="BAMinPathDistTest" computerName="ARTAK-PC" duration="00:00:12.0443460" startTime="2012-06-03T14:31:18.7756445+05:00" endTime="2012-06-03T14:31:30.8292914+05:00" testType="13cdc9d9-ddb5-4fa4-a97d-d965ccfc6d4b" outcome="Passed" testListId="8c84fa94-04c1-424b-9868-57a2d4851a1d" relativeResultsDirectory="83058558-4709-4f1e-bc1e-b27aeb49c960">
    </UnitTestResult>
    <UnitTestResult executionId="b3c15b3b-017c-4659-9c01-34132a7b0198" testId="f1a0d255-0c61-cfee-ec58-91993a16ce5b" testName="DegreeDistributionTest" computerName="ARTAK-PC" duration="00:00:02.1459151" startTime="2012-06-03T14:31:30.8362918+05:00" endTime="2012-06-03T14:31:32.9822069+05:00" testType="13cdc9d9-ddb5-4fa4-a97d-d965ccfc6d4b" outcome="Aborted" testListId="8c84fa94-04c1-424b-9868-57a2d4851a1d" relativeResultsDirectory="b3c15b3b-017c-4659-9c01-34132a7b0198">
    </UnitTestResult>
    <UnitTestResult executionId="03ba8974-f00c-49f2-92e6-bb7755fee2cf" testId="ec1ad126-00b5-99f5-d9cf-d01acf6f658d" testName="BAMotivesTest" computerName="ARTAK-PC" testType="13cdc9d9-ddb5-4fa4-a97d-d965ccfc6d4b" outcome="NotExecuted" testListId="8c84fa94-04c1-424b-9868-57a2d4851a1d" relativeResultsDirectory="03ba8974-f00c-49f2-92e6-bb7755fee2cf">
    </UnitTestResult>
    <UnitTestResult executionId="abf7b671-a677-4208-a820-1d23349315cb" testId="1d3d5e79-fa88-2af3-4d68-29ce0a970817" testName="BACyclesTest" computerName="ARTAK-PC" testType="13cdc9d9-ddb5-4fa4-a97d-d965ccfc6d4b" outcome="NotExecuted" testListId="8c84fa94-04c1-424b-9868-57a2d4851a1d" relativeResultsDirectory="abf7b671-a677-4208-a820-1d23349315cb">
    </UnitTestResult>
    <UnitTestResult executionId="c04ed241-85cb-477b-bf23-7c809129f6bc" testId="8c043ffa-8e32-7c78-0198-205244a44069" testName="ERAveragePathTest" computerName="ARTAK-PC" testType="13cdc9d9-ddb5-4fa4-a97d-d965ccfc6d4b" outcome="NotExecuted" testListId="8c84fa94-04c1-424b-9868-57a2d4851a1d" relativeResultsDirectory="c04ed241-85cb-477b-bf23-7c809129f6bc">
    </UnitTestResult>
    <UnitTestResult executionId="2532e914-8b90-477f-abff-12288bbdb092" testId="36cc869a-4de0-8973-837e-295f29c8dc78" testName="BADistEigenPathTest" computerName="ARTAK-PC" testType="13cdc9d9-ddb5-4fa4-a97d-d965ccfc6d4b" outcome="NotExecuted" testListId="8c84fa94-04c1-424b-9868-57a2d4851a1d" relativeResultsDirectory="2532e914-8b90-477f-abff-12288bbdb092">
    </UnitTestResult>
    <UnitTestResult executionId="fce19f52-c26a-4b5f-918d-acfcd09d6c1b" testId="279e726c-ee8d-0c66-4427-5552d22e7a5f" testName="FullSubGraphTest" computerName="ARTAK-PC" testType="13cdc9d9-ddb5-4fa4-a97d-d965ccfc6d4b" outcome="NotExecuted" testListId="8c84fa94-04c1-424b-9868-57a2d4851a1d" relativeResultsDirectory="fce19f52-c26a-4b5f-918d-acfcd09d6c1b">
    </UnitTestResult>
    <UnitTestResult executionId="6d47fdeb-c579-4712-873e-bc260dc075c1" testId="769547a9-708d-428b-1b69-59e0a34bd815" testName="ERFullSubGraphTest" computerName="ARTAK-PC" testType="13cdc9d9-ddb5-4fa4-a97d-d965ccfc6d4b" outcome="NotExecuted" testListId="8c84fa94-04c1-424b-9868-57a2d4851a1d" relativeResultsDirectory="6d47fdeb-c579-4712-873e-bc260dc075c1">
    </UnitTestResult>
    <UnitTestResult executionId="72be2aa6-825f-436f-b131-037f3b55311f" testId="8afb1dd9-d132-f512-1490-26f7fc0202e0" testName="BAEigenValueTest" computerName="ARTAK-PC" testType="13cdc9d9-ddb5-4fa4-a97d-d965ccfc6d4b" outcome="NotExecuted" testListId="8c84fa94-04c1-424b-9868-57a2d4851a1d" relativeResultsDirectory="72be2aa6-825f-436f-b131-037f3b55311f">
    </UnitTestResult>
    <UnitTestResult executionId="6965353c-88f2-416d-b0ec-5999b748a66f" testId="b4a11777-b4fb-ab62-177f-71796b5cfcb5" testName="DistEigenPathTest" computerName="ARTAK-PC" testType="13cdc9d9-ddb5-4fa4-a97d-d965ccfc6d4b" outcome="NotExecuted" testListId="8c84fa94-04c1-424b-9868-57a2d4851a1d" relativeResultsDirectory="6965353c-88f2-416d-b0ec-5999b748a66f">
    </UnitTestResult>
    <UnitTestResult executionId="c640ac72-0366-4fcc-9d13-629bfbf8f99f" testId="9d7ce3ef-7f17-a6cd-3048-24c367acdc29" testName="BACycles3Test" computerName="ARTAK-PC" testType="13cdc9d9-ddb5-4fa4-a97d-d965ccfc6d4b" outcome="NotExecuted" testListId="8c84fa94-04c1-424b-9868-57a2d4851a1d" relativeResultsDirectory="c640ac72-0366-4fcc-9d13-629bfbf8f99f">
    </UnitTestResult>
    <UnitTestResult executionId="8b95886b-33f3-48fa-b1a4-d9a084a6e9bf" testId="4786793d-692a-fc8b-6e30-86a5570e82b7" testName="ERCycles4Test" computerName="ARTAK-PC" testType="13cdc9d9-ddb5-4fa4-a97d-d965ccfc6d4b" outcome="NotExecuted" testListId="8c84fa94-04c1-424b-9868-57a2d4851a1d" relativeResultsDirectory="8b95886b-33f3-48fa-b1a4-d9a084a6e9bf">
    </UnitTestResult>
    <UnitTestResult executionId="aac15d17-ca6a-44a7-9fb9-774d5b33b669" testId="4d5520e0-f64f-3d1c-bed2-44b4d9347d22" testName="Cycles4Test" computerName="ARTAK-PC" testType="13cdc9d9-ddb5-4fa4-a97d-d965ccfc6d4b" outcome="NotExecuted" testListId="8c84fa94-04c1-424b-9868-57a2d4851a1d" relativeResultsDirectory="aac15d17-ca6a-44a7-9fb9-774d5b33b669">
    </UnitTestResult>
    <UnitTestResult executionId="40203d1b-799a-4823-860d-1054c709e119" testId="3f6ee0d3-3570-2b7e-4bab-37a89495a94e" testName="EigenValueTest" computerName="ARTAK-PC" testType="13cdc9d9-ddb5-4fa4-a97d-d965ccfc6d4b" outcome="NotExecuted" testListId="8c84fa94-04c1-424b-9868-57a2d4851a1d" relativeResultsDirectory="40203d1b-799a-4823-860d-1054c709e119">
    </UnitTestResult>
    <UnitTestResult executionId="8b5ba3a4-72d1-4d87-bdc8-481879190546" testId="be7bcd70-a5bf-1762-761b-affe1cc141a1" testName="BACycles4Test" computerName="ARTAK-PC" testType="13cdc9d9-ddb5-4fa4-a97d-d965ccfc6d4b" outcome="NotExecuted" testListId="8c84fa94-04c1-424b-9868-57a2d4851a1d" relativeResultsDirectory="8b5ba3a4-72d1-4d87-bdc8-481879190546">
    </UnitTestResult>
    <UnitTestResult executionId="3cecde93-5403-4d8c-832c-462c6cdd2883" testId="895a8e04-2717-39d0-137f-e866ab032d58" testName="MinPathDistTest" computerName="ARTAK-PC" testType="13cdc9d9-ddb5-4fa4-a97d-d965ccfc6d4b" outcome="NotExecuted" testListId="8c84fa94-04c1-424b-9868-57a2d4851a1d" relativeResultsDirectory="3cecde93-5403-4d8c-832c-462c6cdd2883">
    </UnitTestResult>
    <UnitTestResult executionId="7931e243-b591-481c-b409-753ed17bf120" testId="95fc77d0-b4fa-d331-f0c6-2df324ff163a" testName="CyclesTest" computerName="ARTAK-PC" testType="13cdc9d9-ddb5-4fa4-a97d-d965ccfc6d4b" outcome="NotExecuted" testListId="8c84fa94-04c1-424b-9868-57a2d4851a1d" relativeResultsDirectory="7931e243-b591-481c-b409-753ed17bf120">
    </UnitTestResult>
    <UnitTestResult executionId="fa3d0582-0a89-4133-88fa-3980a638844b" testId="c56016bf-aecb-c4e5-dff8-64ee84a7a2fc" testName="BAClusteringCoefficientTest" computerName="ARTAK-PC" testType="13cdc9d9-ddb5-4fa4-a97d-d965ccfc6d4b" outcome="NotExecuted" testListId="8c84fa94-04c1-424b-9868-57a2d4851a1d" relativeResultsDirectory="fa3d0582-0a89-4133-88fa-3980a638844b">
    </UnitTestResult>
    <UnitTestResult executionId="da93da69-7b3a-43ab-ae14-4277351cdb8c" testId="529ca51b-424a-1e19-e041-295f6fe62ce4" testName="BAAveragePathTest" computerName="ARTAK-PC" testType="13cdc9d9-ddb5-4fa4-a97d-d965ccfc6d4b" outcome="NotExecuted" testListId="8c84fa94-04c1-424b-9868-57a2d4851a1d" relativeResultsDirectory="da93da69-7b3a-43ab-ae14-4277351cdb8c">
    </UnitTestResult>
    <UnitTestResult executionId="93b6adfc-2d33-45c9-955b-8bdf1319abbe" testId="aa3a78ac-0648-f256-c670-e431f6385b6f" testName="ClusteringCoefficientTest" computerName="ARTAK-PC" testType="13cdc9d9-ddb5-4fa4-a97d-d965ccfc6d4b" outcome="NotExecuted" testListId="8c84fa94-04c1-424b-9868-57a2d4851a1d" relativeResultsDirectory="93b6adfc-2d33-45c9-955b-8bdf1319abbe">
    </UnitTestResult>
    <UnitTestResult executionId="107ffae6-317f-4671-88d1-988d4005447f" testId="bc7c2973-70c2-7d8e-2a94-e3623ae0f217" testName="ERDegreeDistributionTest" computerName="ARTAK-PC" testType="13cdc9d9-ddb5-4fa4-a97d-d965ccfc6d4b" outcome="NotExecuted" testListId="8c84fa94-04c1-424b-9868-57a2d4851a1d" relativeResultsDirectory="107ffae6-317f-4671-88d1-988d4005447f">
    </UnitTestResult>
    <UnitTestResult executionId="fc60a3dc-f842-4ce6-a9ac-0c400cf099ca" testId="241c850e-1767-20c7-3823-7cdb3a877002" testName="ERMinPathDistTest" computerName="ARTAK-PC" testType="13cdc9d9-ddb5-4fa4-a97d-d965ccfc6d4b" outcome="NotExecuted" testListId="8c84fa94-04c1-424b-9868-57a2d4851a1d" relativeResultsDirectory="fc60a3dc-f842-4ce6-a9ac-0c400cf099ca">
    </UnitTestResult>
    <UnitTestResult executionId="6bf615eb-8ddf-43b7-8746-917bfe318d04" testId="490b5308-3b85-07ed-c42b-c14e2d465265" testName="ERCyclesTest" computerName="ARTAK-PC" testType="13cdc9d9-ddb5-4fa4-a97d-d965ccfc6d4b" outcome="NotExecuted" testListId="8c84fa94-04c1-424b-9868-57a2d4851a1d" relativeResultsDirectory="6bf615eb-8ddf-43b7-8746-917bfe318d04">
    </UnitTestResult>
    <UnitTestResult executionId="3a9c27fb-7c7c-458e-97c9-a9d8279a390e" testId="09e4d43b-2f83-86ac-6f1b-70381c9c9a71" testName="Cycles3Test" computerName="ARTAK-PC" testType="13cdc9d9-ddb5-4fa4-a97d-d965ccfc6d4b" outcome="NotExecuted" testListId="8c84fa94-04c1-424b-9868-57a2d4851a1d" relativeResultsDirectory="3a9c27fb-7c7c-458e-97c9-a9d8279a390e">
    </UnitTestResult>
    <UnitTestResult executionId="075fe15d-e4ab-43f9-99f4-22fcc7ab3796" testId="b3187619-d33c-cf03-a63b-f80f761ae2cc" testName="ERClusteringCoefficientTest" computerName="ARTAK-PC" testType="13cdc9d9-ddb5-4fa4-a97d-d965ccfc6d4b" outcome="NotExecuted" testListId="8c84fa94-04c1-424b-9868-57a2d4851a1d" relativeResultsDirectory="075fe15d-e4ab-43f9-99f4-22fcc7ab3796">
    </UnitTestResult>
    <UnitTestResult executionId="2d27da40-b35a-40dd-8020-028b48c67679" testId="e836ab81-dd67-5300-249c-d7748cc04eb3" testName="BADiameterTest" computerName="ARTAK-PC" testType="13cdc9d9-ddb5-4fa4-a97d-d965ccfc6d4b" outcome="NotExecuted" testListId="8c84fa94-04c1-424b-9868-57a2d4851a1d" relativeResultsDirectory="2d27da40-b35a-40dd-8020-028b48c67679">
    </UnitTestResult>
    <UnitTestResult executionId="9e2d2221-bfdc-4415-91d9-9b2eda9ced39" testId="3f376ebd-9216-9dd2-7561-8164ec7518ba" testName="ERCycles3Test" computerName="ARTAK-PC" testType="13cdc9d9-ddb5-4fa4-a97d-d965ccfc6d4b" outcome="NotExecuted" testListId="8c84fa94-04c1-424b-9868-57a2d4851a1d" relativeResultsDirectory="9e2d2221-bfdc-4415-91d9-9b2eda9ced39">
    </UnitTestResult>
    <UnitTestResult executionId="920109e6-2297-4f95-b180-14526076375b" testId="78ca188d-ecbf-30aa-4302-e4849a978d18" testName="BAFullSubGraphTest" computerName="ARTAK-PC" testType="13cdc9d9-ddb5-4fa4-a97d-d965ccfc6d4b" outcome="NotExecuted" testListId="8c84fa94-04c1-424b-9868-57a2d4851a1d" relativeResultsDirectory="920109e6-2297-4f95-b180-14526076375b">
    </UnitTestResult>
    <UnitTestResult executionId="9d002070-f372-45f9-8833-981ac9d6b8c8" testId="da08eff5-3c25-929c-4b85-c7f90857ef0a" testName="EREigenValueTest" computerName="ARTAK-PC" testType="13cdc9d9-ddb5-4fa4-a97d-d965ccfc6d4b" outcome="NotExecuted" testListId="8c84fa94-04c1-424b-9868-57a2d4851a1d" relativeResultsDirectory="9d002070-f372-45f9-8833-981ac9d6b8c8">
    </UnitTestResult>
    <UnitTestResult executionId="9c90b4ba-36f4-4a4b-9c5b-8ba77591db15" testId="10236cba-9b57-dfe0-f372-5bdd2158aba9" testName="AveragePathTest" computerName="ARTAK-PC" testType="13cdc9d9-ddb5-4fa4-a97d-d965ccfc6d4b" outcome="NotExecuted" testListId="8c84fa94-04c1-424b-9868-57a2d4851a1d" relativeResultsDirectory="9c90b4ba-36f4-4a4b-9c5b-8ba77591db15">
    </UnitTestResult>
    <UnitTestResult executionId="e58b72c4-a6fc-4d9f-828b-eb19d08680b4" testId="de3eba91-9142-ae92-71e7-a0b12b643760" testName="BADegreeDistributionTest" computerName="ARTAK-PC" testType="13cdc9d9-ddb5-4fa4-a97d-d965ccfc6d4b" outcome="NotExecuted" testListId="8c84fa94-04c1-424b-9868-57a2d4851a1d" relativeResultsDirectory="e58b72c4-a6fc-4d9f-828b-eb19d08680b4">
    </UnitTestResult>
  </Results>
</TestRun>