<?xml version="1.0" encoding="UTF-8"?>
<TestRun id="f0afd795-ed3d-4df8-8106-46c8b69d0823" name="Artak@ARTAK-ПК 2012-03-10 21:40:20" runUser="Artak-ПК\Artak" xmlns="http://microsoft.com/schemas/VisualStudio/TeamTest/2010">
  <TestSettings name="Default Test Settings" id="f83b825d-1692-49ee-ac65-8b9f1a2ac669">
    <Deployment runDeploymentRoot="Artak_ARTAK-ПК 2012-03-10 21_40_20">
      <DeploymentItem filename="C:\Users\Artak\Desktop\Complex Network\RandomGraphLauncher\bin\Debug\Models\BAModel.dll" />
      <DeploymentItem filename="C:\Users\Artak\Desktop\Complex Network\ResultStorage\bin\Debug\ResultStorage.dll" />
      <DeploymentItem filename="C:\Users\Artak\Desktop\Complex Network\RandomGraphLauncher\bin\Debug\Models\WSModel.dll" />
      <DeploymentItem filename="C:\Users\Artak\Desktop\Complex Network\RandomGraphLauncher\bin\Debug\Models\ERmodel.dll" />
      <DeploymentItem filename="C:\Users\Artak\Desktop\Complex Network\CommonLibrary\bin\Debug\CommonLibrary.dll" />
      <DeploymentItem filename="C:\Users\Artak\Desktop\Complex Network\RandomGraphLauncher\bin\Debug\Models\HierarchicModel.dll" />
    </Deployment>
    <Execution>
      <TestTypeSpecific />
      <AgentRule name="Execution Agents">
      </AgentRule>
    </Execution>
  </TestSettings>
  <Times creation="2012-03-10T21:40:20.8148944+04:00" queuing="2012-03-10T21:40:23.7930647+04:00" start="2012-03-10T21:40:24.0470793+04:00" finish="2012-03-10T21:40:25.0781382+04:00" />
  <ResultSummary outcome="Failed">
    <Counters total="2" executed="2" error="0" failed="2" timeout="0" aborted="0" inconclusive="0" passedButRunAborted="0" notRunnable="0" notExecuted="0" disconnected="0" warning="0" passed="0" completed="0" inProgress="0" pending="0" />
  </ResultSummary>
  <TestDefinitions>
    <UnitTest name="WSModelTest" storage="c:\users\artak\desktop\complex network\modelstests\bin\debug\modelstests.dll" id="a291f16b-dc90-9bb0-4f30-b27c62a2f47a">
      <Execution id="f1a49773-0bd9-4a7b-a3db-6a54310c4c8c" />
      <TestMethod codeBase="C:/Users/Artak/Desktop/Complex Network/ModelsTests/bin/Debug/ModelsTests.DLL" adapterTypeName="Microsoft.VisualStudio.TestTools.TestTypes.Unit.UnitTestAdapter, Microsoft.VisualStudio.QualityTools.Tips.UnitTest.Adapter, Version=10.0.0.0, Culture=neutral, PublicKeyToken=b03f5f7f11d50a3a" className="ModelsTests.Hierarchictests, ModelsTests, Version=1.0.0.0, Culture=neutral, PublicKeyToken=null" name="WSModelTest" />
    </UnitTest>
    <UnitTest name="WSModelTest1" storage="c:\users\artak\desktop\complex network\modelstests\bin\debug\modelstests.dll" id="17f20035-1550-187c-501c-9ef5130a0882">
      <Execution id="191e8460-4821-4ca5-846d-06761daf2738" />
      <TestMethod codeBase="C:/Users/Artak/Desktop/Complex Network/ModelsTests/bin/Debug/ModelsTests.DLL" adapterTypeName="Microsoft.VisualStudio.TestTools.TestTypes.Unit.UnitTestAdapter, Microsoft.VisualStudio.QualityTools.Tips.UnitTest.Adapter, Version=10.0.0.0, Culture=neutral, PublicKeyToken=b03f5f7f11d50a3a" className="ModelsTests.Hierarchictests, ModelsTests, Version=1.0.0.0, Culture=neutral, PublicKeyToken=null" name="WSModelTest1" />
    </UnitTest>
  </TestDefinitions>
  <TestLists>
    <TestList name="Results Not in a List" id="8c84fa94-04c1-424b-9868-57a2d4851a1d" />
    <TestList name="All Loaded Results" id="19431567-8539-422a-85d7-44ee4e166bda" />
  </TestLists>
  <TestEntries>
    <TestEntry testId="17f20035-1550-187c-501c-9ef5130a0882" executionId="191e8460-4821-4ca5-846d-06761daf2738" testListId="8c84fa94-04c1-424b-9868-57a2d4851a1d" />
    <TestEntry testId="a291f16b-dc90-9bb0-4f30-b27c62a2f47a" executionId="f1a49773-0bd9-4a7b-a3db-6a54310c4c8c" testListId="8c84fa94-04c1-424b-9868-57a2d4851a1d" />
  </TestEntries>
  <Results>
    <UnitTestResult executionId="191e8460-4821-4ca5-846d-06761daf2738" testId="17f20035-1550-187c-501c-9ef5130a0882" testName="WSModelTest1" computerName="ARTAK-ПК" duration="00:00:00.2341299" startTime="2012-03-10T21:40:24.1760866+04:00" endTime="2012-03-10T21:40:25.0331357+04:00" testType="13cdc9d9-ddb5-4fa4-a97d-d965ccfc6d4b" outcome="Failed" testListId="8c84fa94-04c1-424b-9868-57a2d4851a1d" relativeResultsDirectory="191e8460-4821-4ca5-846d-06761daf2738">
      <Output>
        <ErrorInfo>
          <Message>Test method ModelsTests.Hierarchictests.WSModelTest1 threw exception: 
System.IO.FileNotFoundException: Could not find file 'C:\ComplexNetwork\3c1a04a6-8869-4c8b-9213-6eed61125a5c.xml'.</Message>
          <StackTrace>    at System.IO.__Error.WinIOError(Int32 errorCode, String maybeFullPath)
   at System.IO.FileStream.Init(String path, FileMode mode, FileAccess access, Int32 rights, Boolean useRights, FileShare share, Int32 bufferSize, FileOptions options, SECURITY_ATTRIBUTES secAttrs, String msgPath, Boolean bFromProxy, Boolean useLongPath)
   at System.IO.FileStream..ctor(String path, FileMode mode, FileAccess access, FileShare share, Int32 bufferSize)
   at System.Xml.XmlDownloadManager.GetStream(Uri uri, ICredentials credentials, IWebProxy proxy, RequestCachePolicy cachePolicy)
   at System.Xml.XmlUrlResolver.GetEntity(Uri absoluteUri, String role, Type ofObjectToReturn)
   at System.Xml.XmlTextReaderImpl.OpenUrlDelegate(Object xmlResolver)
   at System.Threading.CompressedStack.runTryCode(Object userData)
   at System.Runtime.CompilerServices.RuntimeHelpers.ExecuteCodeWithGuaranteedCleanup(TryCode code, CleanupCode backoutCode, Object userData)
   at System.Threading.CompressedStack.Run(CompressedStack compressedStack, ContextCallback callback, Object state)
   at System.Xml.XmlTextReaderImpl.OpenUrl()
   at System.Xml.XmlTextReaderImpl.Read()
   at System.Xml.XmlLoader.Load(XmlDocument doc, XmlReader reader, Boolean preserveWhitespace)
   at System.Xml.XmlDocument.Load(XmlReader reader)
   at System.Xml.XmlDocument.Load(String filename)
   at ResultStorage.Storage.XMLResultStorage.Load(Guid assemblyID) in C:\Users\Artak\Desktop\Complex Network\ResultStorage\Storage\XMLResultStorage.cs:line 197
   at ModelsTests.Hierarchictests.WSModelTest1() in C:\Users\Artak\Desktop\Complex Network\ModelsTests\ModelTests.cs:line 68
</StackTrace>
        </ErrorInfo>
      </Output>
    </UnitTestResult>
    <UnitTestResult executionId="f1a49773-0bd9-4a7b-a3db-6a54310c4c8c" testId="a291f16b-dc90-9bb0-4f30-b27c62a2f47a" testName="WSModelTest" computerName="ARTAK-ПК" duration="00:00:00.0063779" startTime="2012-03-10T21:40:25.0371359+04:00" endTime="2012-03-10T21:40:25.0471365+04:00" testType="13cdc9d9-ddb5-4fa4-a97d-d965ccfc6d4b" outcome="Failed" testListId="8c84fa94-04c1-424b-9868-57a2d4851a1d" relativeResultsDirectory="f1a49773-0bd9-4a7b-a3db-6a54310c4c8c">
      <Output>
        <ErrorInfo>
          <Message>Test method ModelsTests.Hierarchictests.WSModelTest threw exception: 
System.IO.FileNotFoundException: Could not find file 'C:\ComplexNetwork\3c1a04a6-8869-4c8b-9213-6eed61125a5c.xml'.</Message>
          <StackTrace>    at System.IO.__Error.WinIOError(Int32 errorCode, String maybeFullPath)
   at System.IO.FileStream.Init(String path, FileMode mode, FileAccess access, Int32 rights, Boolean useRights, FileShare share, Int32 bufferSize, FileOptions options, SECURITY_ATTRIBUTES secAttrs, String msgPath, Boolean bFromProxy, Boolean useLongPath)
   at System.IO.FileStream..ctor(String path, FileMode mode, FileAccess access, FileShare share, Int32 bufferSize)
   at System.Xml.XmlDownloadManager.GetStream(Uri uri, ICredentials credentials, IWebProxy proxy, RequestCachePolicy cachePolicy)
   at System.Xml.XmlUrlResolver.GetEntity(Uri absoluteUri, String role, Type ofObjectToReturn)
   at System.Xml.XmlTextReaderImpl.OpenUrlDelegate(Object xmlResolver)
   at System.Threading.CompressedStack.runTryCode(Object userData)
   at System.Runtime.CompilerServices.RuntimeHelpers.ExecuteCodeWithGuaranteedCleanup(TryCode code, CleanupCode backoutCode, Object userData)
   at System.Threading.CompressedStack.Run(CompressedStack compressedStack, ContextCallback callback, Object state)
   at System.Xml.XmlTextReaderImpl.OpenUrl()
   at System.Xml.XmlTextReaderImpl.Read()
   at System.Xml.XmlLoader.Load(XmlDocument doc, XmlReader reader, Boolean preserveWhitespace)
   at System.Xml.XmlDocument.Load(XmlReader reader)
   at System.Xml.XmlDocument.Load(String filename)
   at ResultStorage.Storage.XMLResultStorage.Load(Guid assemblyID) in C:\Users\Artak\Desktop\Complex Network\ResultStorage\Storage\XMLResultStorage.cs:line 197
   at ModelsTests.Hierarchictests.WSModelTest() in C:\Users\Artak\Desktop\Complex Network\ModelsTests\ModelTests.cs:line 53
</StackTrace>
        </ErrorInfo>
      </Output>
    </UnitTestResult>
  </Results>
</TestRun>