<?xml version="1.0" encoding="UTF-8"?>
<TestRun id="fb9e8526-d04e-4c14-a2b9-9021a0c8f98f" name="Artak@ARTAK-PC 2012-06-03 14:31:15" runUser="Artak-PC\Artak" xmlns="http://microsoft.com/schemas/VisualStudio/TeamTest/2010">
  <TestSettings name="Local" id="06365d4d-a667-4a97-a950-eae68da8409b">
    <Description>These are default test settings for a local test run.</Description>
    <Deployment runDeploymentRoot="Artak_ARTAK-PC 2012-06-03 14_31_15">
      <DeploymentItem filename="C:\Users\Artak\Desktop\complexnetwork\trunk\Complex Network\ResultStorage\bin\Debug\ResultStorage.dll" />
      <DeploymentItem filename="C:\Users\Artak\Desktop\complexnetwork\trunk\Complex Network\RandomGraphLauncher\bin\Debug\Models\WSModel.dll" />
      <DeploymentItem filename="C:\Users\Artak\Desktop\complexnetwork\trunk\Complex Network\RandomGraphLauncher\bin\Debug\Models\ERmodel.dll" />
      <DeploymentItem filename="C:\Users\Artak\Desktop\complexnetwork\trunk\Complex Network\CommonLibrary\bin\Debug\CommonLibrary.dll" />
      <DeploymentItem filename="C:\Users\Artak\Desktop\complexnetwork\trunk\Complex Network\GenericAlgorithms\bin\Debug\GenericAlgorithms.dll" />
      <DeploymentItem filename="C:\Users\Artak\Desktop\complexnetwork\trunk\Complex Network\RandomGraphLauncher\bin\Debug\Models\BAModel.dll" />
      <DeploymentItem filename="C:\Users\Artak\Desktop\complexnetwork\trunk\Complex Network\libs\log4net.dll" />
      <DeploymentItem filename="C:\Users\Artak\Desktop\complexnetwork\trunk\Complex Network\RandomGraphLauncher\bin\Debug\Models\HierarchicModel.dll" />
    </Deployment>
    <Execution>
      <TestTypeSpecific>
        <UnitTestRunConfig testTypeId="13cdc9d9-ddb5-4fa4-a97d-d965ccfc6d4b">
          <AssemblyResolution>
            <TestDirectory useLoadContext="true" />
          </AssemblyResolution>
        </UnitTestRunConfig>
        <WebTestRunConfiguration testTypeId="4e7599fa-5ecb-43e9-a887-cd63cf72d207">
          <Browser name="Internet Explorer 7.0">
            <Headers>
              <Header name="User-Agent" value="Mozilla/4.0 (compatible; MSIE 7.0; Windows NT 5.1)" />
              <Header name="Accept" value="*/*" />
              <Header name="Accept-Language" value="{{$IEAcceptLanguage}}" />
              <Header name="Accept-Encoding" value="GZIP" />
            </Headers>
          </Browser>
        </WebTestRunConfiguration>
      </TestTypeSpecific>
      <AgentRule name="LocalMachineDefaultRole">
      </AgentRule>
    </Execution>
  </TestSettings>
  <Times creation="2012-06-03T14:31:15.5038698+05:00" queuing="2012-06-03T14:31:15.5038698+05:00" start="2012-06-03T14:31:15.5038698+05:00" finish="2012-06-03T14:31:16.2599109+05:00" />
  <ResultSummary outcome="Error">
    <Counters total="32" error="0" failed="0" timeout="0" aborted="0" inconclusive="0" passedButRunAborted="0" notRunnable="0" notExecuted="32" disconnected="0" warning="0" passed="0" completed="0" inProgress="0" pending="0" />
    <RunInfos>
      <RunInfo computerName="ARTAK-PC" outcome="Error" timestamp="2012-06-03T14:31:16.2569107+05:00">
        <Text>Failed to queue test run 'Artak@ARTAK-PC 2012-06-03 14:31:15': Unable to start program 'C:\Program Files (x86)\Microsoft Visual Studio 10.0\Common7\IDE\QTAgent32.exe'.

</Text>
        <Exception>System.Runtime.InteropServices.COMException (0x89710016): Unable to start program 'C:\Program Files (x86)\Microsoft Visual Studio 10.0\Common7\IDE\QTAgent32.exe'.


   at Microsoft.VisualStudio.TestTools.TestManagement.LocalControllerProxy.PrepareProcess(TestRun run)
   at Microsoft.VisualStudio.TestTools.TestManagement.LocalControllerProxy.InitializeController(TestRun run)
   at Microsoft.VisualStudio.TestTools.TestManagement.ControllerProxy.QueueTestRunWorker(Object state)</Exception>
      </RunInfo>
    </RunInfos>
  </ResultSummary>
  <TestDefinitions>
    <UnitTest name="EigenValueTest" storage="c:\users\artak\desktop\complexnetwork\trunk\complex network\modelstests\bin\debug\modelstests.dll" id="3f6ee0d3-3570-2b7e-4bab-37a89495a94e">
      <Execution timeOut="100" id="cd4dec55-5d76-418c-8643-b15dc9618264" />
      <DeploymentItems>
        <DeploymentItem filename="WSModelTestData//WSInput.txt" />
        <DeploymentItem filename="WSModelTestData//WSOutput.xml" />
      </DeploymentItems>
      <TestMethod codeBase="C:/Users/Artak/Desktop/complexnetwork/trunk/Complex Network/ModelsTests/bin/Debug/ModelsTests.DLL" adapterTypeName="Microsoft.VisualStudio.TestTools.TestTypes.Unit.UnitTestAdapter, Microsoft.VisualStudio.QualityTools.Tips.UnitTest.Adapter, Version=10.0.0.0, Culture=neutral, PublicKeyToken=b03f5f7f11d50a3a" className="ModelsTests.WSModelTest, ModelsTests, Version=1.0.0.0, Culture=neutral, PublicKeyToken=null" name="EigenValueTest" />
    </UnitTest>
    <UnitTest name="BAAveragePathTest" storage="c:\users\artak\desktop\complexnetwork\trunk\complex network\modelstests\bin\debug\modelstests.dll" id="529ca51b-424a-1e19-e041-295f6fe62ce4">
      <Execution timeOut="100000" id="f7f68bd4-408b-48a2-aa2a-8de1d0ade28e" />
      <DeploymentItems>
        <DeploymentItem filename="BAModelTestData//BAInput.txt" />
        <DeploymentItem filename="BAModelTestData//BAOutput.xml" />
      </DeploymentItems>
      <TestMethod codeBase="C:/Users/Artak/Desktop/complexnetwork/trunk/Complex Network/ModelsTests/bin/Debug/ModelsTests.DLL" adapterTypeName="Microsoft.VisualStudio.TestTools.TestTypes.Unit.UnitTestAdapter, Microsoft.VisualStudio.QualityTools.Tips.UnitTest.Adapter, Version=10.0.0.0, Culture=neutral, PublicKeyToken=b03f5f7f11d50a3a" className="ModelsTests.BAModelTest, ModelsTests, Version=1.0.0.0, Culture=neutral, PublicKeyToken=null" name="BAAveragePathTest" />
    </UnitTest>
    <UnitTest name="Cycles4Test" storage="c:\users\artak\desktop\complexnetwork\trunk\complex network\modelstests\bin\debug\modelstests.dll" id="4d5520e0-f64f-3d1c-bed2-44b4d9347d22">
      <Execution timeOut="100" id="a6ee36ff-7928-40f8-8101-15be63261528" />
      <DeploymentItems>
        <DeploymentItem filename="WSModelTestData//WSInput.txt" />
        <DeploymentItem filename="WSModelTestData//WSOutput.xml" />
      </DeploymentItems>
      <TestMethod codeBase="C:/Users/Artak/Desktop/complexnetwork/trunk/Complex Network/ModelsTests/bin/Debug/ModelsTests.DLL" adapterTypeName="Microsoft.VisualStudio.TestTools.TestTypes.Unit.UnitTestAdapter, Microsoft.VisualStudio.QualityTools.Tips.UnitTest.Adapter, Version=10.0.0.0, Culture=neutral, PublicKeyToken=b03f5f7f11d50a3a" className="ModelsTests.WSModelTest, ModelsTests, Version=1.0.0.0, Culture=neutral, PublicKeyToken=null" name="Cycles4Test" />
    </UnitTest>
    <UnitTest name="BACycles3Test" storage="c:\users\artak\desktop\complexnetwork\trunk\complex network\modelstests\bin\debug\modelstests.dll" id="9d7ce3ef-7f17-a6cd-3048-24c367acdc29">
      <Execution timeOut="100000" id="faa62fd0-59c9-4dab-9e58-472658504b41" />
      <DeploymentItems>
        <DeploymentItem filename="BAModelTestData//BAInput.txt" />
        <DeploymentItem filename="BAModelTestData//BAOutput.xml" />
      </DeploymentItems>
      <TestMethod codeBase="C:/Users/Artak/Desktop/complexnetwork/trunk/Complex Network/ModelsTests/bin/Debug/ModelsTests.DLL" adapterTypeName="Microsoft.VisualStudio.TestTools.TestTypes.Unit.UnitTestAdapter, Microsoft.VisualStudio.QualityTools.Tips.UnitTest.Adapter, Version=10.0.0.0, Culture=neutral, PublicKeyToken=b03f5f7f11d50a3a" className="ModelsTests.BAModelTest, ModelsTests, Version=1.0.0.0, Culture=neutral, PublicKeyToken=null" name="BACycles3Test" />
    </UnitTest>
    <UnitTest name="AveragePathTest" storage="c:\users\artak\desktop\complexnetwork\trunk\complex network\modelstests\bin\debug\modelstests.dll" id="10236cba-9b57-dfe0-f372-5bdd2158aba9">
      <Execution timeOut="100" id="87a26775-35a4-411f-ba7e-57e712ff6325" />
      <DeploymentItems>
        <DeploymentItem filename="WSModelTestData//WSInput.txt" />
        <DeploymentItem filename="WSModelTestData//WSOutput.xml" />
      </DeploymentItems>
      <TestMethod codeBase="C:/Users/Artak/Desktop/complexnetwork/trunk/Complex Network/ModelsTests/bin/Debug/ModelsTests.DLL" adapterTypeName="Microsoft.VisualStudio.TestTools.TestTypes.Unit.UnitTestAdapter, Microsoft.VisualStudio.QualityTools.Tips.UnitTest.Adapter, Version=10.0.0.0, Culture=neutral, PublicKeyToken=b03f5f7f11d50a3a" className="ModelsTests.WSModelTest, ModelsTests, Version=1.0.0.0, Culture=neutral, PublicKeyToken=null" name="AveragePathTest" />
    </UnitTest>
    <UnitTest name="ERFullSubGraphTest" storage="c:\users\artak\desktop\complexnetwork\trunk\complex network\modelstests\bin\debug\modelstests.dll" id="769547a9-708d-428b-1b69-59e0a34bd815">
      <Execution timeOut="100000" id="2eb1ee26-77a3-4c47-9908-d8c474452017" />
      <DeploymentItems>
        <DeploymentItem filename="ERModelTestData//ERInput.txt" />
        <DeploymentItem filename="ERModelTestData//EROutput.xml" />
      </DeploymentItems>
      <TestMethod codeBase="C:/Users/Artak/Desktop/complexnetwork/trunk/Complex Network/ModelsTests/bin/Debug/ModelsTests.DLL" adapterTypeName="Microsoft.VisualStudio.TestTools.TestTypes.Unit.UnitTestAdapter, Microsoft.VisualStudio.QualityTools.Tips.UnitTest.Adapter, Version=10.0.0.0, Culture=neutral, PublicKeyToken=b03f5f7f11d50a3a" className="ModelsTests.ERModelTest, ModelsTests, Version=1.0.0.0, Culture=neutral, PublicKeyToken=null" name="ERFullSubGraphTest" />
    </UnitTest>
    <UnitTest name="CyclesTest" storage="c:\users\artak\desktop\complexnetwork\trunk\complex network\modelstests\bin\debug\modelstests.dll" id="95fc77d0-b4fa-d331-f0c6-2df324ff163a">
      <Execution timeOut="100" id="e2d2059c-e5fc-48e1-92d4-211b769e3d57" />
      <DeploymentItems>
        <DeploymentItem filename="WSModelTestData//WSInput.txt" />
        <DeploymentItem filename="WSModelTestData//WSOutput.xml" />
      </DeploymentItems>
      <TestMethod codeBase="C:/Users/Artak/Desktop/complexnetwork/trunk/Complex Network/ModelsTests/bin/Debug/ModelsTests.DLL" adapterTypeName="Microsoft.VisualStudio.TestTools.TestTypes.Unit.UnitTestAdapter, Microsoft.VisualStudio.QualityTools.Tips.UnitTest.Adapter, Version=10.0.0.0, Culture=neutral, PublicKeyToken=b03f5f7f11d50a3a" className="ModelsTests.WSModelTest, ModelsTests, Version=1.0.0.0, Culture=neutral, PublicKeyToken=null" name="CyclesTest" />
    </UnitTest>
    <UnitTest name="BACycles4Test" storage="c:\users\artak\desktop\complexnetwork\trunk\complex network\modelstests\bin\debug\modelstests.dll" id="be7bcd70-a5bf-1762-761b-affe1cc141a1">
      <Execution timeOut="100000" id="64f2359d-9c5f-41fc-b255-0b7195099065" />
      <DeploymentItems>
        <DeploymentItem filename="BAModelTestData//BAInput.txt" />
        <DeploymentItem filename="BAModelTestData//BAOutput.xml" />
      </DeploymentItems>
      <TestMethod codeBase="C:/Users/Artak/Desktop/complexnetwork/trunk/Complex Network/ModelsTests/bin/Debug/ModelsTests.DLL" adapterTypeName="Microsoft.VisualStudio.TestTools.TestTypes.Unit.UnitTestAdapter, Microsoft.VisualStudio.QualityTools.Tips.UnitTest.Adapter, Version=10.0.0.0, Culture=neutral, PublicKeyToken=b03f5f7f11d50a3a" className="ModelsTests.BAModelTest, ModelsTests, Version=1.0.0.0, Culture=neutral, PublicKeyToken=null" name="BACycles4Test" />
    </UnitTest>
    <UnitTest name="BAFullSubGraphTest" storage="c:\users\artak\desktop\complexnetwork\trunk\complex network\modelstests\bin\debug\modelstests.dll" id="78ca188d-ecbf-30aa-4302-e4849a978d18">
      <Execution timeOut="100000" id="bcf83a7f-b67e-4830-818e-875bb3e53aa9" />
      <DeploymentItems>
        <DeploymentItem filename="BAModelTestData//BAInput.txt" />
        <DeploymentItem filename="BAModelTestData//BAOutput.xml" />
      </DeploymentItems>
      <TestMethod codeBase="C:/Users/Artak/Desktop/complexnetwork/trunk/Complex Network/ModelsTests/bin/Debug/ModelsTests.DLL" adapterTypeName="Microsoft.VisualStudio.TestTools.TestTypes.Unit.UnitTestAdapter, Microsoft.VisualStudio.QualityTools.Tips.UnitTest.Adapter, Version=10.0.0.0, Culture=neutral, PublicKeyToken=b03f5f7f11d50a3a" className="ModelsTests.BAModelTest, ModelsTests, Version=1.0.0.0, Culture=neutral, PublicKeyToken=null" name="BAFullSubGraphTest" />
    </UnitTest>
    <UnitTest name="ClusteringCoefficientTest" storage="c:\users\artak\desktop\complexnetwork\trunk\complex network\modelstests\bin\debug\modelstests.dll" id="aa3a78ac-0648-f256-c670-e431f6385b6f">
      <Execution timeOut="100" id="ab9041f0-9cd8-49c8-baf3-c4b009885c62" />
      <DeploymentItems>
        <DeploymentItem filename="WSModelTestData//WSInput.txt" />
        <DeploymentItem filename="WSModelTestData//WSOutput.xml" />
      </DeploymentItems>
      <TestMethod codeBase="C:/Users/Artak/Desktop/complexnetwork/trunk/Complex Network/ModelsTests/bin/Debug/ModelsTests.DLL" adapterTypeName="Microsoft.VisualStudio.TestTools.TestTypes.Unit.UnitTestAdapter, Microsoft.VisualStudio.QualityTools.Tips.UnitTest.Adapter, Version=10.0.0.0, Culture=neutral, PublicKeyToken=b03f5f7f11d50a3a" className="ModelsTests.WSModelTest, ModelsTests, Version=1.0.0.0, Culture=neutral, PublicKeyToken=null" name="ClusteringCoefficientTest" />
    </UnitTest>
    <UnitTest name="BADistEigenPathTest" storage="c:\users\artak\desktop\complexnetwork\trunk\complex network\modelstests\bin\debug\modelstests.dll" id="36cc869a-4de0-8973-837e-295f29c8dc78">
      <Execution timeOut="100000" id="1d556fa5-8d94-425a-ae3b-97508a08e4d7" />
      <DeploymentItems>
        <DeploymentItem filename="BAModelTestData//BAInput.txt" />
        <DeploymentItem filename="BAModelTestData//BAOutput.xml" />
      </DeploymentItems>
      <TestMethod codeBase="C:/Users/Artak/Desktop/complexnetwork/trunk/Complex Network/ModelsTests/bin/Debug/ModelsTests.DLL" adapterTypeName="Microsoft.VisualStudio.TestTools.TestTypes.Unit.UnitTestAdapter, Microsoft.VisualStudio.QualityTools.Tips.UnitTest.Adapter, Version=10.0.0.0, Culture=neutral, PublicKeyToken=b03f5f7f11d50a3a" className="ModelsTests.BAModelTest, ModelsTests, Version=1.0.0.0, Culture=neutral, PublicKeyToken=null" name="BADistEigenPathTest" />
    </UnitTest>
    <UnitTest name="MinPathDistTest" storage="c:\users\artak\desktop\complexnetwork\trunk\complex network\modelstests\bin\debug\modelstests.dll" id="895a8e04-2717-39d0-137f-e866ab032d58">
      <Execution timeOut="100" id="8cb9c342-bffe-42af-a86c-77b44daf21ab" />
      <DeploymentItems>
        <DeploymentItem filename="WSModelTestData//WSInput.txt" />
        <DeploymentItem filename="WSModelTestData//WSOutput.xml" />
      </DeploymentItems>
      <TestMethod codeBase="C:/Users/Artak/Desktop/complexnetwork/trunk/Complex Network/ModelsTests/bin/Debug/ModelsTests.DLL" adapterTypeName="Microsoft.VisualStudio.TestTools.TestTypes.Unit.UnitTestAdapter, Microsoft.VisualStudio.QualityTools.Tips.UnitTest.Adapter, Version=10.0.0.0, Culture=neutral, PublicKeyToken=b03f5f7f11d50a3a" className="ModelsTests.WSModelTest, ModelsTests, Version=1.0.0.0, Culture=neutral, PublicKeyToken=null" name="MinPathDistTest" />
    </UnitTest>
    <UnitTest name="BAMotivesTest" storage="c:\users\artak\desktop\complexnetwork\trunk\complex network\modelstests\bin\debug\modelstests.dll" id="ec1ad126-00b5-99f5-d9cf-d01acf6f658d">
      <Execution timeOut="100000" id="da83a255-3a6e-40e4-9f21-62ffb08ca008" />
      <DeploymentItems>
        <DeploymentItem filename="BAModelTestData//BAInput.txt" />
        <DeploymentItem filename="BAModelTestData//BAOutput.xml" />
      </DeploymentItems>
      <TestMethod codeBase="C:/Users/Artak/Desktop/complexnetwork/trunk/Complex Network/ModelsTests/bin/Debug/ModelsTests.DLL" adapterTypeName="Microsoft.VisualStudio.TestTools.TestTypes.Unit.UnitTestAdapter, Microsoft.VisualStudio.QualityTools.Tips.UnitTest.Adapter, Version=10.0.0.0, Culture=neutral, PublicKeyToken=b03f5f7f11d50a3a" className="ModelsTests.BAModelTest, ModelsTests, Version=1.0.0.0, Culture=neutral, PublicKeyToken=null" name="BAMotivesTest" />
    </UnitTest>
    <UnitTest name="BADegreeDistributionTest" storage="c:\users\artak\desktop\complexnetwork\trunk\complex network\modelstests\bin\debug\modelstests.dll" id="de3eba91-9142-ae92-71e7-a0b12b643760">
      <Execution timeOut="100000" id="f5d9320c-cc19-4195-bff5-7acedfa60530" />
      <DeploymentItems>
        <DeploymentItem filename="BAModelTestData//BAInput.txt" />
        <DeploymentItem filename="BAModelTestData//BAOutput.xml" />
      </DeploymentItems>
      <TestMethod codeBase="C:/Users/Artak/Desktop/complexnetwork/trunk/Complex Network/ModelsTests/bin/Debug/ModelsTests.DLL" adapterTypeName="Microsoft.VisualStudio.TestTools.TestTypes.Unit.UnitTestAdapter, Microsoft.VisualStudio.QualityTools.Tips.UnitTest.Adapter, Version=10.0.0.0, Culture=neutral, PublicKeyToken=b03f5f7f11d50a3a" className="ModelsTests.BAModelTest, ModelsTests, Version=1.0.0.0, Culture=neutral, PublicKeyToken=null" name="BADegreeDistributionTest" />
    </UnitTest>
    <UnitTest name="BAEigenValueTest" storage="c:\users\artak\desktop\complexnetwork\trunk\complex network\modelstests\bin\debug\modelstests.dll" id="8afb1dd9-d132-f512-1490-26f7fc0202e0">
      <Execution timeOut="100000" id="bf956b15-d4ce-4f4b-b980-610ee233eaba" />
      <DeploymentItems>
        <DeploymentItem filename="BAModelTestData//BAInput.txt" />
        <DeploymentItem filename="BAModelTestData//BAOutput.xml" />
      </DeploymentItems>
      <TestMethod codeBase="C:/Users/Artak/Desktop/complexnetwork/trunk/Complex Network/ModelsTests/bin/Debug/ModelsTests.DLL" adapterTypeName="Microsoft.VisualStudio.TestTools.TestTypes.Unit.UnitTestAdapter, Microsoft.VisualStudio.QualityTools.Tips.UnitTest.Adapter, Version=10.0.0.0, Culture=neutral, PublicKeyToken=b03f5f7f11d50a3a" className="ModelsTests.BAModelTest, ModelsTests, Version=1.0.0.0, Culture=neutral, PublicKeyToken=null" name="BAEigenValueTest" />
    </UnitTest>
    <UnitTest name="ERDegreeDistributionTest" storage="c:\users\artak\desktop\complexnetwork\trunk\complex network\modelstests\bin\debug\modelstests.dll" id="bc7c2973-70c2-7d8e-2a94-e3623ae0f217">
      <Execution timeOut="100000" id="2b5661f0-5546-469e-b03a-17e14538293c" />
      <DeploymentItems>
        <DeploymentItem filename="ERModelTestData//EROutput.xml" />
        <DeploymentItem filename="ERModelTestData//ERInput.txt" />
      </DeploymentItems>
      <TestMethod codeBase="C:/Users/Artak/Desktop/complexnetwork/trunk/Complex Network/ModelsTests/bin/Debug/ModelsTests.DLL" adapterTypeName="Microsoft.VisualStudio.TestTools.TestTypes.Unit.UnitTestAdapter, Microsoft.VisualStudio.QualityTools.Tips.UnitTest.Adapter, Version=10.0.0.0, Culture=neutral, PublicKeyToken=b03f5f7f11d50a3a" className="ModelsTests.ERModelTest, ModelsTests, Version=1.0.0.0, Culture=neutral, PublicKeyToken=null" name="ERDegreeDistributionTest" />
    </UnitTest>
    <UnitTest name="ERMinPathDistTest" storage="c:\users\artak\desktop\complexnetwork\trunk\complex network\modelstests\bin\debug\modelstests.dll" id="241c850e-1767-20c7-3823-7cdb3a877002">
      <Execution timeOut="100000" id="aa1c2968-cd34-4d3b-a101-d3033097167a" />
      <DeploymentItems>
        <DeploymentItem filename="ERModelTestData//ERInput.txt" />
        <DeploymentItem filename="ERModelTestData//EROutput.xml" />
      </DeploymentItems>
      <TestMethod codeBase="C:/Users/Artak/Desktop/complexnetwork/trunk/Complex Network/ModelsTests/bin/Debug/ModelsTests.DLL" adapterTypeName="Microsoft.VisualStudio.TestTools.TestTypes.Unit.UnitTestAdapter, Microsoft.VisualStudio.QualityTools.Tips.UnitTest.Adapter, Version=10.0.0.0, Culture=neutral, PublicKeyToken=b03f5f7f11d50a3a" className="ModelsTests.ERModelTest, ModelsTests, Version=1.0.0.0, Culture=neutral, PublicKeyToken=null" name="ERMinPathDistTest" />
    </UnitTest>
    <UnitTest name="BAMinPathDistTest" storage="c:\users\artak\desktop\complexnetwork\trunk\complex network\modelstests\bin\debug\modelstests.dll" id="4f18a51e-7135-51c7-cdfd-e029c9ebd5a5">
      <Execution timeOut="100000" id="57168a3a-870d-4d2d-a4a1-527ba56b984d" />
      <DeploymentItems>
        <DeploymentItem filename="BAModelTestData//BAInput.txt" />
        <DeploymentItem filename="BAModelTestData//BAOutput.xml" />
      </DeploymentItems>
      <TestMethod codeBase="C:/Users/Artak/Desktop/complexnetwork/trunk/Complex Network/ModelsTests/bin/Debug/ModelsTests.DLL" adapterTypeName="Microsoft.VisualStudio.TestTools.TestTypes.Unit.UnitTestAdapter, Microsoft.VisualStudio.QualityTools.Tips.UnitTest.Adapter, Version=10.0.0.0, Culture=neutral, PublicKeyToken=b03f5f7f11d50a3a" className="ModelsTests.BAModelTest, ModelsTests, Version=1.0.0.0, Culture=neutral, PublicKeyToken=null" name="BAMinPathDistTest" />
    </UnitTest>
    <UnitTest name="ERClusteringCoefficientTest" storage="c:\users\artak\desktop\complexnetwork\trunk\complex network\modelstests\bin\debug\modelstests.dll" id="b3187619-d33c-cf03-a63b-f80f761ae2cc">
      <Execution timeOut="100000" id="d926275a-d0c2-43e6-8701-50a470ad7a8a" />
      <DeploymentItems>
        <DeploymentItem filename="ERModelTestData//ERInput.txt" />
        <DeploymentItem filename="ERModelTestData//EROutput.xml" />
      </DeploymentItems>
      <TestMethod codeBase="C:/Users/Artak/Desktop/complexnetwork/trunk/Complex Network/ModelsTests/bin/Debug/ModelsTests.DLL" adapterTypeName="Microsoft.VisualStudio.TestTools.TestTypes.Unit.UnitTestAdapter, Microsoft.VisualStudio.QualityTools.Tips.UnitTest.Adapter, Version=10.0.0.0, Culture=neutral, PublicKeyToken=b03f5f7f11d50a3a" className="ModelsTests.ERModelTest, ModelsTests, Version=1.0.0.0, Culture=neutral, PublicKeyToken=null" name="ERClusteringCoefficientTest" />
    </UnitTest>
    <UnitTest name="FullSubGraphTest" storage="c:\users\artak\desktop\complexnetwork\trunk\complex network\modelstests\bin\debug\modelstests.dll" id="279e726c-ee8d-0c66-4427-5552d22e7a5f">
      <Execution timeOut="100" id="df56c18e-e213-483b-a3ce-bf698e6d97be" />
      <DeploymentItems>
        <DeploymentItem filename="WSModelTestData//WSInput.txt" />
        <DeploymentItem filename="WSModelTestData//WSOutput.xml" />
      </DeploymentItems>
      <TestMethod codeBase="C:/Users/Artak/Desktop/complexnetwork/trunk/Complex Network/ModelsTests/bin/Debug/ModelsTests.DLL" adapterTypeName="Microsoft.VisualStudio.TestTools.TestTypes.Unit.UnitTestAdapter, Microsoft.VisualStudio.QualityTools.Tips.UnitTest.Adapter, Version=10.0.0.0, Culture=neutral, PublicKeyToken=b03f5f7f11d50a3a" className="ModelsTests.WSModelTest, ModelsTests, Version=1.0.0.0, Culture=neutral, PublicKeyToken=null" name="FullSubGraphTest" />
    </UnitTest>
    <UnitTest name="BADiameterTest" storage="c:\users\artak\desktop\complexnetwork\trunk\complex network\modelstests\bin\debug\modelstests.dll" id="e836ab81-dd67-5300-249c-d7748cc04eb3">
      <Execution timeOut="100000" id="5dbad8b9-5b24-48ea-be50-47c7aa52352c" />
      <DeploymentItems>
        <DeploymentItem filename="BAModelTestData//BAInput.txt" />
        <DeploymentItem filename="BAModelTestData//BAOutput.xml" />
      </DeploymentItems>
      <TestMethod codeBase="C:/Users/Artak/Desktop/complexnetwork/trunk/Complex Network/ModelsTests/bin/Debug/ModelsTests.DLL" adapterTypeName="Microsoft.VisualStudio.TestTools.TestTypes.Unit.UnitTestAdapter, Microsoft.VisualStudio.QualityTools.Tips.UnitTest.Adapter, Version=10.0.0.0, Culture=neutral, PublicKeyToken=b03f5f7f11d50a3a" className="ModelsTests.BAModelTest, ModelsTests, Version=1.0.0.0, Culture=neutral, PublicKeyToken=null" name="BADiameterTest" />
    </UnitTest>
    <UnitTest name="ERCyclesTest" storage="c:\users\artak\desktop\complexnetwork\trunk\complex network\modelstests\bin\debug\modelstests.dll" id="490b5308-3b85-07ed-c42b-c14e2d465265">
      <Execution timeOut="100000" id="b364802d-0de9-4dba-90d2-2a2117d2486e" />
      <DeploymentItems>
        <DeploymentItem filename="ERModelTestData//ERInput.txt" />
        <DeploymentItem filename="ERModelTestData//EROutput.xml" />
      </DeploymentItems>
      <TestMethod codeBase="C:/Users/Artak/Desktop/complexnetwork/trunk/Complex Network/ModelsTests/bin/Debug/ModelsTests.DLL" adapterTypeName="Microsoft.VisualStudio.TestTools.TestTypes.Unit.UnitTestAdapter, Microsoft.VisualStudio.QualityTools.Tips.UnitTest.Adapter, Version=10.0.0.0, Culture=neutral, PublicKeyToken=b03f5f7f11d50a3a" className="ModelsTests.ERModelTest, ModelsTests, Version=1.0.0.0, Culture=neutral, PublicKeyToken=null" name="ERCyclesTest" />
    </UnitTest>
    <UnitTest name="Cycles3Test" storage="c:\users\artak\desktop\complexnetwork\trunk\complex network\modelstests\bin\debug\modelstests.dll" id="09e4d43b-2f83-86ac-6f1b-70381c9c9a71">
      <Execution timeOut="100" id="db0abc1c-d795-49df-a9d4-77f0d8f37459" />
      <DeploymentItems>
        <DeploymentItem filename="WSModelTestData//WSInput.txt" />
        <DeploymentItem filename="WSModelTestData//WSOutput.xml" />
      </DeploymentItems>
      <TestMethod codeBase="C:/Users/Artak/Desktop/complexnetwork/trunk/Complex Network/ModelsTests/bin/Debug/ModelsTests.DLL" adapterTypeName="Microsoft.VisualStudio.TestTools.TestTypes.Unit.UnitTestAdapter, Microsoft.VisualStudio.QualityTools.Tips.UnitTest.Adapter, Version=10.0.0.0, Culture=neutral, PublicKeyToken=b03f5f7f11d50a3a" className="ModelsTests.WSModelTest, ModelsTests, Version=1.0.0.0, Culture=neutral, PublicKeyToken=null" name="Cycles3Test" />
    </UnitTest>
    <UnitTest name="EREigenValueTest" storage="c:\users\artak\desktop\complexnetwork\trunk\complex network\modelstests\bin\debug\modelstests.dll" id="da08eff5-3c25-929c-4b85-c7f90857ef0a">
      <Execution timeOut="100000" id="c054177f-d21a-4a34-b83c-57b0e06cff60" />
      <DeploymentItems>
        <DeploymentItem filename="ERModelTestData//ERInput.txt" />
        <DeploymentItem filename="ERModelTestData//EROutput.xml" />
      </DeploymentItems>
      <TestMethod codeBase="C:/Users/Artak/Desktop/complexnetwork/trunk/Complex Network/ModelsTests/bin/Debug/ModelsTests.DLL" adapterTypeName="Microsoft.VisualStudio.TestTools.TestTypes.Unit.UnitTestAdapter, Microsoft.VisualStudio.QualityTools.Tips.UnitTest.Adapter, Version=10.0.0.0, Culture=neutral, PublicKeyToken=b03f5f7f11d50a3a" className="ModelsTests.ERModelTest, ModelsTests, Version=1.0.0.0, Culture=neutral, PublicKeyToken=null" name="EREigenValueTest" />
    </UnitTest>
    <UnitTest name="ERAveragePathTest" storage="c:\users\artak\desktop\complexnetwork\trunk\complex network\modelstests\bin\debug\modelstests.dll" id="8c043ffa-8e32-7c78-0198-205244a44069">
      <Execution timeOut="100000" id="17db8f26-1df5-4314-bf71-a5d517c9f07d" />
      <DeploymentItems>
        <DeploymentItem filename="ERModelTestData//EROutput.xml" />
        <DeploymentItem filename="ERModelTestData//ERInput.txt" />
      </DeploymentItems>
      <TestMethod codeBase="C:/Users/Artak/Desktop/complexnetwork/trunk/Complex Network/ModelsTests/bin/Debug/ModelsTests.DLL" adapterTypeName="Microsoft.VisualStudio.TestTools.TestTypes.Unit.UnitTestAdapter, Microsoft.VisualStudio.QualityTools.Tips.UnitTest.Adapter, Version=10.0.0.0, Culture=neutral, PublicKeyToken=b03f5f7f11d50a3a" className="ModelsTests.ERModelTest, ModelsTests, Version=1.0.0.0, Culture=neutral, PublicKeyToken=null" name="ERAveragePathTest" />
    </UnitTest>
    <UnitTest name="ERDistEigenPathTest" storage="c:\users\artak\desktop\complexnetwork\trunk\complex network\modelstests\bin\debug\modelstests.dll" id="9be689a9-7c18-e9b4-6583-fd2d175e0827">
      <Execution timeOut="100000" id="09f88efd-3541-4833-9a90-2c0faaa3f5a2" />
      <DeploymentItems>
        <DeploymentItem filename="ERModelTestData//ERInput.txt" />
        <DeploymentItem filename="ERModelTestData//EROutput.xml" />
      </DeploymentItems>
      <TestMethod codeBase="C:/Users/Artak/Desktop/complexnetwork/trunk/Complex Network/ModelsTests/bin/Debug/ModelsTests.DLL" adapterTypeName="Microsoft.VisualStudio.TestTools.TestTypes.Unit.UnitTestAdapter, Microsoft.VisualStudio.QualityTools.Tips.UnitTest.Adapter, Version=10.0.0.0, Culture=neutral, PublicKeyToken=b03f5f7f11d50a3a" className="ModelsTests.ERModelTest, ModelsTests, Version=1.0.0.0, Culture=neutral, PublicKeyToken=null" name="ERDistEigenPathTest" />
    </UnitTest>
    <UnitTest name="ERCycles4Test" storage="c:\users\artak\desktop\complexnetwork\trunk\complex network\modelstests\bin\debug\modelstests.dll" id="4786793d-692a-fc8b-6e30-86a5570e82b7">
      <Execution timeOut="100000" id="d53e136a-2ae7-4442-8e4b-f5f5982ad2b5" />
      <DeploymentItems>
        <DeploymentItem filename="ERModelTestData//ERInput.txt" />
        <DeploymentItem filename="ERModelTestData//EROutput.xml" />
      </DeploymentItems>
      <TestMethod codeBase="C:/Users/Artak/Desktop/complexnetwork/trunk/Complex Network/ModelsTests/bin/Debug/ModelsTests.DLL" adapterTypeName="Microsoft.VisualStudio.TestTools.TestTypes.Unit.UnitTestAdapter, Microsoft.VisualStudio.QualityTools.Tips.UnitTest.Adapter, Version=10.0.0.0, Culture=neutral, PublicKeyToken=b03f5f7f11d50a3a" className="ModelsTests.ERModelTest, ModelsTests, Version=1.0.0.0, Culture=neutral, PublicKeyToken=null" name="ERCycles4Test" />
    </UnitTest>
    <UnitTest name="ERCycles3Test" storage="c:\users\artak\desktop\complexnetwork\trunk\complex network\modelstests\bin\debug\modelstests.dll" id="3f376ebd-9216-9dd2-7561-8164ec7518ba">
      <Execution timeOut="100000" id="f2a25386-6233-4384-8470-6fa7f41d8f97" />
      <DeploymentItems>
        <DeploymentItem filename="ERModelTestData//EROutput.xml" />
        <DeploymentItem filename="ERModelTestData//ERInput.txt" />
      </DeploymentItems>
      <TestMethod codeBase="C:/Users/Artak/Desktop/complexnetwork/trunk/Complex Network/ModelsTests/bin/Debug/ModelsTests.DLL" adapterTypeName="Microsoft.VisualStudio.TestTools.TestTypes.Unit.UnitTestAdapter, Microsoft.VisualStudio.QualityTools.Tips.UnitTest.Adapter, Version=10.0.0.0, Culture=neutral, PublicKeyToken=b03f5f7f11d50a3a" className="ModelsTests.ERModelTest, ModelsTests, Version=1.0.0.0, Culture=neutral, PublicKeyToken=null" name="ERCycles3Test" />
    </UnitTest>
    <UnitTest name="DegreeDistributionTest" storage="c:\users\artak\desktop\complexnetwork\trunk\complex network\modelstests\bin\debug\modelstests.dll" id="f1a0d255-0c61-cfee-ec58-91993a16ce5b">
      <Execution timeOut="100" id="f7da900a-bd6a-4b8e-844a-fabbcc428c3d" />
      <DeploymentItems>
        <DeploymentItem filename="WSModelTestData//WSInput.txt" />
        <DeploymentItem filename="WSModelTestData//WSOutput.xml" />
      </DeploymentItems>
      <TestMethod codeBase="C:/Users/Artak/Desktop/complexnetwork/trunk/Complex Network/ModelsTests/bin/Debug/ModelsTests.DLL" adapterTypeName="Microsoft.VisualStudio.TestTools.TestTypes.Unit.UnitTestAdapter, Microsoft.VisualStudio.QualityTools.Tips.UnitTest.Adapter, Version=10.0.0.0, Culture=neutral, PublicKeyToken=b03f5f7f11d50a3a" className="ModelsTests.WSModelTest, ModelsTests, Version=1.0.0.0, Culture=neutral, PublicKeyToken=null" name="DegreeDistributionTest" />
    </UnitTest>
    <UnitTest name="BAClusteringCoefficientTest" storage="c:\users\artak\desktop\complexnetwork\trunk\complex network\modelstests\bin\debug\modelstests.dll" id="c56016bf-aecb-c4e5-dff8-64ee84a7a2fc">
      <Execution timeOut="100000" id="626d2bb9-4a62-4e30-8f7e-8fca466d8f2c" />
      <DeploymentItems>
        <DeploymentItem filename="BAModelTestData//BAInput.txt" />
        <DeploymentItem filename="BAModelTestData//BAOutput.xml" />
      </DeploymentItems>
      <TestMethod codeBase="C:/Users/Artak/Desktop/complexnetwork/trunk/Complex Network/ModelsTests/bin/Debug/ModelsTests.DLL" adapterTypeName="Microsoft.VisualStudio.TestTools.TestTypes.Unit.UnitTestAdapter, Microsoft.VisualStudio.QualityTools.Tips.UnitTest.Adapter, Version=10.0.0.0, Culture=neutral, PublicKeyToken=b03f5f7f11d50a3a" className="ModelsTests.BAModelTest, ModelsTests, Version=1.0.0.0, Culture=neutral, PublicKeyToken=null" name="BAClusteringCoefficientTest" />
    </UnitTest>
    <UnitTest name="BACyclesTest" storage="c:\users\artak\desktop\complexnetwork\trunk\complex network\modelstests\bin\debug\modelstests.dll" id="1d3d5e79-fa88-2af3-4d68-29ce0a970817">
      <Execution timeOut="100000" id="96b754aa-bc56-4b2a-8955-4137fa3967b4" />
      <DeploymentItems>
        <DeploymentItem filename="BAModelTestData//BAInput.txt" />
        <DeploymentItem filename="BAModelTestData//BAOutput.xml" />
      </DeploymentItems>
      <TestMethod codeBase="C:/Users/Artak/Desktop/complexnetwork/trunk/Complex Network/ModelsTests/bin/Debug/ModelsTests.DLL" adapterTypeName="Microsoft.VisualStudio.TestTools.TestTypes.Unit.UnitTestAdapter, Microsoft.VisualStudio.QualityTools.Tips.UnitTest.Adapter, Version=10.0.0.0, Culture=neutral, PublicKeyToken=b03f5f7f11d50a3a" className="ModelsTests.BAModelTest, ModelsTests, Version=1.0.0.0, Culture=neutral, PublicKeyToken=null" name="BACyclesTest" />
    </UnitTest>
    <UnitTest name="DistEigenPathTest" storage="c:\users\artak\desktop\complexnetwork\trunk\complex network\modelstests\bin\debug\modelstests.dll" id="b4a11777-b4fb-ab62-177f-71796b5cfcb5">
      <Execution timeOut="100" id="cdd00af2-d800-48e5-b9ab-539095891ac5" />
      <DeploymentItems>
        <DeploymentItem filename="WSModelTestData//WSInput.txt" />
        <DeploymentItem filename="WSModelTestData//WSOutput.xml" />
      </DeploymentItems>
      <TestMethod codeBase="C:/Users/Artak/Desktop/complexnetwork/trunk/Complex Network/ModelsTests/bin/Debug/ModelsTests.DLL" adapterTypeName="Microsoft.VisualStudio.TestTools.TestTypes.Unit.UnitTestAdapter, Microsoft.VisualStudio.QualityTools.Tips.UnitTest.Adapter, Version=10.0.0.0, Culture=neutral, PublicKeyToken=b03f5f7f11d50a3a" className="ModelsTests.WSModelTest, ModelsTests, Version=1.0.0.0, Culture=neutral, PublicKeyToken=null" name="DistEigenPathTest" />
    </UnitTest>
  </TestDefinitions>
  <TestLists>
    <TestList name="Results Not in a List" id="8c84fa94-04c1-424b-9868-57a2d4851a1d" />
    <TestList name="All Loaded Results" id="19431567-8539-422a-85d7-44ee4e166bda" />
  </TestLists>
  <TestEntries>
    <TestEntry testId="09e4d43b-2f83-86ac-6f1b-70381c9c9a71" executionId="124cd093-33eb-41b7-8802-15b8f86bdba7" testListId="8c84fa94-04c1-424b-9868-57a2d4851a1d" />
    <TestEntry testId="10236cba-9b57-dfe0-f372-5bdd2158aba9" executionId="7bcc36cc-decc-4131-9275-a2d9f8135fde" testListId="8c84fa94-04c1-424b-9868-57a2d4851a1d" />
    <TestEntry testId="1d3d5e79-fa88-2af3-4d68-29ce0a970817" executionId="d3b75520-ed1f-4717-8e00-97a41376673d" testListId="8c84fa94-04c1-424b-9868-57a2d4851a1d" />
    <TestEntry testId="241c850e-1767-20c7-3823-7cdb3a877002" executionId="b6b0a829-024f-4d00-89bb-e78cb0cb3ddd" testListId="8c84fa94-04c1-424b-9868-57a2d4851a1d" />
    <TestEntry testId="279e726c-ee8d-0c66-4427-5552d22e7a5f" executionId="829f695f-bc13-481c-98d8-6d878389c33d" testListId="8c84fa94-04c1-424b-9868-57a2d4851a1d" />
    <TestEntry testId="36cc869a-4de0-8973-837e-295f29c8dc78" executionId="2c278fde-8a1d-422d-aa5b-ae86e38bb3f2" testListId="8c84fa94-04c1-424b-9868-57a2d4851a1d" />
    <TestEntry testId="3f376ebd-9216-9dd2-7561-8164ec7518ba" executionId="94babc97-a84a-4243-9365-60f8b7a8f1e4" testListId="8c84fa94-04c1-424b-9868-57a2d4851a1d" />
    <TestEntry testId="3f6ee0d3-3570-2b7e-4bab-37a89495a94e" executionId="f7256d41-92b4-4778-a75d-b123659311e4" testListId="8c84fa94-04c1-424b-9868-57a2d4851a1d" />
    <TestEntry testId="4786793d-692a-fc8b-6e30-86a5570e82b7" executionId="d4c05039-1569-4d5e-831b-9e31cbc4ef53" testListId="8c84fa94-04c1-424b-9868-57a2d4851a1d" />
    <TestEntry testId="490b5308-3b85-07ed-c42b-c14e2d465265" executionId="69ce5a9e-9757-4447-aeb8-bd4529bbc43f" testListId="8c84fa94-04c1-424b-9868-57a2d4851a1d" />
    <TestEntry testId="4d5520e0-f64f-3d1c-bed2-44b4d9347d22" executionId="7ef7ef1c-e1dc-4cd0-bba5-a710ef56b349" testListId="8c84fa94-04c1-424b-9868-57a2d4851a1d" />
    <TestEntry testId="4f18a51e-7135-51c7-cdfd-e029c9ebd5a5" executionId="3474a28c-29e9-442d-b42b-ef71556c83f9" testListId="8c84fa94-04c1-424b-9868-57a2d4851a1d" />
    <TestEntry testId="529ca51b-424a-1e19-e041-295f6fe62ce4" executionId="3582438b-d438-4335-959d-17eb121bf215" testListId="8c84fa94-04c1-424b-9868-57a2d4851a1d" />
    <TestEntry testId="769547a9-708d-428b-1b69-59e0a34bd815" executionId="35a0d7bf-b305-4242-995f-84e9b3ffa0df" testListId="8c84fa94-04c1-424b-9868-57a2d4851a1d" />
    <TestEntry testId="78ca188d-ecbf-30aa-4302-e4849a978d18" executionId="767b8d2e-eb37-4cb0-8b2b-3659e3f04632" testListId="8c84fa94-04c1-424b-9868-57a2d4851a1d" />
    <TestEntry testId="895a8e04-2717-39d0-137f-e866ab032d58" executionId="0d3c0386-e3c3-42d0-8e47-995a0b36edab" testListId="8c84fa94-04c1-424b-9868-57a2d4851a1d" />
    <TestEntry testId="8afb1dd9-d132-f512-1490-26f7fc0202e0" executionId="bf2c05ab-03bb-4195-aa1e-b5233d1960ba" testListId="8c84fa94-04c1-424b-9868-57a2d4851a1d" />
    <TestEntry testId="8c043ffa-8e32-7c78-0198-205244a44069" executionId="cd5b06cb-779a-4b4e-80e8-a030cfc9fc33" testListId="8c84fa94-04c1-424b-9868-57a2d4851a1d" />
    <TestEntry testId="95fc77d0-b4fa-d331-f0c6-2df324ff163a" executionId="1bcec462-e0be-4d31-a7ec-16fc3bb48a20" testListId="8c84fa94-04c1-424b-9868-57a2d4851a1d" />
    <TestEntry testId="9be689a9-7c18-e9b4-6583-fd2d175e0827" executionId="ea70097d-82c7-478b-ae8e-6e8523f19131" testListId="8c84fa94-04c1-424b-9868-57a2d4851a1d" />
    <TestEntry testId="9d7ce3ef-7f17-a6cd-3048-24c367acdc29" executionId="67a49340-1fa1-4183-b5f4-ff12fa300ac9" testListId="8c84fa94-04c1-424b-9868-57a2d4851a1d" />
    <TestEntry testId="aa3a78ac-0648-f256-c670-e431f6385b6f" executionId="082dc27c-01cc-42d4-b03d-0094d3e66ce9" testListId="8c84fa94-04c1-424b-9868-57a2d4851a1d" />
    <TestEntry testId="b3187619-d33c-cf03-a63b-f80f761ae2cc" executionId="5e9d793d-fc4b-474b-8165-14062f2b8bf5" testListId="8c84fa94-04c1-424b-9868-57a2d4851a1d" />
    <TestEntry testId="b4a11777-b4fb-ab62-177f-71796b5cfcb5" executionId="f645fd5c-01f2-4428-8ee0-87dc7c4513de" testListId="8c84fa94-04c1-424b-9868-57a2d4851a1d" />
    <TestEntry testId="bc7c2973-70c2-7d8e-2a94-e3623ae0f217" executionId="87382ddb-b1c0-48d9-8bff-f2b5fb9f5b39" testListId="8c84fa94-04c1-424b-9868-57a2d4851a1d" />
    <TestEntry testId="be7bcd70-a5bf-1762-761b-affe1cc141a1" executionId="87176849-2e38-4b9b-97a3-f884e6cf4a2e" testListId="8c84fa94-04c1-424b-9868-57a2d4851a1d" />
    <TestEntry testId="c56016bf-aecb-c4e5-dff8-64ee84a7a2fc" executionId="ff5d1f52-00d7-4508-90a0-7882e017d945" testListId="8c84fa94-04c1-424b-9868-57a2d4851a1d" />
    <TestEntry testId="da08eff5-3c25-929c-4b85-c7f90857ef0a" executionId="06bc00bf-be7a-4a87-a780-5cbdd90f9099" testListId="8c84fa94-04c1-424b-9868-57a2d4851a1d" />
    <TestEntry testId="de3eba91-9142-ae92-71e7-a0b12b643760" executionId="0e8793f7-5d1b-4708-b3a6-1420d7dbeea1" testListId="8c84fa94-04c1-424b-9868-57a2d4851a1d" />
    <TestEntry testId="e836ab81-dd67-5300-249c-d7748cc04eb3" executionId="515fead6-d59a-49f5-b86f-942b50056ed2" testListId="8c84fa94-04c1-424b-9868-57a2d4851a1d" />
    <TestEntry testId="ec1ad126-00b5-99f5-d9cf-d01acf6f658d" executionId="98e2f3b6-0bbf-42da-99c7-dfdb82bd4171" testListId="8c84fa94-04c1-424b-9868-57a2d4851a1d" />
    <TestEntry testId="f1a0d255-0c61-cfee-ec58-91993a16ce5b" executionId="3803bacd-23db-4329-a1a9-bd74f3cfe5db" testListId="8c84fa94-04c1-424b-9868-57a2d4851a1d" />
  </TestEntries>
  <Results>
    <UnitTestResult executionId="124cd093-33eb-41b7-8802-15b8f86bdba7" testId="09e4d43b-2f83-86ac-6f1b-70381c9c9a71" testName="Cycles3Test" computerName="ARTAK-PC" testType="13cdc9d9-ddb5-4fa4-a97d-d965ccfc6d4b" outcome="NotExecuted" testListId="8c84fa94-04c1-424b-9868-57a2d4851a1d" relativeResultsDirectory="124cd093-33eb-41b7-8802-15b8f86bdba7">
    </UnitTestResult>
    <UnitTestResult executionId="7bcc36cc-decc-4131-9275-a2d9f8135fde" testId="10236cba-9b57-dfe0-f372-5bdd2158aba9" testName="AveragePathTest" computerName="ARTAK-PC" testType="13cdc9d9-ddb5-4fa4-a97d-d965ccfc6d4b" outcome="NotExecuted" testListId="8c84fa94-04c1-424b-9868-57a2d4851a1d" relativeResultsDirectory="7bcc36cc-decc-4131-9275-a2d9f8135fde">
    </UnitTestResult>
    <UnitTestResult executionId="d3b75520-ed1f-4717-8e00-97a41376673d" testId="1d3d5e79-fa88-2af3-4d68-29ce0a970817" testName="BACyclesTest" computerName="ARTAK-PC" testType="13cdc9d9-ddb5-4fa4-a97d-d965ccfc6d4b" outcome="NotExecuted" testListId="8c84fa94-04c1-424b-9868-57a2d4851a1d" relativeResultsDirectory="d3b75520-ed1f-4717-8e00-97a41376673d">
    </UnitTestResult>
    <UnitTestResult executionId="b6b0a829-024f-4d00-89bb-e78cb0cb3ddd" testId="241c850e-1767-20c7-3823-7cdb3a877002" testName="ERMinPathDistTest" computerName="ARTAK-PC" testType="13cdc9d9-ddb5-4fa4-a97d-d965ccfc6d4b" outcome="NotExecuted" testListId="8c84fa94-04c1-424b-9868-57a2d4851a1d" relativeResultsDirectory="b6b0a829-024f-4d00-89bb-e78cb0cb3ddd">
    </UnitTestResult>
    <UnitTestResult executionId="829f695f-bc13-481c-98d8-6d878389c33d" testId="279e726c-ee8d-0c66-4427-5552d22e7a5f" testName="FullSubGraphTest" computerName="ARTAK-PC" testType="13cdc9d9-ddb5-4fa4-a97d-d965ccfc6d4b" outcome="NotExecuted" testListId="8c84fa94-04c1-424b-9868-57a2d4851a1d" relativeResultsDirectory="829f695f-bc13-481c-98d8-6d878389c33d">
    </UnitTestResult>
    <UnitTestResult executionId="2c278fde-8a1d-422d-aa5b-ae86e38bb3f2" testId="36cc869a-4de0-8973-837e-295f29c8dc78" testName="BADistEigenPathTest" computerName="ARTAK-PC" testType="13cdc9d9-ddb5-4fa4-a97d-d965ccfc6d4b" outcome="NotExecuted" testListId="8c84fa94-04c1-424b-9868-57a2d4851a1d" relativeResultsDirectory="2c278fde-8a1d-422d-aa5b-ae86e38bb3f2">
    </UnitTestResult>
    <UnitTestResult executionId="94babc97-a84a-4243-9365-60f8b7a8f1e4" testId="3f376ebd-9216-9dd2-7561-8164ec7518ba" testName="ERCycles3Test" computerName="ARTAK-PC" testType="13cdc9d9-ddb5-4fa4-a97d-d965ccfc6d4b" outcome="NotExecuted" testListId="8c84fa94-04c1-424b-9868-57a2d4851a1d" relativeResultsDirectory="94babc97-a84a-4243-9365-60f8b7a8f1e4">
    </UnitTestResult>
    <UnitTestResult executionId="f7256d41-92b4-4778-a75d-b123659311e4" testId="3f6ee0d3-3570-2b7e-4bab-37a89495a94e" testName="EigenValueTest" computerName="ARTAK-PC" testType="13cdc9d9-ddb5-4fa4-a97d-d965ccfc6d4b" outcome="NotExecuted" testListId="8c84fa94-04c1-424b-9868-57a2d4851a1d" relativeResultsDirectory="f7256d41-92b4-4778-a75d-b123659311e4">
    </UnitTestResult>
    <UnitTestResult executionId="d4c05039-1569-4d5e-831b-9e31cbc4ef53" testId="4786793d-692a-fc8b-6e30-86a5570e82b7" testName="ERCycles4Test" computerName="ARTAK-PC" testType="13cdc9d9-ddb5-4fa4-a97d-d965ccfc6d4b" outcome="NotExecuted" testListId="8c84fa94-04c1-424b-9868-57a2d4851a1d" relativeResultsDirectory="d4c05039-1569-4d5e-831b-9e31cbc4ef53">
    </UnitTestResult>
    <UnitTestResult executionId="69ce5a9e-9757-4447-aeb8-bd4529bbc43f" testId="490b5308-3b85-07ed-c42b-c14e2d465265" testName="ERCyclesTest" computerName="ARTAK-PC" testType="13cdc9d9-ddb5-4fa4-a97d-d965ccfc6d4b" outcome="NotExecuted" testListId="8c84fa94-04c1-424b-9868-57a2d4851a1d" relativeResultsDirectory="69ce5a9e-9757-4447-aeb8-bd4529bbc43f">
    </UnitTestResult>
    <UnitTestResult executionId="7ef7ef1c-e1dc-4cd0-bba5-a710ef56b349" testId="4d5520e0-f64f-3d1c-bed2-44b4d9347d22" testName="Cycles4Test" computerName="ARTAK-PC" testType="13cdc9d9-ddb5-4fa4-a97d-d965ccfc6d4b" outcome="NotExecuted" testListId="8c84fa94-04c1-424b-9868-57a2d4851a1d" relativeResultsDirectory="7ef7ef1c-e1dc-4cd0-bba5-a710ef56b349">
    </UnitTestResult>
    <UnitTestResult executionId="3474a28c-29e9-442d-b42b-ef71556c83f9" testId="4f18a51e-7135-51c7-cdfd-e029c9ebd5a5" testName="BAMinPathDistTest" computerName="ARTAK-PC" testType="13cdc9d9-ddb5-4fa4-a97d-d965ccfc6d4b" outcome="NotExecuted" testListId="8c84fa94-04c1-424b-9868-57a2d4851a1d" relativeResultsDirectory="3474a28c-29e9-442d-b42b-ef71556c83f9">
    </UnitTestResult>
    <UnitTestResult executionId="3582438b-d438-4335-959d-17eb121bf215" testId="529ca51b-424a-1e19-e041-295f6fe62ce4" testName="BAAveragePathTest" computerName="ARTAK-PC" testType="13cdc9d9-ddb5-4fa4-a97d-d965ccfc6d4b" outcome="NotExecuted" testListId="8c84fa94-04c1-424b-9868-57a2d4851a1d" relativeResultsDirectory="3582438b-d438-4335-959d-17eb121bf215">
    </UnitTestResult>
    <UnitTestResult executionId="35a0d7bf-b305-4242-995f-84e9b3ffa0df" testId="769547a9-708d-428b-1b69-59e0a34bd815" testName="ERFullSubGraphTest" computerName="ARTAK-PC" testType="13cdc9d9-ddb5-4fa4-a97d-d965ccfc6d4b" outcome="NotExecuted" testListId="8c84fa94-04c1-424b-9868-57a2d4851a1d" relativeResultsDirectory="35a0d7bf-b305-4242-995f-84e9b3ffa0df">
    </UnitTestResult>
    <UnitTestResult executionId="767b8d2e-eb37-4cb0-8b2b-3659e3f04632" testId="78ca188d-ecbf-30aa-4302-e4849a978d18" testName="BAFullSubGraphTest" computerName="ARTAK-PC" testType="13cdc9d9-ddb5-4fa4-a97d-d965ccfc6d4b" outcome="NotExecuted" testListId="8c84fa94-04c1-424b-9868-57a2d4851a1d" relativeResultsDirectory="767b8d2e-eb37-4cb0-8b2b-3659e3f04632">
    </UnitTestResult>
    <UnitTestResult executionId="0d3c0386-e3c3-42d0-8e47-995a0b36edab" testId="895a8e04-2717-39d0-137f-e866ab032d58" testName="MinPathDistTest" computerName="ARTAK-PC" testType="13cdc9d9-ddb5-4fa4-a97d-d965ccfc6d4b" outcome="NotExecuted" testListId="8c84fa94-04c1-424b-9868-57a2d4851a1d" relativeResultsDirectory="0d3c0386-e3c3-42d0-8e47-995a0b36edab">
    </UnitTestResult>
    <UnitTestResult executionId="bf2c05ab-03bb-4195-aa1e-b5233d1960ba" testId="8afb1dd9-d132-f512-1490-26f7fc0202e0" testName="BAEigenValueTest" computerName="ARTAK-PC" testType="13cdc9d9-ddb5-4fa4-a97d-d965ccfc6d4b" outcome="NotExecuted" testListId="8c84fa94-04c1-424b-9868-57a2d4851a1d" relativeResultsDirectory="bf2c05ab-03bb-4195-aa1e-b5233d1960ba">
    </UnitTestResult>
    <UnitTestResult executionId="cd5b06cb-779a-4b4e-80e8-a030cfc9fc33" testId="8c043ffa-8e32-7c78-0198-205244a44069" testName="ERAveragePathTest" computerName="ARTAK-PC" testType="13cdc9d9-ddb5-4fa4-a97d-d965ccfc6d4b" outcome="NotExecuted" testListId="8c84fa94-04c1-424b-9868-57a2d4851a1d" relativeResultsDirectory="cd5b06cb-779a-4b4e-80e8-a030cfc9fc33">
    </UnitTestResult>
    <UnitTestResult executionId="1bcec462-e0be-4d31-a7ec-16fc3bb48a20" testId="95fc77d0-b4fa-d331-f0c6-2df324ff163a" testName="CyclesTest" computerName="ARTAK-PC" testType="13cdc9d9-ddb5-4fa4-a97d-d965ccfc6d4b" outcome="NotExecuted" testListId="8c84fa94-04c1-424b-9868-57a2d4851a1d" relativeResultsDirectory="1bcec462-e0be-4d31-a7ec-16fc3bb48a20">
    </UnitTestResult>
    <UnitTestResult executionId="ea70097d-82c7-478b-ae8e-6e8523f19131" testId="9be689a9-7c18-e9b4-6583-fd2d175e0827" testName="ERDistEigenPathTest" computerName="ARTAK-PC" testType="13cdc9d9-ddb5-4fa4-a97d-d965ccfc6d4b" outcome="NotExecuted" testListId="8c84fa94-04c1-424b-9868-57a2d4851a1d" relativeResultsDirectory="ea70097d-82c7-478b-ae8e-6e8523f19131">
    </UnitTestResult>
    <UnitTestResult executionId="67a49340-1fa1-4183-b5f4-ff12fa300ac9" testId="9d7ce3ef-7f17-a6cd-3048-24c367acdc29" testName="BACycles3Test" computerName="ARTAK-PC" testType="13cdc9d9-ddb5-4fa4-a97d-d965ccfc6d4b" outcome="NotExecuted" testListId="8c84fa94-04c1-424b-9868-57a2d4851a1d" relativeResultsDirectory="67a49340-1fa1-4183-b5f4-ff12fa300ac9">
    </UnitTestResult>
    <UnitTestResult executionId="082dc27c-01cc-42d4-b03d-0094d3e66ce9" testId="aa3a78ac-0648-f256-c670-e431f6385b6f" testName="ClusteringCoefficientTest" computerName="ARTAK-PC" testType="13cdc9d9-ddb5-4fa4-a97d-d965ccfc6d4b" outcome="NotExecuted" testListId="8c84fa94-04c1-424b-9868-57a2d4851a1d" relativeResultsDirectory="082dc27c-01cc-42d4-b03d-0094d3e66ce9">
    </UnitTestResult>
    <UnitTestResult executionId="5e9d793d-fc4b-474b-8165-14062f2b8bf5" testId="b3187619-d33c-cf03-a63b-f80f761ae2cc" testName="ERClusteringCoefficientTest" computerName="ARTAK-PC" testType="13cdc9d9-ddb5-4fa4-a97d-d965ccfc6d4b" outcome="NotExecuted" testListId="8c84fa94-04c1-424b-9868-57a2d4851a1d" relativeResultsDirectory="5e9d793d-fc4b-474b-8165-14062f2b8bf5">
    </UnitTestResult>
    <UnitTestResult executionId="f645fd5c-01f2-4428-8ee0-87dc7c4513de" testId="b4a11777-b4fb-ab62-177f-71796b5cfcb5" testName="DistEigenPathTest" computerName="ARTAK-PC" testType="13cdc9d9-ddb5-4fa4-a97d-d965ccfc6d4b" outcome="NotExecuted" testListId="8c84fa94-04c1-424b-9868-57a2d4851a1d" relativeResultsDirectory="f645fd5c-01f2-4428-8ee0-87dc7c4513de">
    </UnitTestResult>
    <UnitTestResult executionId="87382ddb-b1c0-48d9-8bff-f2b5fb9f5b39" testId="bc7c2973-70c2-7d8e-2a94-e3623ae0f217" testName="ERDegreeDistributionTest" computerName="ARTAK-PC" testType="13cdc9d9-ddb5-4fa4-a97d-d965ccfc6d4b" outcome="NotExecuted" testListId="8c84fa94-04c1-424b-9868-57a2d4851a1d" relativeResultsDirectory="87382ddb-b1c0-48d9-8bff-f2b5fb9f5b39">
    </UnitTestResult>
    <UnitTestResult executionId="87176849-2e38-4b9b-97a3-f884e6cf4a2e" testId="be7bcd70-a5bf-1762-761b-affe1cc141a1" testName="BACycles4Test" computerName="ARTAK-PC" testType="13cdc9d9-ddb5-4fa4-a97d-d965ccfc6d4b" outcome="NotExecuted" testListId="8c84fa94-04c1-424b-9868-57a2d4851a1d" relativeResultsDirectory="87176849-2e38-4b9b-97a3-f884e6cf4a2e">
    </UnitTestResult>
    <UnitTestResult executionId="ff5d1f52-00d7-4508-90a0-7882e017d945" testId="c56016bf-aecb-c4e5-dff8-64ee84a7a2fc" testName="BAClusteringCoefficientTest" computerName="ARTAK-PC" testType="13cdc9d9-ddb5-4fa4-a97d-d965ccfc6d4b" outcome="NotExecuted" testListId="8c84fa94-04c1-424b-9868-57a2d4851a1d" relativeResultsDirectory="ff5d1f52-00d7-4508-90a0-7882e017d945">
    </UnitTestResult>
    <UnitTestResult executionId="06bc00bf-be7a-4a87-a780-5cbdd90f9099" testId="da08eff5-3c25-929c-4b85-c7f90857ef0a" testName="EREigenValueTest" computerName="ARTAK-PC" testType="13cdc9d9-ddb5-4fa4-a97d-d965ccfc6d4b" outcome="NotExecuted" testListId="8c84fa94-04c1-424b-9868-57a2d4851a1d" relativeResultsDirectory="06bc00bf-be7a-4a87-a780-5cbdd90f9099">
    </UnitTestResult>
    <UnitTestResult executionId="0e8793f7-5d1b-4708-b3a6-1420d7dbeea1" testId="de3eba91-9142-ae92-71e7-a0b12b643760" testName="BADegreeDistributionTest" computerName="ARTAK-PC" testType="13cdc9d9-ddb5-4fa4-a97d-d965ccfc6d4b" outcome="NotExecuted" testListId="8c84fa94-04c1-424b-9868-57a2d4851a1d" relativeResultsDirectory="0e8793f7-5d1b-4708-b3a6-1420d7dbeea1">
    </UnitTestResult>
    <UnitTestResult executionId="515fead6-d59a-49f5-b86f-942b50056ed2" testId="e836ab81-dd67-5300-249c-d7748cc04eb3" testName="BADiameterTest" computerName="ARTAK-PC" testType="13cdc9d9-ddb5-4fa4-a97d-d965ccfc6d4b" outcome="NotExecuted" testListId="8c84fa94-04c1-424b-9868-57a2d4851a1d" relativeResultsDirectory="515fead6-d59a-49f5-b86f-942b50056ed2">
    </UnitTestResult>
    <UnitTestResult executionId="98e2f3b6-0bbf-42da-99c7-dfdb82bd4171" testId="ec1ad126-00b5-99f5-d9cf-d01acf6f658d" testName="BAMotivesTest" computerName="ARTAK-PC" testType="13cdc9d9-ddb5-4fa4-a97d-d965ccfc6d4b" outcome="NotExecuted" testListId="8c84fa94-04c1-424b-9868-57a2d4851a1d" relativeResultsDirectory="98e2f3b6-0bbf-42da-99c7-dfdb82bd4171">
    </UnitTestResult>
    <UnitTestResult executionId="3803bacd-23db-4329-a1a9-bd74f3cfe5db" testId="f1a0d255-0c61-cfee-ec58-91993a16ce5b" testName="DegreeDistributionTest" computerName="ARTAK-PC" testType="13cdc9d9-ddb5-4fa4-a97d-d965ccfc6d4b" outcome="NotExecuted" testListId="8c84fa94-04c1-424b-9868-57a2d4851a1d" relativeResultsDirectory="3803bacd-23db-4329-a1a9-bd74f3cfe5db">
    </UnitTestResult>
  </Results>
</TestRun>