<?xml version="1.0" encoding="UTF-8"?>
<TestRun id="d3facf43-743d-444c-95c6-24731c042b63" name="Artak@ARTAK-PC 2012-06-03 14:40:10" runUser="Artak-PC\Artak" xmlns="http://microsoft.com/schemas/VisualStudio/TeamTest/2010">
  <TestSettings name="Local" id="06365d4d-a667-4a97-a950-eae68da8409b">
    <Description>These are default test settings for a local test run.</Description>
    <Deployment runDeploymentRoot="Artak_ARTAK-PC 2012-06-03 14_40_10">
      <DeploymentItem filename="C:\Users\Artak\Desktop\complexnetwork\trunk\Complex Network\ResultStorage\bin\Debug\ResultStorage.dll" />
      <DeploymentItem filename="C:\Users\Artak\Desktop\complexnetwork\trunk\Complex Network\RandomGraphLauncher\bin\Debug\Models\WSModel.dll" />
      <DeploymentItem filename="C:\Users\Artak\Desktop\complexnetwork\trunk\Complex Network\RandomGraphLauncher\bin\Debug\Models\ERmodel.dll" />
      <DeploymentItem filename="C:\Users\Artak\Desktop\complexnetwork\trunk\Complex Network\CommonLibrary\bin\Debug\CommonLibrary.dll" />
      <DeploymentItem filename="C:\Users\Artak\Desktop\complexnetwork\trunk\Complex Network\GenericAlgorithms\bin\Debug\GenericAlgorithms.dll" />
      <DeploymentItem filename="C:\Users\Artak\Desktop\complexnetwork\trunk\Complex Network\RandomGraphLauncher\bin\Debug\Models\BAModel.dll" />
      <DeploymentItem filename="C:\Users\Artak\Desktop\complexnetwork\trunk\Complex Network\libs\log4net.dll" />
      <DeploymentItem filename="C:\Users\Artak\Desktop\complexnetwork\trunk\Complex Network\RandomGraphLauncher\bin\Debug\Models\HierarchicModel.dll" />
    </Deployment>
    <Execution>
      <TestTypeSpecific>
        <UnitTestRunConfig testTypeId="13cdc9d9-ddb5-4fa4-a97d-d965ccfc6d4b">
          <AssemblyResolution>
            <TestDirectory useLoadContext="true" />
          </AssemblyResolution>
        </UnitTestRunConfig>
        <WebTestRunConfiguration testTypeId="4e7599fa-5ecb-43e9-a887-cd63cf72d207">
          <Browser name="Internet Explorer 7.0">
            <Headers>
              <Header name="User-Agent" value="Mozilla/4.0 (compatible; MSIE 7.0; Windows NT 5.1)" />
              <Header name="Accept" value="*/*" />
              <Header name="Accept-Language" value="{{$IEAcceptLanguage}}" />
              <Header name="Accept-Encoding" value="GZIP" />
            </Headers>
          </Browser>
        </WebTestRunConfiguration>
      </TestTypeSpecific>
      <AgentRule name="LocalMachineDefaultRole">
      </AgentRule>
    </Execution>
  </TestSettings>
  <Times creation="2012-06-03T14:40:10.2928968+05:00" queuing="2012-06-03T14:40:10.2928968+05:00" start="2012-06-03T14:40:10.2928968+05:00" finish="2012-06-03T14:40:10.9009302+05:00" />
  <ResultSummary outcome="Error">
    <Counters total="1" error="0" failed="0" timeout="0" aborted="0" inconclusive="0" passedButRunAborted="0" notRunnable="0" notExecuted="1" disconnected="0" warning="0" passed="0" completed="0" inProgress="0" pending="0" />
    <RunInfos>
      <RunInfo computerName="ARTAK-PC" outcome="Error" timestamp="2012-06-03T14:40:10.9009302+05:00">
        <Text>Failed to queue test run 'Artak@ARTAK-PC 2012-06-03 14:40:10': Unable to start program 'C:\Program Files (x86)\Microsoft Visual Studio 10.0\Common7\IDE\QTAgent32.exe'.

</Text>
        <Exception>System.Runtime.InteropServices.COMException (0x89710016): Unable to start program 'C:\Program Files (x86)\Microsoft Visual Studio 10.0\Common7\IDE\QTAgent32.exe'.


   at Microsoft.VisualStudio.TestTools.TestManagement.LocalControllerProxy.PrepareProcess(TestRun run)
   at Microsoft.VisualStudio.TestTools.TestManagement.LocalControllerProxy.InitializeController(TestRun run)
   at Microsoft.VisualStudio.TestTools.TestManagement.ControllerProxy.QueueTestRunWorker(Object state)</Exception>
      </RunInfo>
    </RunInfos>
  </ResultSummary>
  <TestDefinitions>
    <UnitTest name="BAFullSubGraphTest" storage="c:\users\artak\desktop\complexnetwork\trunk\complex network\modelstests\bin\debug\modelstests.dll" id="78ca188d-ecbf-30aa-4302-e4849a978d18">
      <Execution timeOut="100000" />
      <DeploymentItems>
        <DeploymentItem filename="BAModelTestData//BAInput.txt" />
        <DeploymentItem filename="BAModelTestData//BAOutput.xml" />
      </DeploymentItems>
      <TestMethod codeBase="C:/Users/Artak/Desktop/complexnetwork/trunk/Complex Network/ModelsTests/bin/Debug/ModelsTests.DLL" adapterTypeName="Microsoft.VisualStudio.TestTools.TestTypes.Unit.UnitTestAdapter, Microsoft.VisualStudio.QualityTools.Tips.UnitTest.Adapter, Version=10.0.0.0, Culture=neutral, PublicKeyToken=b03f5f7f11d50a3a" className="ModelsTests.BAModelTest, ModelsTests, Version=1.0.0.0, Culture=neutral, PublicKeyToken=null" name="BAFullSubGraphTest" />
    </UnitTest>
  </TestDefinitions>
  <TestLists>
    <TestList name="Results Not in a List" id="8c84fa94-04c1-424b-9868-57a2d4851a1d" />
    <TestList name="All Loaded Results" id="19431567-8539-422a-85d7-44ee4e166bda" />
  </TestLists>
  <TestEntries>
    <TestEntry testId="78ca188d-ecbf-30aa-4302-e4849a978d18" executionId="a643c8e9-fd0a-46f9-9c08-b1f3c77ee00b" testListId="8c84fa94-04c1-424b-9868-57a2d4851a1d" />
  </TestEntries>
  <Results>
    <UnitTestResult executionId="a643c8e9-fd0a-46f9-9c08-b1f3c77ee00b" testId="78ca188d-ecbf-30aa-4302-e4849a978d18" testName="BAFullSubGraphTest" computerName="ARTAK-PC" testType="13cdc9d9-ddb5-4fa4-a97d-d965ccfc6d4b" outcome="NotExecuted" testListId="8c84fa94-04c1-424b-9868-57a2d4851a1d" relativeResultsDirectory="a643c8e9-fd0a-46f9-9c08-b1f3c77ee00b">
    </UnitTestResult>
  </Results>
</TestRun>