<?xml version="1.0" encoding="UTF-8"?>
<TestRun id="7459fe2c-0d1f-4fdb-89b7-b87ec58dd6e7" name="Artak@ARTAK-PC 2012-06-03 14:24:14" runUser="Artak-PC\Artak" xmlns="http://microsoft.com/schemas/VisualStudio/TeamTest/2010">
  <TestSettings name="Local" id="06365d4d-a667-4a97-a950-eae68da8409b">
    <Description>These are default test settings for a local test run.</Description>
    <Deployment userDeploymentRoot="C:\Users\Artak\Desktop\complexnetwork\trunk\Complex Network\TestResults" useDefaultDeploymentRoot="false" runDeploymentRoot="Artak_ARTAK-PC 2012-06-03 14_24_14">
      <DeploymentItem filename="C:\Users\Artak\Desktop\complexnetwork\trunk\Complex Network\ResultStorage\bin\Debug\ResultStorage.dll" />
      <DeploymentItem filename="C:\Users\Artak\Desktop\complexnetwork\trunk\Complex Network\libs\log4net.dll" />
      <DeploymentItem filename="C:\Users\Artak\Desktop\complexnetwork\trunk\Complex Network\RandomGraphLauncher\bin\Debug\Models\ERmodel.dll" />
      <DeploymentItem filename="C:\Users\Artak\Desktop\complexnetwork\trunk\Complex Network\CommonLibrary\bin\Debug\CommonLibrary.dll" />
      <DeploymentItem filename="C:\Users\Artak\Desktop\complexnetwork\trunk\Complex Network\RandomGraphLauncher\bin\Debug\Models\WSModel.dll" />
      <DeploymentItem filename="C:\Users\Artak\Desktop\complexnetwork\trunk\Complex Network\GenericAlgorithms\bin\Debug\GenericAlgorithms.dll" />
      <DeploymentItem filename="C:\Users\Artak\Desktop\complexnetwork\trunk\Complex Network\RandomGraphLauncher\bin\Debug\Models\BAModel.dll" />
      <DeploymentItem filename="C:\Users\Artak\Desktop\complexnetwork\trunk\Complex Network\RandomGraphLauncher\bin\Debug\Models\HierarchicModel.dll" />
    </Deployment>
    <Execution>
      <TestTypeSpecific>
        <UnitTestRunConfig testTypeId="13cdc9d9-ddb5-4fa4-a97d-d965ccfc6d4b">
          <AssemblyResolution>
            <TestDirectory useLoadContext="true" />
          </AssemblyResolution>
        </UnitTestRunConfig>
        <WebTestRunConfiguration testTypeId="4e7599fa-5ecb-43e9-a887-cd63cf72d207">
          <Browser name="Internet Explorer 7.0">
            <Headers>
              <Header name="User-Agent" value="Mozilla/4.0 (compatible; MSIE 7.0; Windows NT 5.1)" />
              <Header name="Accept" value="*/*" />
              <Header name="Accept-Language" value="{{$IEAcceptLanguage}}" />
              <Header name="Accept-Encoding" value="GZIP" />
            </Headers>
          </Browser>
        </WebTestRunConfiguration>
      </TestTypeSpecific>
      <AgentRule name="LocalMachineDefaultRole">
      </AgentRule>
    </Execution>
  </TestSettings>
  <Times creation="2012-06-03T14:24:14.7060920+05:00" queuing="2012-06-03T14:24:15.2281218+05:00" start="2012-06-03T14:24:15.3281275+05:00" finish="2012-06-03T14:25:16.3271134+05:00" />
  <ResultSummary outcome="Error">
    <Counters total="1" executed="1" error="0" failed="0" timeout="0" aborted="1" inconclusive="0" passedButRunAborted="0" notRunnable="0" notExecuted="0" disconnected="0" warning="0" passed="0" completed="0" inProgress="0" pending="0" />
    <RunInfos>
      <RunInfo computerName="ARTAK-PC" outcome="Error" timestamp="2012-06-03T14:25:16.3261133+05:00">
        <Text>Test host process exited unexpectedly.</Text>
      </RunInfo>
    </RunInfos>
  </ResultSummary>
  <TestDefinitions>
    <UnitTest name="EigenValueTest" storage="c:\users\artak\desktop\complexnetwork\trunk\complex network\modelstests\bin\debug\modelstests.dll" id="3f6ee0d3-3570-2b7e-4bab-37a89495a94e">
      <Execution timeOut="100" id="e0cf153a-ea5f-47af-b6af-e26f61fedf24" />
      <DeploymentItems>
        <DeploymentItem filename="WSModelTestData//WSInput.txt" />
        <DeploymentItem filename="WSModelTestData//WSOutput.xml" />
      </DeploymentItems>
      <TestMethod codeBase="C:/Users/Artak/Desktop/complexnetwork/trunk/Complex Network/ModelsTests/bin/Debug/ModelsTests.DLL" adapterTypeName="Microsoft.VisualStudio.TestTools.TestTypes.Unit.UnitTestAdapter, Microsoft.VisualStudio.QualityTools.Tips.UnitTest.Adapter, Version=10.0.0.0, Culture=neutral, PublicKeyToken=b03f5f7f11d50a3a" className="ModelsTests.WSModelTest, ModelsTests, Version=1.0.0.0, Culture=neutral, PublicKeyToken=null" name="EigenValueTest" />
    </UnitTest>
  </TestDefinitions>
  <TestLists>
    <TestList name="Results Not in a List" id="8c84fa94-04c1-424b-9868-57a2d4851a1d" />
    <TestList name="All Loaded Results" id="19431567-8539-422a-85d7-44ee4e166bda" />
  </TestLists>
  <TestEntries>
    <TestEntry testId="3f6ee0d3-3570-2b7e-4bab-37a89495a94e" executionId="e0cf153a-ea5f-47af-b6af-e26f61fedf24" testListId="8c84fa94-04c1-424b-9868-57a2d4851a1d" />
  </TestEntries>
  <Results>
    <UnitTestResult executionId="e0cf153a-ea5f-47af-b6af-e26f61fedf24" testId="3f6ee0d3-3570-2b7e-4bab-37a89495a94e" testName="EigenValueTest" computerName="ARTAK-PC" duration="00:01:00.9219815" startTime="2012-06-03T14:24:15.4051319+05:00" endTime="2012-06-03T14:25:16.3271134+05:00" testType="13cdc9d9-ddb5-4fa4-a97d-d965ccfc6d4b" outcome="Aborted" testListId="8c84fa94-04c1-424b-9868-57a2d4851a1d" relativeResultsDirectory="e0cf153a-ea5f-47af-b6af-e26f61fedf24">
    </UnitTestResult>
  </Results>
</TestRun>