<?xml version="1.0" encoding="UTF-8"?>
<TestRun id="2d166497-d7ed-49d3-aadc-875436c94785" name="Artak@ARTAK-PC 2012-06-03 14:32:35" runUser="Artak-PC\Artak" xmlns="http://microsoft.com/schemas/VisualStudio/TeamTest/2010">
  <TestSettings name="Local" id="06365d4d-a667-4a97-a950-eae68da8409b">
    <Description>These are default test settings for a local test run.</Description>
    <Deployment runDeploymentRoot="Artak_ARTAK-PC 2012-06-03 14_32_35">
      <DeploymentItem filename="C:\Users\Artak\Desktop\complexnetwork\trunk\Complex Network\ResultStorage\bin\Debug\ResultStorage.dll" />
      <DeploymentItem filename="C:\Users\Artak\Desktop\complexnetwork\trunk\Complex Network\RandomGraphLauncher\bin\Debug\Models\WSModel.dll" />
      <DeploymentItem filename="C:\Users\Artak\Desktop\complexnetwork\trunk\Complex Network\RandomGraphLauncher\bin\Debug\Models\ERmodel.dll" />
      <DeploymentItem filename="C:\Users\Artak\Desktop\complexnetwork\trunk\Complex Network\CommonLibrary\bin\Debug\CommonLibrary.dll" />
      <DeploymentItem filename="C:\Users\Artak\Desktop\complexnetwork\trunk\Complex Network\GenericAlgorithms\bin\Debug\GenericAlgorithms.dll" />
      <DeploymentItem filename="C:\Users\Artak\Desktop\complexnetwork\trunk\Complex Network\RandomGraphLauncher\bin\Debug\Models\BAModel.dll" />
      <DeploymentItem filename="C:\Users\Artak\Desktop\complexnetwork\trunk\Complex Network\libs\log4net.dll" />
      <DeploymentItem filename="C:\Users\Artak\Desktop\complexnetwork\trunk\Complex Network\RandomGraphLauncher\bin\Debug\Models\HierarchicModel.dll" />
    </Deployment>
    <Execution>
      <TestTypeSpecific>
        <UnitTestRunConfig testTypeId="13cdc9d9-ddb5-4fa4-a97d-d965ccfc6d4b">
          <AssemblyResolution>
            <TestDirectory useLoadContext="true" />
          </AssemblyResolution>
        </UnitTestRunConfig>
        <WebTestRunConfiguration testTypeId="4e7599fa-5ecb-43e9-a887-cd63cf72d207">
          <Browser name="Internet Explorer 7.0">
            <Headers>
              <Header name="User-Agent" value="Mozilla/4.0 (compatible; MSIE 7.0; Windows NT 5.1)" />
              <Header name="Accept" value="*/*" />
              <Header name="Accept-Language" value="{{$IEAcceptLanguage}}" />
              <Header name="Accept-Encoding" value="GZIP" />
            </Headers>
          </Browser>
        </WebTestRunConfiguration>
      </TestTypeSpecific>
      <AgentRule name="LocalMachineDefaultRole">
      </AgentRule>
    </Execution>
  </TestSettings>
  <Times creation="2012-06-03T14:32:35.5924749+05:00" queuing="2012-06-03T14:32:35.5924749+05:00" start="2012-06-03T14:32:35.5924749+05:00" finish="2012-06-03T14:32:36.1965051+05:00" />
  <ResultSummary outcome="Error">
    <Counters total="32" error="0" failed="0" timeout="0" aborted="0" inconclusive="0" passedButRunAborted="0" notRunnable="0" notExecuted="32" disconnected="0" warning="0" passed="0" completed="0" inProgress="0" pending="0" />
    <RunInfos>
      <RunInfo computerName="ARTAK-PC" outcome="Error" timestamp="2012-06-03T14:32:36.1925049+05:00">
        <Text>Failed to queue test run 'Artak@ARTAK-PC 2012-06-03 14:32:35': Unable to start program 'C:\Program Files (x86)\Microsoft Visual Studio 10.0\Common7\IDE\QTAgent32.exe'.

</Text>
        <Exception>System.Runtime.InteropServices.COMException (0x89710016): Unable to start program 'C:\Program Files (x86)\Microsoft Visual Studio 10.0\Common7\IDE\QTAgent32.exe'.


   at Microsoft.VisualStudio.TestTools.TestManagement.LocalControllerProxy.PrepareProcess(TestRun run)
   at Microsoft.VisualStudio.TestTools.TestManagement.LocalControllerProxy.InitializeController(TestRun run)
   at Microsoft.VisualStudio.TestTools.TestManagement.ControllerProxy.QueueTestRunWorker(Object state)</Exception>
      </RunInfo>
    </RunInfos>
  </ResultSummary>
  <TestDefinitions>
    <UnitTest name="EigenValueTest" storage="c:\users\artak\desktop\complexnetwork\trunk\complex network\modelstests\bin\debug\modelstests.dll" id="3f6ee0d3-3570-2b7e-4bab-37a89495a94e">
      <Execution timeOut="100" id="49e73d10-f427-400e-a2c9-4bc692eb6bc3" />
      <DeploymentItems>
        <DeploymentItem filename="WSModelTestData//WSInput.txt" />
        <DeploymentItem filename="WSModelTestData//WSOutput.xml" />
      </DeploymentItems>
      <TestMethod codeBase="C:/Users/Artak/Desktop/complexnetwork/trunk/Complex Network/ModelsTests/bin/Debug/ModelsTests.DLL" adapterTypeName="Microsoft.VisualStudio.TestTools.TestTypes.Unit.UnitTestAdapter, Microsoft.VisualStudio.QualityTools.Tips.UnitTest.Adapter, Version=10.0.0.0, Culture=neutral, PublicKeyToken=b03f5f7f11d50a3a" className="ModelsTests.WSModelTest, ModelsTests, Version=1.0.0.0, Culture=neutral, PublicKeyToken=null" name="EigenValueTest" />
    </UnitTest>
    <UnitTest name="BAAveragePathTest" storage="c:\users\artak\desktop\complexnetwork\trunk\complex network\modelstests\bin\debug\modelstests.dll" id="529ca51b-424a-1e19-e041-295f6fe62ce4">
      <Execution timeOut="100000" id="c570bdac-1a01-4cf4-a9aa-1f440198deeb" />
      <DeploymentItems>
        <DeploymentItem filename="BAModelTestData//BAInput.txt" />
        <DeploymentItem filename="BAModelTestData//BAOutput.xml" />
      </DeploymentItems>
      <TestMethod codeBase="C:/Users/Artak/Desktop/complexnetwork/trunk/Complex Network/ModelsTests/bin/Debug/ModelsTests.DLL" adapterTypeName="Microsoft.VisualStudio.TestTools.TestTypes.Unit.UnitTestAdapter, Microsoft.VisualStudio.QualityTools.Tips.UnitTest.Adapter, Version=10.0.0.0, Culture=neutral, PublicKeyToken=b03f5f7f11d50a3a" className="ModelsTests.BAModelTest, ModelsTests, Version=1.0.0.0, Culture=neutral, PublicKeyToken=null" name="BAAveragePathTest" />
    </UnitTest>
    <UnitTest name="Cycles4Test" storage="c:\users\artak\desktop\complexnetwork\trunk\complex network\modelstests\bin\debug\modelstests.dll" id="4d5520e0-f64f-3d1c-bed2-44b4d9347d22">
      <Execution timeOut="100" id="0211cc5a-ebeb-4a09-8272-e8b46cd16922" />
      <DeploymentItems>
        <DeploymentItem filename="WSModelTestData//WSInput.txt" />
        <DeploymentItem filename="WSModelTestData//WSOutput.xml" />
      </DeploymentItems>
      <TestMethod codeBase="C:/Users/Artak/Desktop/complexnetwork/trunk/Complex Network/ModelsTests/bin/Debug/ModelsTests.DLL" adapterTypeName="Microsoft.VisualStudio.TestTools.TestTypes.Unit.UnitTestAdapter, Microsoft.VisualStudio.QualityTools.Tips.UnitTest.Adapter, Version=10.0.0.0, Culture=neutral, PublicKeyToken=b03f5f7f11d50a3a" className="ModelsTests.WSModelTest, ModelsTests, Version=1.0.0.0, Culture=neutral, PublicKeyToken=null" name="Cycles4Test" />
    </UnitTest>
    <UnitTest name="BACycles3Test" storage="c:\users\artak\desktop\complexnetwork\trunk\complex network\modelstests\bin\debug\modelstests.dll" id="9d7ce3ef-7f17-a6cd-3048-24c367acdc29">
      <Execution timeOut="100000" id="a70e9d7a-cad9-48f1-a592-fe836e395825" />
      <DeploymentItems>
        <DeploymentItem filename="BAModelTestData//BAInput.txt" />
        <DeploymentItem filename="BAModelTestData//BAOutput.xml" />
      </DeploymentItems>
      <TestMethod codeBase="C:/Users/Artak/Desktop/complexnetwork/trunk/Complex Network/ModelsTests/bin/Debug/ModelsTests.DLL" adapterTypeName="Microsoft.VisualStudio.TestTools.TestTypes.Unit.UnitTestAdapter, Microsoft.VisualStudio.QualityTools.Tips.UnitTest.Adapter, Version=10.0.0.0, Culture=neutral, PublicKeyToken=b03f5f7f11d50a3a" className="ModelsTests.BAModelTest, ModelsTests, Version=1.0.0.0, Culture=neutral, PublicKeyToken=null" name="BACycles3Test" />
    </UnitTest>
    <UnitTest name="AveragePathTest" storage="c:\users\artak\desktop\complexnetwork\trunk\complex network\modelstests\bin\debug\modelstests.dll" id="10236cba-9b57-dfe0-f372-5bdd2158aba9">
      <Execution timeOut="100" id="f545ae92-725a-4318-af09-78e8bfd54704" />
      <DeploymentItems>
        <DeploymentItem filename="WSModelTestData//WSInput.txt" />
        <DeploymentItem filename="WSModelTestData//WSOutput.xml" />
      </DeploymentItems>
      <TestMethod codeBase="C:/Users/Artak/Desktop/complexnetwork/trunk/Complex Network/ModelsTests/bin/Debug/ModelsTests.DLL" adapterTypeName="Microsoft.VisualStudio.TestTools.TestTypes.Unit.UnitTestAdapter, Microsoft.VisualStudio.QualityTools.Tips.UnitTest.Adapter, Version=10.0.0.0, Culture=neutral, PublicKeyToken=b03f5f7f11d50a3a" className="ModelsTests.WSModelTest, ModelsTests, Version=1.0.0.0, Culture=neutral, PublicKeyToken=null" name="AveragePathTest" />
    </UnitTest>
    <UnitTest name="ERFullSubGraphTest" storage="c:\users\artak\desktop\complexnetwork\trunk\complex network\modelstests\bin\debug\modelstests.dll" id="769547a9-708d-428b-1b69-59e0a34bd815">
      <Execution timeOut="100000" id="5c23c46c-5168-49cd-afe5-5b227033e7fd" />
      <DeploymentItems>
        <DeploymentItem filename="ERModelTestData//ERInput.txt" />
        <DeploymentItem filename="ERModelTestData//EROutput.xml" />
      </DeploymentItems>
      <TestMethod codeBase="C:/Users/Artak/Desktop/complexnetwork/trunk/Complex Network/ModelsTests/bin/Debug/ModelsTests.DLL" adapterTypeName="Microsoft.VisualStudio.TestTools.TestTypes.Unit.UnitTestAdapter, Microsoft.VisualStudio.QualityTools.Tips.UnitTest.Adapter, Version=10.0.0.0, Culture=neutral, PublicKeyToken=b03f5f7f11d50a3a" className="ModelsTests.ERModelTest, ModelsTests, Version=1.0.0.0, Culture=neutral, PublicKeyToken=null" name="ERFullSubGraphTest" />
    </UnitTest>
    <UnitTest name="CyclesTest" storage="c:\users\artak\desktop\complexnetwork\trunk\complex network\modelstests\bin\debug\modelstests.dll" id="95fc77d0-b4fa-d331-f0c6-2df324ff163a">
      <Execution timeOut="100" id="a76bbcc6-f0e0-447a-bf25-555b077d6a62" />
      <DeploymentItems>
        <DeploymentItem filename="WSModelTestData//WSInput.txt" />
        <DeploymentItem filename="WSModelTestData//WSOutput.xml" />
      </DeploymentItems>
      <TestMethod codeBase="C:/Users/Artak/Desktop/complexnetwork/trunk/Complex Network/ModelsTests/bin/Debug/ModelsTests.DLL" adapterTypeName="Microsoft.VisualStudio.TestTools.TestTypes.Unit.UnitTestAdapter, Microsoft.VisualStudio.QualityTools.Tips.UnitTest.Adapter, Version=10.0.0.0, Culture=neutral, PublicKeyToken=b03f5f7f11d50a3a" className="ModelsTests.WSModelTest, ModelsTests, Version=1.0.0.0, Culture=neutral, PublicKeyToken=null" name="CyclesTest" />
    </UnitTest>
    <UnitTest name="BACycles4Test" storage="c:\users\artak\desktop\complexnetwork\trunk\complex network\modelstests\bin\debug\modelstests.dll" id="be7bcd70-a5bf-1762-761b-affe1cc141a1">
      <Execution timeOut="100000" id="6a66b6af-dc90-4e69-bc63-5c8b5110dfc4" />
      <DeploymentItems>
        <DeploymentItem filename="BAModelTestData//BAInput.txt" />
        <DeploymentItem filename="BAModelTestData//BAOutput.xml" />
      </DeploymentItems>
      <TestMethod codeBase="C:/Users/Artak/Desktop/complexnetwork/trunk/Complex Network/ModelsTests/bin/Debug/ModelsTests.DLL" adapterTypeName="Microsoft.VisualStudio.TestTools.TestTypes.Unit.UnitTestAdapter, Microsoft.VisualStudio.QualityTools.Tips.UnitTest.Adapter, Version=10.0.0.0, Culture=neutral, PublicKeyToken=b03f5f7f11d50a3a" className="ModelsTests.BAModelTest, ModelsTests, Version=1.0.0.0, Culture=neutral, PublicKeyToken=null" name="BACycles4Test" />
    </UnitTest>
    <UnitTest name="BAFullSubGraphTest" storage="c:\users\artak\desktop\complexnetwork\trunk\complex network\modelstests\bin\debug\modelstests.dll" id="78ca188d-ecbf-30aa-4302-e4849a978d18">
      <Execution timeOut="100000" id="cf1d9220-4973-4294-8eaf-6afaf7bb968f" />
      <DeploymentItems>
        <DeploymentItem filename="BAModelTestData//BAInput.txt" />
        <DeploymentItem filename="BAModelTestData//BAOutput.xml" />
      </DeploymentItems>
      <TestMethod codeBase="C:/Users/Artak/Desktop/complexnetwork/trunk/Complex Network/ModelsTests/bin/Debug/ModelsTests.DLL" adapterTypeName="Microsoft.VisualStudio.TestTools.TestTypes.Unit.UnitTestAdapter, Microsoft.VisualStudio.QualityTools.Tips.UnitTest.Adapter, Version=10.0.0.0, Culture=neutral, PublicKeyToken=b03f5f7f11d50a3a" className="ModelsTests.BAModelTest, ModelsTests, Version=1.0.0.0, Culture=neutral, PublicKeyToken=null" name="BAFullSubGraphTest" />
    </UnitTest>
    <UnitTest name="ClusteringCoefficientTest" storage="c:\users\artak\desktop\complexnetwork\trunk\complex network\modelstests\bin\debug\modelstests.dll" id="aa3a78ac-0648-f256-c670-e431f6385b6f">
      <Execution timeOut="100" id="86d07190-8089-4be5-91c6-5eb9588f2584" />
      <DeploymentItems>
        <DeploymentItem filename="WSModelTestData//WSInput.txt" />
        <DeploymentItem filename="WSModelTestData//WSOutput.xml" />
      </DeploymentItems>
      <TestMethod codeBase="C:/Users/Artak/Desktop/complexnetwork/trunk/Complex Network/ModelsTests/bin/Debug/ModelsTests.DLL" adapterTypeName="Microsoft.VisualStudio.TestTools.TestTypes.Unit.UnitTestAdapter, Microsoft.VisualStudio.QualityTools.Tips.UnitTest.Adapter, Version=10.0.0.0, Culture=neutral, PublicKeyToken=b03f5f7f11d50a3a" className="ModelsTests.WSModelTest, ModelsTests, Version=1.0.0.0, Culture=neutral, PublicKeyToken=null" name="ClusteringCoefficientTest" />
    </UnitTest>
    <UnitTest name="BADistEigenPathTest" storage="c:\users\artak\desktop\complexnetwork\trunk\complex network\modelstests\bin\debug\modelstests.dll" id="36cc869a-4de0-8973-837e-295f29c8dc78">
      <Execution timeOut="100000" id="33027621-fc71-4b25-9699-f8e572c023f2" />
      <DeploymentItems>
        <DeploymentItem filename="BAModelTestData//BAInput.txt" />
        <DeploymentItem filename="BAModelTestData//BAOutput.xml" />
      </DeploymentItems>
      <TestMethod codeBase="C:/Users/Artak/Desktop/complexnetwork/trunk/Complex Network/ModelsTests/bin/Debug/ModelsTests.DLL" adapterTypeName="Microsoft.VisualStudio.TestTools.TestTypes.Unit.UnitTestAdapter, Microsoft.VisualStudio.QualityTools.Tips.UnitTest.Adapter, Version=10.0.0.0, Culture=neutral, PublicKeyToken=b03f5f7f11d50a3a" className="ModelsTests.BAModelTest, ModelsTests, Version=1.0.0.0, Culture=neutral, PublicKeyToken=null" name="BADistEigenPathTest" />
    </UnitTest>
    <UnitTest name="MinPathDistTest" storage="c:\users\artak\desktop\complexnetwork\trunk\complex network\modelstests\bin\debug\modelstests.dll" id="895a8e04-2717-39d0-137f-e866ab032d58">
      <Execution timeOut="100" id="b862b294-67ca-45d2-825c-da72972d1bc3" />
      <DeploymentItems>
        <DeploymentItem filename="WSModelTestData//WSInput.txt" />
        <DeploymentItem filename="WSModelTestData//WSOutput.xml" />
      </DeploymentItems>
      <TestMethod codeBase="C:/Users/Artak/Desktop/complexnetwork/trunk/Complex Network/ModelsTests/bin/Debug/ModelsTests.DLL" adapterTypeName="Microsoft.VisualStudio.TestTools.TestTypes.Unit.UnitTestAdapter, Microsoft.VisualStudio.QualityTools.Tips.UnitTest.Adapter, Version=10.0.0.0, Culture=neutral, PublicKeyToken=b03f5f7f11d50a3a" className="ModelsTests.WSModelTest, ModelsTests, Version=1.0.0.0, Culture=neutral, PublicKeyToken=null" name="MinPathDistTest" />
    </UnitTest>
    <UnitTest name="BAMotivesTest" storage="c:\users\artak\desktop\complexnetwork\trunk\complex network\modelstests\bin\debug\modelstests.dll" id="ec1ad126-00b5-99f5-d9cf-d01acf6f658d">
      <Execution timeOut="100000" id="272d29bd-69de-43dc-8311-ff4434f1ccac" />
      <DeploymentItems>
        <DeploymentItem filename="BAModelTestData//BAInput.txt" />
        <DeploymentItem filename="BAModelTestData//BAOutput.xml" />
      </DeploymentItems>
      <TestMethod codeBase="C:/Users/Artak/Desktop/complexnetwork/trunk/Complex Network/ModelsTests/bin/Debug/ModelsTests.DLL" adapterTypeName="Microsoft.VisualStudio.TestTools.TestTypes.Unit.UnitTestAdapter, Microsoft.VisualStudio.QualityTools.Tips.UnitTest.Adapter, Version=10.0.0.0, Culture=neutral, PublicKeyToken=b03f5f7f11d50a3a" className="ModelsTests.BAModelTest, ModelsTests, Version=1.0.0.0, Culture=neutral, PublicKeyToken=null" name="BAMotivesTest" />
    </UnitTest>
    <UnitTest name="BADegreeDistributionTest" storage="c:\users\artak\desktop\complexnetwork\trunk\complex network\modelstests\bin\debug\modelstests.dll" id="de3eba91-9142-ae92-71e7-a0b12b643760">
      <Execution timeOut="100000" id="f6ce137b-615e-44cd-948e-95b1f1eea882" />
      <DeploymentItems>
        <DeploymentItem filename="BAModelTestData//BAInput.txt" />
        <DeploymentItem filename="BAModelTestData//BAOutput.xml" />
      </DeploymentItems>
      <TestMethod codeBase="C:/Users/Artak/Desktop/complexnetwork/trunk/Complex Network/ModelsTests/bin/Debug/ModelsTests.DLL" adapterTypeName="Microsoft.VisualStudio.TestTools.TestTypes.Unit.UnitTestAdapter, Microsoft.VisualStudio.QualityTools.Tips.UnitTest.Adapter, Version=10.0.0.0, Culture=neutral, PublicKeyToken=b03f5f7f11d50a3a" className="ModelsTests.BAModelTest, ModelsTests, Version=1.0.0.0, Culture=neutral, PublicKeyToken=null" name="BADegreeDistributionTest" />
    </UnitTest>
    <UnitTest name="BAEigenValueTest" storage="c:\users\artak\desktop\complexnetwork\trunk\complex network\modelstests\bin\debug\modelstests.dll" id="8afb1dd9-d132-f512-1490-26f7fc0202e0">
      <Execution timeOut="100000" id="588a89f0-0f42-41d7-917c-45c897661e68" />
      <DeploymentItems>
        <DeploymentItem filename="BAModelTestData//BAInput.txt" />
        <DeploymentItem filename="BAModelTestData//BAOutput.xml" />
      </DeploymentItems>
      <TestMethod codeBase="C:/Users/Artak/Desktop/complexnetwork/trunk/Complex Network/ModelsTests/bin/Debug/ModelsTests.DLL" adapterTypeName="Microsoft.VisualStudio.TestTools.TestTypes.Unit.UnitTestAdapter, Microsoft.VisualStudio.QualityTools.Tips.UnitTest.Adapter, Version=10.0.0.0, Culture=neutral, PublicKeyToken=b03f5f7f11d50a3a" className="ModelsTests.BAModelTest, ModelsTests, Version=1.0.0.0, Culture=neutral, PublicKeyToken=null" name="BAEigenValueTest" />
    </UnitTest>
    <UnitTest name="ERDegreeDistributionTest" storage="c:\users\artak\desktop\complexnetwork\trunk\complex network\modelstests\bin\debug\modelstests.dll" id="bc7c2973-70c2-7d8e-2a94-e3623ae0f217">
      <Execution timeOut="100000" id="429874b4-fd6d-4649-8fc6-17f8b43b56d4" />
      <DeploymentItems>
        <DeploymentItem filename="ERModelTestData//EROutput.xml" />
        <DeploymentItem filename="ERModelTestData//ERInput.txt" />
      </DeploymentItems>
      <TestMethod codeBase="C:/Users/Artak/Desktop/complexnetwork/trunk/Complex Network/ModelsTests/bin/Debug/ModelsTests.DLL" adapterTypeName="Microsoft.VisualStudio.TestTools.TestTypes.Unit.UnitTestAdapter, Microsoft.VisualStudio.QualityTools.Tips.UnitTest.Adapter, Version=10.0.0.0, Culture=neutral, PublicKeyToken=b03f5f7f11d50a3a" className="ModelsTests.ERModelTest, ModelsTests, Version=1.0.0.0, Culture=neutral, PublicKeyToken=null" name="ERDegreeDistributionTest" />
    </UnitTest>
    <UnitTest name="ERMinPathDistTest" storage="c:\users\artak\desktop\complexnetwork\trunk\complex network\modelstests\bin\debug\modelstests.dll" id="241c850e-1767-20c7-3823-7cdb3a877002">
      <Execution timeOut="100000" id="5cbad23d-fdd4-4a3c-8eb2-9fb3294fd412" />
      <DeploymentItems>
        <DeploymentItem filename="ERModelTestData//ERInput.txt" />
        <DeploymentItem filename="ERModelTestData//EROutput.xml" />
      </DeploymentItems>
      <TestMethod codeBase="C:/Users/Artak/Desktop/complexnetwork/trunk/Complex Network/ModelsTests/bin/Debug/ModelsTests.DLL" adapterTypeName="Microsoft.VisualStudio.TestTools.TestTypes.Unit.UnitTestAdapter, Microsoft.VisualStudio.QualityTools.Tips.UnitTest.Adapter, Version=10.0.0.0, Culture=neutral, PublicKeyToken=b03f5f7f11d50a3a" className="ModelsTests.ERModelTest, ModelsTests, Version=1.0.0.0, Culture=neutral, PublicKeyToken=null" name="ERMinPathDistTest" />
    </UnitTest>
    <UnitTest name="BAMinPathDistTest" storage="c:\users\artak\desktop\complexnetwork\trunk\complex network\modelstests\bin\debug\modelstests.dll" id="4f18a51e-7135-51c7-cdfd-e029c9ebd5a5">
      <Execution timeOut="100000" id="1bea8eb9-5af3-4b31-ab1b-eca5ec932ac8" />
      <DeploymentItems>
        <DeploymentItem filename="BAModelTestData//BAInput.txt" />
        <DeploymentItem filename="BAModelTestData//BAOutput.xml" />
      </DeploymentItems>
      <TestMethod codeBase="C:/Users/Artak/Desktop/complexnetwork/trunk/Complex Network/ModelsTests/bin/Debug/ModelsTests.DLL" adapterTypeName="Microsoft.VisualStudio.TestTools.TestTypes.Unit.UnitTestAdapter, Microsoft.VisualStudio.QualityTools.Tips.UnitTest.Adapter, Version=10.0.0.0, Culture=neutral, PublicKeyToken=b03f5f7f11d50a3a" className="ModelsTests.BAModelTest, ModelsTests, Version=1.0.0.0, Culture=neutral, PublicKeyToken=null" name="BAMinPathDistTest" />
    </UnitTest>
    <UnitTest name="ERClusteringCoefficientTest" storage="c:\users\artak\desktop\complexnetwork\trunk\complex network\modelstests\bin\debug\modelstests.dll" id="b3187619-d33c-cf03-a63b-f80f761ae2cc">
      <Execution timeOut="100000" id="ca4d9007-16a2-4110-bcd5-646dfd9ea231" />
      <DeploymentItems>
        <DeploymentItem filename="ERModelTestData//ERInput.txt" />
        <DeploymentItem filename="ERModelTestData//EROutput.xml" />
      </DeploymentItems>
      <TestMethod codeBase="C:/Users/Artak/Desktop/complexnetwork/trunk/Complex Network/ModelsTests/bin/Debug/ModelsTests.DLL" adapterTypeName="Microsoft.VisualStudio.TestTools.TestTypes.Unit.UnitTestAdapter, Microsoft.VisualStudio.QualityTools.Tips.UnitTest.Adapter, Version=10.0.0.0, Culture=neutral, PublicKeyToken=b03f5f7f11d50a3a" className="ModelsTests.ERModelTest, ModelsTests, Version=1.0.0.0, Culture=neutral, PublicKeyToken=null" name="ERClusteringCoefficientTest" />
    </UnitTest>
    <UnitTest name="FullSubGraphTest" storage="c:\users\artak\desktop\complexnetwork\trunk\complex network\modelstests\bin\debug\modelstests.dll" id="279e726c-ee8d-0c66-4427-5552d22e7a5f">
      <Execution timeOut="100" id="7ae069e5-7b69-4cf6-950d-972a5f8d4806" />
      <DeploymentItems>
        <DeploymentItem filename="WSModelTestData//WSInput.txt" />
        <DeploymentItem filename="WSModelTestData//WSOutput.xml" />
      </DeploymentItems>
      <TestMethod codeBase="C:/Users/Artak/Desktop/complexnetwork/trunk/Complex Network/ModelsTests/bin/Debug/ModelsTests.DLL" adapterTypeName="Microsoft.VisualStudio.TestTools.TestTypes.Unit.UnitTestAdapter, Microsoft.VisualStudio.QualityTools.Tips.UnitTest.Adapter, Version=10.0.0.0, Culture=neutral, PublicKeyToken=b03f5f7f11d50a3a" className="ModelsTests.WSModelTest, ModelsTests, Version=1.0.0.0, Culture=neutral, PublicKeyToken=null" name="FullSubGraphTest" />
    </UnitTest>
    <UnitTest name="BADiameterTest" storage="c:\users\artak\desktop\complexnetwork\trunk\complex network\modelstests\bin\debug\modelstests.dll" id="e836ab81-dd67-5300-249c-d7748cc04eb3">
      <Execution timeOut="100000" id="8cf55c58-212e-4a5e-ae35-b8efb45c32bf" />
      <DeploymentItems>
        <DeploymentItem filename="BAModelTestData//BAInput.txt" />
        <DeploymentItem filename="BAModelTestData//BAOutput.xml" />
      </DeploymentItems>
      <TestMethod codeBase="C:/Users/Artak/Desktop/complexnetwork/trunk/Complex Network/ModelsTests/bin/Debug/ModelsTests.DLL" adapterTypeName="Microsoft.VisualStudio.TestTools.TestTypes.Unit.UnitTestAdapter, Microsoft.VisualStudio.QualityTools.Tips.UnitTest.Adapter, Version=10.0.0.0, Culture=neutral, PublicKeyToken=b03f5f7f11d50a3a" className="ModelsTests.BAModelTest, ModelsTests, Version=1.0.0.0, Culture=neutral, PublicKeyToken=null" name="BADiameterTest" />
    </UnitTest>
    <UnitTest name="ERCyclesTest" storage="c:\users\artak\desktop\complexnetwork\trunk\complex network\modelstests\bin\debug\modelstests.dll" id="490b5308-3b85-07ed-c42b-c14e2d465265">
      <Execution timeOut="100000" id="6f08cec6-f1c1-4fa7-874d-128132b44fc6" />
      <DeploymentItems>
        <DeploymentItem filename="ERModelTestData//ERInput.txt" />
        <DeploymentItem filename="ERModelTestData//EROutput.xml" />
      </DeploymentItems>
      <TestMethod codeBase="C:/Users/Artak/Desktop/complexnetwork/trunk/Complex Network/ModelsTests/bin/Debug/ModelsTests.DLL" adapterTypeName="Microsoft.VisualStudio.TestTools.TestTypes.Unit.UnitTestAdapter, Microsoft.VisualStudio.QualityTools.Tips.UnitTest.Adapter, Version=10.0.0.0, Culture=neutral, PublicKeyToken=b03f5f7f11d50a3a" className="ModelsTests.ERModelTest, ModelsTests, Version=1.0.0.0, Culture=neutral, PublicKeyToken=null" name="ERCyclesTest" />
    </UnitTest>
    <UnitTest name="Cycles3Test" storage="c:\users\artak\desktop\complexnetwork\trunk\complex network\modelstests\bin\debug\modelstests.dll" id="09e4d43b-2f83-86ac-6f1b-70381c9c9a71">
      <Execution timeOut="100" id="7b7c1e42-abc7-4d90-a497-c8f31fa6e763" />
      <DeploymentItems>
        <DeploymentItem filename="WSModelTestData//WSInput.txt" />
        <DeploymentItem filename="WSModelTestData//WSOutput.xml" />
      </DeploymentItems>
      <TestMethod codeBase="C:/Users/Artak/Desktop/complexnetwork/trunk/Complex Network/ModelsTests/bin/Debug/ModelsTests.DLL" adapterTypeName="Microsoft.VisualStudio.TestTools.TestTypes.Unit.UnitTestAdapter, Microsoft.VisualStudio.QualityTools.Tips.UnitTest.Adapter, Version=10.0.0.0, Culture=neutral, PublicKeyToken=b03f5f7f11d50a3a" className="ModelsTests.WSModelTest, ModelsTests, Version=1.0.0.0, Culture=neutral, PublicKeyToken=null" name="Cycles3Test" />
    </UnitTest>
    <UnitTest name="EREigenValueTest" storage="c:\users\artak\desktop\complexnetwork\trunk\complex network\modelstests\bin\debug\modelstests.dll" id="da08eff5-3c25-929c-4b85-c7f90857ef0a">
      <Execution timeOut="100000" id="214839c1-7dee-49bc-aac8-4d62430e465d" />
      <DeploymentItems>
        <DeploymentItem filename="ERModelTestData//ERInput.txt" />
        <DeploymentItem filename="ERModelTestData//EROutput.xml" />
      </DeploymentItems>
      <TestMethod codeBase="C:/Users/Artak/Desktop/complexnetwork/trunk/Complex Network/ModelsTests/bin/Debug/ModelsTests.DLL" adapterTypeName="Microsoft.VisualStudio.TestTools.TestTypes.Unit.UnitTestAdapter, Microsoft.VisualStudio.QualityTools.Tips.UnitTest.Adapter, Version=10.0.0.0, Culture=neutral, PublicKeyToken=b03f5f7f11d50a3a" className="ModelsTests.ERModelTest, ModelsTests, Version=1.0.0.0, Culture=neutral, PublicKeyToken=null" name="EREigenValueTest" />
    </UnitTest>
    <UnitTest name="ERAveragePathTest" storage="c:\users\artak\desktop\complexnetwork\trunk\complex network\modelstests\bin\debug\modelstests.dll" id="8c043ffa-8e32-7c78-0198-205244a44069">
      <Execution timeOut="100000" id="9f9e2a39-3e7e-417e-a02e-cb54d18ff2db" />
      <DeploymentItems>
        <DeploymentItem filename="ERModelTestData//EROutput.xml" />
        <DeploymentItem filename="ERModelTestData//ERInput.txt" />
      </DeploymentItems>
      <TestMethod codeBase="C:/Users/Artak/Desktop/complexnetwork/trunk/Complex Network/ModelsTests/bin/Debug/ModelsTests.DLL" adapterTypeName="Microsoft.VisualStudio.TestTools.TestTypes.Unit.UnitTestAdapter, Microsoft.VisualStudio.QualityTools.Tips.UnitTest.Adapter, Version=10.0.0.0, Culture=neutral, PublicKeyToken=b03f5f7f11d50a3a" className="ModelsTests.ERModelTest, ModelsTests, Version=1.0.0.0, Culture=neutral, PublicKeyToken=null" name="ERAveragePathTest" />
    </UnitTest>
    <UnitTest name="ERDistEigenPathTest" storage="c:\users\artak\desktop\complexnetwork\trunk\complex network\modelstests\bin\debug\modelstests.dll" id="9be689a9-7c18-e9b4-6583-fd2d175e0827">
      <Execution timeOut="100000" id="446d5ce3-9dd6-40fa-b743-e3728c91c479" />
      <DeploymentItems>
        <DeploymentItem filename="ERModelTestData//ERInput.txt" />
        <DeploymentItem filename="ERModelTestData//EROutput.xml" />
      </DeploymentItems>
      <TestMethod codeBase="C:/Users/Artak/Desktop/complexnetwork/trunk/Complex Network/ModelsTests/bin/Debug/ModelsTests.DLL" adapterTypeName="Microsoft.VisualStudio.TestTools.TestTypes.Unit.UnitTestAdapter, Microsoft.VisualStudio.QualityTools.Tips.UnitTest.Adapter, Version=10.0.0.0, Culture=neutral, PublicKeyToken=b03f5f7f11d50a3a" className="ModelsTests.ERModelTest, ModelsTests, Version=1.0.0.0, Culture=neutral, PublicKeyToken=null" name="ERDistEigenPathTest" />
    </UnitTest>
    <UnitTest name="ERCycles4Test" storage="c:\users\artak\desktop\complexnetwork\trunk\complex network\modelstests\bin\debug\modelstests.dll" id="4786793d-692a-fc8b-6e30-86a5570e82b7">
      <Execution timeOut="100000" id="a0e26e01-8238-4f3d-9ddc-231e6eba1dfa" />
      <DeploymentItems>
        <DeploymentItem filename="ERModelTestData//ERInput.txt" />
        <DeploymentItem filename="ERModelTestData//EROutput.xml" />
      </DeploymentItems>
      <TestMethod codeBase="C:/Users/Artak/Desktop/complexnetwork/trunk/Complex Network/ModelsTests/bin/Debug/ModelsTests.DLL" adapterTypeName="Microsoft.VisualStudio.TestTools.TestTypes.Unit.UnitTestAdapter, Microsoft.VisualStudio.QualityTools.Tips.UnitTest.Adapter, Version=10.0.0.0, Culture=neutral, PublicKeyToken=b03f5f7f11d50a3a" className="ModelsTests.ERModelTest, ModelsTests, Version=1.0.0.0, Culture=neutral, PublicKeyToken=null" name="ERCycles4Test" />
    </UnitTest>
    <UnitTest name="ERCycles3Test" storage="c:\users\artak\desktop\complexnetwork\trunk\complex network\modelstests\bin\debug\modelstests.dll" id="3f376ebd-9216-9dd2-7561-8164ec7518ba">
      <Execution timeOut="100000" id="a36f8f2a-2ec1-435c-8fe2-b931cea28346" />
      <DeploymentItems>
        <DeploymentItem filename="ERModelTestData//EROutput.xml" />
        <DeploymentItem filename="ERModelTestData//ERInput.txt" />
      </DeploymentItems>
      <TestMethod codeBase="C:/Users/Artak/Desktop/complexnetwork/trunk/Complex Network/ModelsTests/bin/Debug/ModelsTests.DLL" adapterTypeName="Microsoft.VisualStudio.TestTools.TestTypes.Unit.UnitTestAdapter, Microsoft.VisualStudio.QualityTools.Tips.UnitTest.Adapter, Version=10.0.0.0, Culture=neutral, PublicKeyToken=b03f5f7f11d50a3a" className="ModelsTests.ERModelTest, ModelsTests, Version=1.0.0.0, Culture=neutral, PublicKeyToken=null" name="ERCycles3Test" />
    </UnitTest>
    <UnitTest name="DegreeDistributionTest" storage="c:\users\artak\desktop\complexnetwork\trunk\complex network\modelstests\bin\debug\modelstests.dll" id="f1a0d255-0c61-cfee-ec58-91993a16ce5b">
      <Execution timeOut="100" id="cd1fc4ff-973f-4b43-89ea-3612448ed005" />
      <DeploymentItems>
        <DeploymentItem filename="WSModelTestData//WSInput.txt" />
        <DeploymentItem filename="WSModelTestData//WSOutput.xml" />
      </DeploymentItems>
      <TestMethod codeBase="C:/Users/Artak/Desktop/complexnetwork/trunk/Complex Network/ModelsTests/bin/Debug/ModelsTests.DLL" adapterTypeName="Microsoft.VisualStudio.TestTools.TestTypes.Unit.UnitTestAdapter, Microsoft.VisualStudio.QualityTools.Tips.UnitTest.Adapter, Version=10.0.0.0, Culture=neutral, PublicKeyToken=b03f5f7f11d50a3a" className="ModelsTests.WSModelTest, ModelsTests, Version=1.0.0.0, Culture=neutral, PublicKeyToken=null" name="DegreeDistributionTest" />
    </UnitTest>
    <UnitTest name="BAClusteringCoefficientTest" storage="c:\users\artak\desktop\complexnetwork\trunk\complex network\modelstests\bin\debug\modelstests.dll" id="c56016bf-aecb-c4e5-dff8-64ee84a7a2fc">
      <Execution timeOut="100000" id="61462b34-6029-4b84-aefb-5360894c2366" />
      <DeploymentItems>
        <DeploymentItem filename="BAModelTestData//BAInput.txt" />
        <DeploymentItem filename="BAModelTestData//BAOutput.xml" />
      </DeploymentItems>
      <TestMethod codeBase="C:/Users/Artak/Desktop/complexnetwork/trunk/Complex Network/ModelsTests/bin/Debug/ModelsTests.DLL" adapterTypeName="Microsoft.VisualStudio.TestTools.TestTypes.Unit.UnitTestAdapter, Microsoft.VisualStudio.QualityTools.Tips.UnitTest.Adapter, Version=10.0.0.0, Culture=neutral, PublicKeyToken=b03f5f7f11d50a3a" className="ModelsTests.BAModelTest, ModelsTests, Version=1.0.0.0, Culture=neutral, PublicKeyToken=null" name="BAClusteringCoefficientTest" />
    </UnitTest>
    <UnitTest name="BACyclesTest" storage="c:\users\artak\desktop\complexnetwork\trunk\complex network\modelstests\bin\debug\modelstests.dll" id="1d3d5e79-fa88-2af3-4d68-29ce0a970817">
      <Execution timeOut="100000" id="f50d43dd-4513-4d82-9255-6c69817fd60d" />
      <DeploymentItems>
        <DeploymentItem filename="BAModelTestData//BAInput.txt" />
        <DeploymentItem filename="BAModelTestData//BAOutput.xml" />
      </DeploymentItems>
      <TestMethod codeBase="C:/Users/Artak/Desktop/complexnetwork/trunk/Complex Network/ModelsTests/bin/Debug/ModelsTests.DLL" adapterTypeName="Microsoft.VisualStudio.TestTools.TestTypes.Unit.UnitTestAdapter, Microsoft.VisualStudio.QualityTools.Tips.UnitTest.Adapter, Version=10.0.0.0, Culture=neutral, PublicKeyToken=b03f5f7f11d50a3a" className="ModelsTests.BAModelTest, ModelsTests, Version=1.0.0.0, Culture=neutral, PublicKeyToken=null" name="BACyclesTest" />
    </UnitTest>
    <UnitTest name="DistEigenPathTest" storage="c:\users\artak\desktop\complexnetwork\trunk\complex network\modelstests\bin\debug\modelstests.dll" id="b4a11777-b4fb-ab62-177f-71796b5cfcb5">
      <Execution timeOut="100" id="dbc7c23b-7054-45af-8e83-0e066d21da40" />
      <DeploymentItems>
        <DeploymentItem filename="WSModelTestData//WSInput.txt" />
        <DeploymentItem filename="WSModelTestData//WSOutput.xml" />
      </DeploymentItems>
      <TestMethod codeBase="C:/Users/Artak/Desktop/complexnetwork/trunk/Complex Network/ModelsTests/bin/Debug/ModelsTests.DLL" adapterTypeName="Microsoft.VisualStudio.TestTools.TestTypes.Unit.UnitTestAdapter, Microsoft.VisualStudio.QualityTools.Tips.UnitTest.Adapter, Version=10.0.0.0, Culture=neutral, PublicKeyToken=b03f5f7f11d50a3a" className="ModelsTests.WSModelTest, ModelsTests, Version=1.0.0.0, Culture=neutral, PublicKeyToken=null" name="DistEigenPathTest" />
    </UnitTest>
  </TestDefinitions>
  <TestLists>
    <TestList name="Results Not in a List" id="8c84fa94-04c1-424b-9868-57a2d4851a1d" />
    <TestList name="All Loaded Results" id="19431567-8539-422a-85d7-44ee4e166bda" />
  </TestLists>
  <TestEntries>
    <TestEntry testId="09e4d43b-2f83-86ac-6f1b-70381c9c9a71" executionId="e5774be5-c2bf-4c95-887a-c55285a05b3d" testListId="8c84fa94-04c1-424b-9868-57a2d4851a1d" />
    <TestEntry testId="10236cba-9b57-dfe0-f372-5bdd2158aba9" executionId="305bbe06-8a2c-46fe-a74a-4a422cd04234" testListId="8c84fa94-04c1-424b-9868-57a2d4851a1d" />
    <TestEntry testId="1d3d5e79-fa88-2af3-4d68-29ce0a970817" executionId="1e144b08-5827-4816-be0e-691aa1e97a9c" testListId="8c84fa94-04c1-424b-9868-57a2d4851a1d" />
    <TestEntry testId="241c850e-1767-20c7-3823-7cdb3a877002" executionId="61b654d6-957d-487a-95de-a13a62901eb8" testListId="8c84fa94-04c1-424b-9868-57a2d4851a1d" />
    <TestEntry testId="279e726c-ee8d-0c66-4427-5552d22e7a5f" executionId="03a075b0-d74b-4e1a-8a4c-eefb04bae8ba" testListId="8c84fa94-04c1-424b-9868-57a2d4851a1d" />
    <TestEntry testId="36cc869a-4de0-8973-837e-295f29c8dc78" executionId="191640fb-debb-4cba-9bd1-820d18dabc32" testListId="8c84fa94-04c1-424b-9868-57a2d4851a1d" />
    <TestEntry testId="3f376ebd-9216-9dd2-7561-8164ec7518ba" executionId="8e63bfc0-2194-407b-882c-1ae11593c8d7" testListId="8c84fa94-04c1-424b-9868-57a2d4851a1d" />
    <TestEntry testId="3f6ee0d3-3570-2b7e-4bab-37a89495a94e" executionId="4239e44b-01a5-4c55-addd-bfd03d32dcd4" testListId="8c84fa94-04c1-424b-9868-57a2d4851a1d" />
    <TestEntry testId="4786793d-692a-fc8b-6e30-86a5570e82b7" executionId="6749c09a-06f2-4d09-8d22-b50308fea430" testListId="8c84fa94-04c1-424b-9868-57a2d4851a1d" />
    <TestEntry testId="490b5308-3b85-07ed-c42b-c14e2d465265" executionId="b9614635-6810-4e84-832e-5d9e43ef8c20" testListId="8c84fa94-04c1-424b-9868-57a2d4851a1d" />
    <TestEntry testId="4d5520e0-f64f-3d1c-bed2-44b4d9347d22" executionId="794fae85-3756-4fb6-b74d-ccdf709110c4" testListId="8c84fa94-04c1-424b-9868-57a2d4851a1d" />
    <TestEntry testId="4f18a51e-7135-51c7-cdfd-e029c9ebd5a5" executionId="54df535b-7b85-4502-a0fa-23666933ce8c" testListId="8c84fa94-04c1-424b-9868-57a2d4851a1d" />
    <TestEntry testId="529ca51b-424a-1e19-e041-295f6fe62ce4" executionId="f8a17b78-a706-44a4-854b-20555f984563" testListId="8c84fa94-04c1-424b-9868-57a2d4851a1d" />
    <TestEntry testId="769547a9-708d-428b-1b69-59e0a34bd815" executionId="291fe6ec-67cf-42fe-a17f-987fd0bcefaf" testListId="8c84fa94-04c1-424b-9868-57a2d4851a1d" />
    <TestEntry testId="78ca188d-ecbf-30aa-4302-e4849a978d18" executionId="15a57918-495c-4d4a-9b07-ba5626b21bf0" testListId="8c84fa94-04c1-424b-9868-57a2d4851a1d" />
    <TestEntry testId="895a8e04-2717-39d0-137f-e866ab032d58" executionId="7ee3406d-7517-48b2-8c15-a1bb77776235" testListId="8c84fa94-04c1-424b-9868-57a2d4851a1d" />
    <TestEntry testId="8afb1dd9-d132-f512-1490-26f7fc0202e0" executionId="876baf28-145e-4118-b495-6ebdd2b8dad0" testListId="8c84fa94-04c1-424b-9868-57a2d4851a1d" />
    <TestEntry testId="8c043ffa-8e32-7c78-0198-205244a44069" executionId="a3908191-a811-481e-bdb3-52b90dd46640" testListId="8c84fa94-04c1-424b-9868-57a2d4851a1d" />
    <TestEntry testId="95fc77d0-b4fa-d331-f0c6-2df324ff163a" executionId="e281e772-029d-4755-9897-48e522e71724" testListId="8c84fa94-04c1-424b-9868-57a2d4851a1d" />
    <TestEntry testId="9be689a9-7c18-e9b4-6583-fd2d175e0827" executionId="1aa08c7f-335f-4ec4-977f-801b68338857" testListId="8c84fa94-04c1-424b-9868-57a2d4851a1d" />
    <TestEntry testId="9d7ce3ef-7f17-a6cd-3048-24c367acdc29" executionId="f925e3b0-710c-4563-9baf-a9b059019648" testListId="8c84fa94-04c1-424b-9868-57a2d4851a1d" />
    <TestEntry testId="aa3a78ac-0648-f256-c670-e431f6385b6f" executionId="dbc85d11-5779-44e6-b034-cca92e869b3f" testListId="8c84fa94-04c1-424b-9868-57a2d4851a1d" />
    <TestEntry testId="b3187619-d33c-cf03-a63b-f80f761ae2cc" executionId="28fdd80e-ce81-42f9-b09c-1a3d48a08d6b" testListId="8c84fa94-04c1-424b-9868-57a2d4851a1d" />
    <TestEntry testId="b4a11777-b4fb-ab62-177f-71796b5cfcb5" executionId="3d2f81e0-0b85-48d2-a245-efbfd4c32ee1" testListId="8c84fa94-04c1-424b-9868-57a2d4851a1d" />
    <TestEntry testId="bc7c2973-70c2-7d8e-2a94-e3623ae0f217" executionId="67782e4e-9efc-4dfc-9af7-53ee74362d6c" testListId="8c84fa94-04c1-424b-9868-57a2d4851a1d" />
    <TestEntry testId="be7bcd70-a5bf-1762-761b-affe1cc141a1" executionId="be03ba8e-cfb5-4061-b161-4a80b362c28b" testListId="8c84fa94-04c1-424b-9868-57a2d4851a1d" />
    <TestEntry testId="c56016bf-aecb-c4e5-dff8-64ee84a7a2fc" executionId="df91f89e-f069-4c76-9902-a720dcfc2690" testListId="8c84fa94-04c1-424b-9868-57a2d4851a1d" />
    <TestEntry testId="da08eff5-3c25-929c-4b85-c7f90857ef0a" executionId="fccf23d5-4eac-4e97-b5d8-776ba1265c23" testListId="8c84fa94-04c1-424b-9868-57a2d4851a1d" />
    <TestEntry testId="de3eba91-9142-ae92-71e7-a0b12b643760" executionId="839c4a55-f16f-4e30-a687-d7c494b15d31" testListId="8c84fa94-04c1-424b-9868-57a2d4851a1d" />
    <TestEntry testId="e836ab81-dd67-5300-249c-d7748cc04eb3" executionId="96c034f4-a186-4db1-a9b0-916b383690cc" testListId="8c84fa94-04c1-424b-9868-57a2d4851a1d" />
    <TestEntry testId="ec1ad126-00b5-99f5-d9cf-d01acf6f658d" executionId="909b18a8-8687-4bf6-9bb9-6c05db5d1017" testListId="8c84fa94-04c1-424b-9868-57a2d4851a1d" />
    <TestEntry testId="f1a0d255-0c61-cfee-ec58-91993a16ce5b" executionId="0dd4ea24-efe1-4e07-a9f4-6230a8186fc9" testListId="8c84fa94-04c1-424b-9868-57a2d4851a1d" />
  </TestEntries>
  <Results>
    <UnitTestResult executionId="e5774be5-c2bf-4c95-887a-c55285a05b3d" testId="09e4d43b-2f83-86ac-6f1b-70381c9c9a71" testName="Cycles3Test" computerName="ARTAK-PC" testType="13cdc9d9-ddb5-4fa4-a97d-d965ccfc6d4b" outcome="NotExecuted" testListId="8c84fa94-04c1-424b-9868-57a2d4851a1d" relativeResultsDirectory="e5774be5-c2bf-4c95-887a-c55285a05b3d">
    </UnitTestResult>
    <UnitTestResult executionId="305bbe06-8a2c-46fe-a74a-4a422cd04234" testId="10236cba-9b57-dfe0-f372-5bdd2158aba9" testName="AveragePathTest" computerName="ARTAK-PC" testType="13cdc9d9-ddb5-4fa4-a97d-d965ccfc6d4b" outcome="NotExecuted" testListId="8c84fa94-04c1-424b-9868-57a2d4851a1d" relativeResultsDirectory="305bbe06-8a2c-46fe-a74a-4a422cd04234">
    </UnitTestResult>
    <UnitTestResult executionId="1e144b08-5827-4816-be0e-691aa1e97a9c" testId="1d3d5e79-fa88-2af3-4d68-29ce0a970817" testName="BACyclesTest" computerName="ARTAK-PC" testType="13cdc9d9-ddb5-4fa4-a97d-d965ccfc6d4b" outcome="NotExecuted" testListId="8c84fa94-04c1-424b-9868-57a2d4851a1d" relativeResultsDirectory="1e144b08-5827-4816-be0e-691aa1e97a9c">
    </UnitTestResult>
    <UnitTestResult executionId="61b654d6-957d-487a-95de-a13a62901eb8" testId="241c850e-1767-20c7-3823-7cdb3a877002" testName="ERMinPathDistTest" computerName="ARTAK-PC" testType="13cdc9d9-ddb5-4fa4-a97d-d965ccfc6d4b" outcome="NotExecuted" testListId="8c84fa94-04c1-424b-9868-57a2d4851a1d" relativeResultsDirectory="61b654d6-957d-487a-95de-a13a62901eb8">
    </UnitTestResult>
    <UnitTestResult executionId="03a075b0-d74b-4e1a-8a4c-eefb04bae8ba" testId="279e726c-ee8d-0c66-4427-5552d22e7a5f" testName="FullSubGraphTest" computerName="ARTAK-PC" testType="13cdc9d9-ddb5-4fa4-a97d-d965ccfc6d4b" outcome="NotExecuted" testListId="8c84fa94-04c1-424b-9868-57a2d4851a1d" relativeResultsDirectory="03a075b0-d74b-4e1a-8a4c-eefb04bae8ba">
    </UnitTestResult>
    <UnitTestResult executionId="191640fb-debb-4cba-9bd1-820d18dabc32" testId="36cc869a-4de0-8973-837e-295f29c8dc78" testName="BADistEigenPathTest" computerName="ARTAK-PC" testType="13cdc9d9-ddb5-4fa4-a97d-d965ccfc6d4b" outcome="NotExecuted" testListId="8c84fa94-04c1-424b-9868-57a2d4851a1d" relativeResultsDirectory="191640fb-debb-4cba-9bd1-820d18dabc32">
    </UnitTestResult>
    <UnitTestResult executionId="8e63bfc0-2194-407b-882c-1ae11593c8d7" testId="3f376ebd-9216-9dd2-7561-8164ec7518ba" testName="ERCycles3Test" computerName="ARTAK-PC" testType="13cdc9d9-ddb5-4fa4-a97d-d965ccfc6d4b" outcome="NotExecuted" testListId="8c84fa94-04c1-424b-9868-57a2d4851a1d" relativeResultsDirectory="8e63bfc0-2194-407b-882c-1ae11593c8d7">
    </UnitTestResult>
    <UnitTestResult executionId="4239e44b-01a5-4c55-addd-bfd03d32dcd4" testId="3f6ee0d3-3570-2b7e-4bab-37a89495a94e" testName="EigenValueTest" computerName="ARTAK-PC" testType="13cdc9d9-ddb5-4fa4-a97d-d965ccfc6d4b" outcome="NotExecuted" testListId="8c84fa94-04c1-424b-9868-57a2d4851a1d" relativeResultsDirectory="4239e44b-01a5-4c55-addd-bfd03d32dcd4">
    </UnitTestResult>
    <UnitTestResult executionId="6749c09a-06f2-4d09-8d22-b50308fea430" testId="4786793d-692a-fc8b-6e30-86a5570e82b7" testName="ERCycles4Test" computerName="ARTAK-PC" testType="13cdc9d9-ddb5-4fa4-a97d-d965ccfc6d4b" outcome="NotExecuted" testListId="8c84fa94-04c1-424b-9868-57a2d4851a1d" relativeResultsDirectory="6749c09a-06f2-4d09-8d22-b50308fea430">
    </UnitTestResult>
    <UnitTestResult executionId="b9614635-6810-4e84-832e-5d9e43ef8c20" testId="490b5308-3b85-07ed-c42b-c14e2d465265" testName="ERCyclesTest" computerName="ARTAK-PC" testType="13cdc9d9-ddb5-4fa4-a97d-d965ccfc6d4b" outcome="NotExecuted" testListId="8c84fa94-04c1-424b-9868-57a2d4851a1d" relativeResultsDirectory="b9614635-6810-4e84-832e-5d9e43ef8c20">
    </UnitTestResult>
    <UnitTestResult executionId="794fae85-3756-4fb6-b74d-ccdf709110c4" testId="4d5520e0-f64f-3d1c-bed2-44b4d9347d22" testName="Cycles4Test" computerName="ARTAK-PC" testType="13cdc9d9-ddb5-4fa4-a97d-d965ccfc6d4b" outcome="NotExecuted" testListId="8c84fa94-04c1-424b-9868-57a2d4851a1d" relativeResultsDirectory="794fae85-3756-4fb6-b74d-ccdf709110c4">
    </UnitTestResult>
    <UnitTestResult executionId="54df535b-7b85-4502-a0fa-23666933ce8c" testId="4f18a51e-7135-51c7-cdfd-e029c9ebd5a5" testName="BAMinPathDistTest" computerName="ARTAK-PC" testType="13cdc9d9-ddb5-4fa4-a97d-d965ccfc6d4b" outcome="NotExecuted" testListId="8c84fa94-04c1-424b-9868-57a2d4851a1d" relativeResultsDirectory="54df535b-7b85-4502-a0fa-23666933ce8c">
    </UnitTestResult>
    <UnitTestResult executionId="f8a17b78-a706-44a4-854b-20555f984563" testId="529ca51b-424a-1e19-e041-295f6fe62ce4" testName="BAAveragePathTest" computerName="ARTAK-PC" testType="13cdc9d9-ddb5-4fa4-a97d-d965ccfc6d4b" outcome="NotExecuted" testListId="8c84fa94-04c1-424b-9868-57a2d4851a1d" relativeResultsDirectory="f8a17b78-a706-44a4-854b-20555f984563">
    </UnitTestResult>
    <UnitTestResult executionId="291fe6ec-67cf-42fe-a17f-987fd0bcefaf" testId="769547a9-708d-428b-1b69-59e0a34bd815" testName="ERFullSubGraphTest" computerName="ARTAK-PC" testType="13cdc9d9-ddb5-4fa4-a97d-d965ccfc6d4b" outcome="NotExecuted" testListId="8c84fa94-04c1-424b-9868-57a2d4851a1d" relativeResultsDirectory="291fe6ec-67cf-42fe-a17f-987fd0bcefaf">
    </UnitTestResult>
    <UnitTestResult executionId="15a57918-495c-4d4a-9b07-ba5626b21bf0" testId="78ca188d-ecbf-30aa-4302-e4849a978d18" testName="BAFullSubGraphTest" computerName="ARTAK-PC" testType="13cdc9d9-ddb5-4fa4-a97d-d965ccfc6d4b" outcome="NotExecuted" testListId="8c84fa94-04c1-424b-9868-57a2d4851a1d" relativeResultsDirectory="15a57918-495c-4d4a-9b07-ba5626b21bf0">
    </UnitTestResult>
    <UnitTestResult executionId="7ee3406d-7517-48b2-8c15-a1bb77776235" testId="895a8e04-2717-39d0-137f-e866ab032d58" testName="MinPathDistTest" computerName="ARTAK-PC" testType="13cdc9d9-ddb5-4fa4-a97d-d965ccfc6d4b" outcome="NotExecuted" testListId="8c84fa94-04c1-424b-9868-57a2d4851a1d" relativeResultsDirectory="7ee3406d-7517-48b2-8c15-a1bb77776235">
    </UnitTestResult>
    <UnitTestResult executionId="876baf28-145e-4118-b495-6ebdd2b8dad0" testId="8afb1dd9-d132-f512-1490-26f7fc0202e0" testName="BAEigenValueTest" computerName="ARTAK-PC" testType="13cdc9d9-ddb5-4fa4-a97d-d965ccfc6d4b" outcome="NotExecuted" testListId="8c84fa94-04c1-424b-9868-57a2d4851a1d" relativeResultsDirectory="876baf28-145e-4118-b495-6ebdd2b8dad0">
    </UnitTestResult>
    <UnitTestResult executionId="a3908191-a811-481e-bdb3-52b90dd46640" testId="8c043ffa-8e32-7c78-0198-205244a44069" testName="ERAveragePathTest" computerName="ARTAK-PC" testType="13cdc9d9-ddb5-4fa4-a97d-d965ccfc6d4b" outcome="NotExecuted" testListId="8c84fa94-04c1-424b-9868-57a2d4851a1d" relativeResultsDirectory="a3908191-a811-481e-bdb3-52b90dd46640">
    </UnitTestResult>
    <UnitTestResult executionId="e281e772-029d-4755-9897-48e522e71724" testId="95fc77d0-b4fa-d331-f0c6-2df324ff163a" testName="CyclesTest" computerName="ARTAK-PC" testType="13cdc9d9-ddb5-4fa4-a97d-d965ccfc6d4b" outcome="NotExecuted" testListId="8c84fa94-04c1-424b-9868-57a2d4851a1d" relativeResultsDirectory="e281e772-029d-4755-9897-48e522e71724">
    </UnitTestResult>
    <UnitTestResult executionId="1aa08c7f-335f-4ec4-977f-801b68338857" testId="9be689a9-7c18-e9b4-6583-fd2d175e0827" testName="ERDistEigenPathTest" computerName="ARTAK-PC" testType="13cdc9d9-ddb5-4fa4-a97d-d965ccfc6d4b" outcome="NotExecuted" testListId="8c84fa94-04c1-424b-9868-57a2d4851a1d" relativeResultsDirectory="1aa08c7f-335f-4ec4-977f-801b68338857">
    </UnitTestResult>
    <UnitTestResult executionId="f925e3b0-710c-4563-9baf-a9b059019648" testId="9d7ce3ef-7f17-a6cd-3048-24c367acdc29" testName="BACycles3Test" computerName="ARTAK-PC" testType="13cdc9d9-ddb5-4fa4-a97d-d965ccfc6d4b" outcome="NotExecuted" testListId="8c84fa94-04c1-424b-9868-57a2d4851a1d" relativeResultsDirectory="f925e3b0-710c-4563-9baf-a9b059019648">
    </UnitTestResult>
    <UnitTestResult executionId="dbc85d11-5779-44e6-b034-cca92e869b3f" testId="aa3a78ac-0648-f256-c670-e431f6385b6f" testName="ClusteringCoefficientTest" computerName="ARTAK-PC" testType="13cdc9d9-ddb5-4fa4-a97d-d965ccfc6d4b" outcome="NotExecuted" testListId="8c84fa94-04c1-424b-9868-57a2d4851a1d" relativeResultsDirectory="dbc85d11-5779-44e6-b034-cca92e869b3f">
    </UnitTestResult>
    <UnitTestResult executionId="28fdd80e-ce81-42f9-b09c-1a3d48a08d6b" testId="b3187619-d33c-cf03-a63b-f80f761ae2cc" testName="ERClusteringCoefficientTest" computerName="ARTAK-PC" testType="13cdc9d9-ddb5-4fa4-a97d-d965ccfc6d4b" outcome="NotExecuted" testListId="8c84fa94-04c1-424b-9868-57a2d4851a1d" relativeResultsDirectory="28fdd80e-ce81-42f9-b09c-1a3d48a08d6b">
    </UnitTestResult>
    <UnitTestResult executionId="3d2f81e0-0b85-48d2-a245-efbfd4c32ee1" testId="b4a11777-b4fb-ab62-177f-71796b5cfcb5" testName="DistEigenPathTest" computerName="ARTAK-PC" testType="13cdc9d9-ddb5-4fa4-a97d-d965ccfc6d4b" outcome="NotExecuted" testListId="8c84fa94-04c1-424b-9868-57a2d4851a1d" relativeResultsDirectory="3d2f81e0-0b85-48d2-a245-efbfd4c32ee1">
    </UnitTestResult>
    <UnitTestResult executionId="67782e4e-9efc-4dfc-9af7-53ee74362d6c" testId="bc7c2973-70c2-7d8e-2a94-e3623ae0f217" testName="ERDegreeDistributionTest" computerName="ARTAK-PC" testType="13cdc9d9-ddb5-4fa4-a97d-d965ccfc6d4b" outcome="NotExecuted" testListId="8c84fa94-04c1-424b-9868-57a2d4851a1d" relativeResultsDirectory="67782e4e-9efc-4dfc-9af7-53ee74362d6c">
    </UnitTestResult>
    <UnitTestResult executionId="be03ba8e-cfb5-4061-b161-4a80b362c28b" testId="be7bcd70-a5bf-1762-761b-affe1cc141a1" testName="BACycles4Test" computerName="ARTAK-PC" testType="13cdc9d9-ddb5-4fa4-a97d-d965ccfc6d4b" outcome="NotExecuted" testListId="8c84fa94-04c1-424b-9868-57a2d4851a1d" relativeResultsDirectory="be03ba8e-cfb5-4061-b161-4a80b362c28b">
    </UnitTestResult>
    <UnitTestResult executionId="df91f89e-f069-4c76-9902-a720dcfc2690" testId="c56016bf-aecb-c4e5-dff8-64ee84a7a2fc" testName="BAClusteringCoefficientTest" computerName="ARTAK-PC" testType="13cdc9d9-ddb5-4fa4-a97d-d965ccfc6d4b" outcome="NotExecuted" testListId="8c84fa94-04c1-424b-9868-57a2d4851a1d" relativeResultsDirectory="df91f89e-f069-4c76-9902-a720dcfc2690">
    </UnitTestResult>
    <UnitTestResult executionId="fccf23d5-4eac-4e97-b5d8-776ba1265c23" testId="da08eff5-3c25-929c-4b85-c7f90857ef0a" testName="EREigenValueTest" computerName="ARTAK-PC" testType="13cdc9d9-ddb5-4fa4-a97d-d965ccfc6d4b" outcome="NotExecuted" testListId="8c84fa94-04c1-424b-9868-57a2d4851a1d" relativeResultsDirectory="fccf23d5-4eac-4e97-b5d8-776ba1265c23">
    </UnitTestResult>
    <UnitTestResult executionId="839c4a55-f16f-4e30-a687-d7c494b15d31" testId="de3eba91-9142-ae92-71e7-a0b12b643760" testName="BADegreeDistributionTest" computerName="ARTAK-PC" testType="13cdc9d9-ddb5-4fa4-a97d-d965ccfc6d4b" outcome="NotExecuted" testListId="8c84fa94-04c1-424b-9868-57a2d4851a1d" relativeResultsDirectory="839c4a55-f16f-4e30-a687-d7c494b15d31">
    </UnitTestResult>
    <UnitTestResult executionId="96c034f4-a186-4db1-a9b0-916b383690cc" testId="e836ab81-dd67-5300-249c-d7748cc04eb3" testName="BADiameterTest" computerName="ARTAK-PC" testType="13cdc9d9-ddb5-4fa4-a97d-d965ccfc6d4b" outcome="NotExecuted" testListId="8c84fa94-04c1-424b-9868-57a2d4851a1d" relativeResultsDirectory="96c034f4-a186-4db1-a9b0-916b383690cc">
    </UnitTestResult>
    <UnitTestResult executionId="909b18a8-8687-4bf6-9bb9-6c05db5d1017" testId="ec1ad126-00b5-99f5-d9cf-d01acf6f658d" testName="BAMotivesTest" computerName="ARTAK-PC" testType="13cdc9d9-ddb5-4fa4-a97d-d965ccfc6d4b" outcome="NotExecuted" testListId="8c84fa94-04c1-424b-9868-57a2d4851a1d" relativeResultsDirectory="909b18a8-8687-4bf6-9bb9-6c05db5d1017">
    </UnitTestResult>
    <UnitTestResult executionId="0dd4ea24-efe1-4e07-a9f4-6230a8186fc9" testId="f1a0d255-0c61-cfee-ec58-91993a16ce5b" testName="DegreeDistributionTest" computerName="ARTAK-PC" testType="13cdc9d9-ddb5-4fa4-a97d-d965ccfc6d4b" outcome="NotExecuted" testListId="8c84fa94-04c1-424b-9868-57a2d4851a1d" relativeResultsDirectory="0dd4ea24-efe1-4e07-a9f4-6230a8186fc9">
    </UnitTestResult>
  </Results>
</TestRun>